[2020/04/27-15:43:40.787] [FT-TrainWorkThread-FAXZWRkU-1783] [INFO] [dku.analysis.prediction]  - ******************************************
[2020/04/27-15:43:40.789] [FT-TrainWorkThread-FAXZWRkU-1783] [INFO] [dku.analysis.prediction]  - ** Start train session s1
[2020/04/27-15:43:40.790] [FT-TrainWorkThread-FAXZWRkU-1783] [INFO] [dku.analysis.prediction]  - ******************************************
[2020/04/27-15:43:40.796] [FT-TrainWorkThread-FAXZWRkU-1783] [INFO] [dku.shaker.data] T-bN8FvxtW - [ct: 9] Need to compute sampleId before checking memory cache
[2020/04/27-15:43:40.797] [FT-TrainWorkThread-FAXZWRkU-1783] [DEBUG] [dip.shaker.runner] T-bN8FvxtW - [ct: 10] Script settings sampleMax=104857600 processedMax=-1
[2020/04/27-15:43:40.799] [FT-TrainWorkThread-FAXZWRkU-1783] [DEBUG] [dip.shaker.runner] T-bN8FvxtW - [ct: 12] Processing with sampleMax=104857600 processedMax=524288000
[2020/04/27-15:43:40.801] [FT-TrainWorkThread-FAXZWRkU-1783] [DEBUG] [dip.shaker.runner] T-bN8FvxtW - [ct: 14] Computed required sample id : 30fd6026d93dbe5dfdb7f28e23367b6d-NA-31c57f559ab672625afa057353f0de860--d751713988987e9331980363e24189ce
[2020/04/27-15:43:40.804] [FT-TrainWorkThread-FAXZWRkU-1783] [DEBUG] [dku.shaker.cache] T-bN8FvxtW - Shaker MemoryCache get on FORTUNE500.fortune500_train key=ds=4a1375742d50c272f372055414ea5c0d--scr=cce886f940c6d33ca0d03539a30d5e5a--samp=30fd6026d93dbe5dfdb7f28e23367b6d-NA-31c57f559ab672625afa057353f0de860--d751713988987e9331980363e24189ce: hit
[2020/04/27-15:43:40.810] [FT-TrainWorkThread-FAXZWRkU-1783] [INFO] [dku.shaker.schema] T-bN8FvxtW - [ct: 23] Column Year meaning=LongMeaning fail=0
[2020/04/27-15:43:40.813] [FT-TrainWorkThread-FAXZWRkU-1783] [INFO] [dku.shaker.schema] T-bN8FvxtW - [ct: 26] Column Rank meaning=LongMeaning fail=0
[2020/04/27-15:43:40.815] [FT-TrainWorkThread-FAXZWRkU-1783] [INFO] [dku.shaker.schema] T-bN8FvxtW - [ct: 28] Column Company meaning=Text fail=0
[2020/04/27-15:43:40.816] [FT-TrainWorkThread-FAXZWRkU-1783] [INFO] [dku.shaker.schema] T-bN8FvxtW - [ct: 29] Column Revenue (in millions) meaning=DoubleMeaning fail=0
[2020/04/27-15:43:40.819] [FT-TrainWorkThread-FAXZWRkU-1783] [INFO] [dku.shaker.schema] T-bN8FvxtW - [ct: 32] Column Profit (in millions) meaning=DoubleMeaning fail=0
[2020/04/27-15:43:40.822] [FT-TrainWorkThread-FAXZWRkU-1783] [INFO] [dku.datasets.file] T-bN8FvxtW - [ct: 35] Building Filesystem handler config: {"connection":"filesystem_managed","path":"FORTUNE500/fortune500_train","notReadyIfEmpty":false,"filesSelectionRules":{"mode":"ALL","excludeRules":[],"includeRules":[],"explicitFiles":[]}}
[2020/04/27-15:43:40.823] [FT-TrainWorkThread-FAXZWRkU-1783] [INFO] [dku.datasets.ftplike] T-bN8FvxtW - Enumerating Filesystem dataset prefix=
[2020/04/27-15:43:40.828] [FT-TrainWorkThread-FAXZWRkU-1783] [DEBUG] [dku.fs.local] T-bN8FvxtW - [ct: 41] Enumerating local filesystem prefix=/
[2020/04/27-15:43:40.832] [FT-TrainWorkThread-FAXZWRkU-1783] [DEBUG] [dku.fs.local] T-bN8FvxtW - [ct: 45] Enumeration done nb_paths=1 size=270153
[2020/04/27-15:43:40.833] [FT-TrainWorkThread-FAXZWRkU-1783] [INFO] [dku.input.push] T-bN8FvxtW - USTP: push selection.method=FULL records=100000 ratio=0.02 col=null
[2020/04/27-15:43:40.836] [FT-TrainWorkThread-FAXZWRkU-1783] [INFO] [dku.format] T-bN8FvxtW - [ct: 49] Extractor run: limit={"maxBytes":-1,"maxRecords":-1,"ordering":{"enabled":false,"rules":[]}} totalRecords=0
[2020/04/27-15:43:40.837] [FT-TrainWorkThread-FAXZWRkU-1783] [INFO] [dku] T-bN8FvxtW - getCompression filename=**out-s0.csv.gz**
[2020/04/27-15:43:40.840] [FT-TrainWorkThread-FAXZWRkU-1783] [INFO] [dku] T-bN8FvxtW - getCompression filename=**out-s0.csv.gz**
[2020/04/27-15:43:40.841] [FT-TrainWorkThread-FAXZWRkU-1783] [INFO] [dku.format] T-bN8FvxtW - [ct: 54] Start compressed [GZIP] stream: /Users/gerryleonugroho/Library/DataScienceStudio/dss_home/managed_datasets/FORTUNE500/fortune500_train/out-s0.csv.gz / totalRecsBefore=0
[2020/04/27-15:43:40.844] [FT-TrainWorkThread-FAXZWRkU-1783] [INFO] [dku] T-bN8FvxtW - getCompression filename=**out-s0.csv.gz**
[2020/04/27-15:43:40.846] [FT-TrainWorkThread-FAXZWRkU-1783] [INFO] [dku] T-bN8FvxtW - getCompression filename=**out-s0.csv.gz**
[2020/04/27-15:43:41.373] [FT-TrainWorkThread-FAXZWRkU-1783] [INFO] [dku.format] T-bN8FvxtW - [ct: 586] after stream totalComp=270153 totalUncomp=865764 totalRec=25131
[2020/04/27-15:43:41.374] [FT-TrainWorkThread-FAXZWRkU-1783] [INFO] [dku.format] T-bN8FvxtW - [ct: 587] Extractor run done, totalCompressed=270153 totalRecords=25131
[2020/04/27-15:43:41.384] [FT-TrainWorkThread-FAXZWRkU-1783] [INFO] [dku.analysis.splits] T-bN8FvxtW - [ct: 597] Checking if splits are up to date. Policy: type=SPLIT_SINGLE_DATASET,split=RANDOM,splitBeforePrepare=true,ds=fortune500_train,sel=(method=full),r=0.8,s=1337, instance id: 725edbdf27066425d153bb936a0c8eb4-0
[2020/04/27-15:43:41.388] [FT-TrainWorkThread-FAXZWRkU-1783] [INFO] [dku.analysis.splits] T-bN8FvxtW - [ct: 601] Search for split: p=type=SPLIT_SINGLE_DATASET,split=RANDOM,splitBeforePrepare=true,ds=fortune500_train,sel=(method=full),r=0.8,s=1337 i=725edbdf27066425d153bb936a0c8eb4-0
[2020/04/27-15:43:41.393] [FT-TrainWorkThread-FAXZWRkU-1783] [INFO] [dku.analysis.splits] T-bN8FvxtW - [ct: 606] Search for split: p=type=SPLIT_SINGLE_DATASET,split=RANDOM,splitBeforePrepare=true,ds=fortune500_train,sel=(method=full),r=0.8,s=1337 i=725edbdf27066425d153bb936a0c8eb4-0
[2020/04/27-15:43:41.400] [MRT-1785] [INFO] [dku.analysis.ml.python]  - Running a preprocessing set: pp2 in /Users/gerryleonugroho/Library/DataScienceStudio/dss_home/analysis-data/FORTUNE500/yHY7DSLk/bN8FvxtW/sessions/s1/pp2
[2020/04/27-15:43:41.400] [FT-TrainWorkThread-FAXZWRkU-1783] [INFO] [dku.analysis.ml.python] T-bN8FvxtW - Joining processing thread ...
[2020/04/27-15:43:41.401] [MRT-1785] [INFO] [dku.block.link]  - Started a socket on port 54786
[2020/04/27-15:43:41.405] [MRT-1785] [INFO] [dku.ml.kernel]  - Writing output of python-single-command-kernel to /Users/gerryleonugroho/Library/DataScienceStudio/dss_home/analysis-data/FORTUNE500/yHY7DSLk/bN8FvxtW/sessions/s1/pp2/train.log
[2020/04/27-15:43:41.406] [MRT-1785] [INFO] [dku.code.envs.resolution]  - Executing Python activity in builtin env
[2020/04/27-15:43:41.407] [MRT-1785] [WARN] [dku.code.projectLibs]  - External libraries file not found: /Users/gerryleonugroho/Library/DataScienceStudio/dss_home/config/projects/FORTUNE500/lib/external-libraries.json
[2020/04/27-15:43:41.409] [MRT-1785] [INFO] [dku.code.projectLibs]  - EXTERNAL LIBS FROM FORTUNE500 is {"gitReferences":{},"pythonPath":["python"],"rsrcPath":["R"],"importLibrariesFromProjects":[]}
[2020/04/27-15:43:41.411] [MRT-1785] [INFO] [dku.code.projectLibs]  - chunkFolder is /Users/gerryleonugroho/Library/DataScienceStudio/dss_home/config/projects/FORTUNE500/lib/R
[2020/04/27-15:43:41.414] [MRT-1785] [INFO] [dku.python.single_command.kernel]  - Starting Python process for kernel  python-single-command-kernel
[2020/04/27-15:43:41.419] [MRT-1785] [INFO] [dip.tickets]  - Creating API ticket for analysis-ml-FORTUNE500-JkYabtd on behalf of admin id=analysis-ml-FORTUNE500-JkYabtd_OcUfYNmkesYX
[2020/04/27-15:43:41.421] [MRT-1785] [INFO] [dku.security.process]  - Starting process (regular)
[2020/04/27-15:43:41.447] [MRT-1785] [INFO] [dku.security.process]  - Process started with pid=4403
[2020/04/27-15:43:41.448] [MRT-1785] [INFO] [dku.processes.cgroups]  - Will use cgroups []
[2020/04/27-15:43:41.450] [MRT-1785] [INFO] [dku.processes.cgroups]  - Applying rules to used cgroups: []
Installing debugging signal handler
[2020-04-27 15:43:47,879] [4403/MainThread] [INFO] [root] Connecting to parent at port 54786
[2020-04-27 15:43:47,882] [4403/MainThread] [INFO] [root] Connected to parent at port 54786
[2020/04/27-15:43:47.883] [MRT-1785] [INFO] [dku.link.secret_protected]  - Connected to kernel
[2020/04/27-15:43:47.886] [MRT-1785] [INFO] [dku.block.link.interaction]  - Execute link command respClazz=true respTypeToken=false respIsString=false is=false asyncInputStream=false os=false
[2020-04-27 15:43:51,586] [4403/MainThread] [INFO] [root] Running analysis command: train_prediction_models_nosave
[2020-04-27 15:43:51,589] [4403/MainThread] [INFO] [dataiku.doctor.commands] PPS is {u'preprocessingFitSampleSeed': 1337, u'feature_selection_params': {u'custom_params': {u'code': u'# type your code here'}, u'pca_params': {u'variance_proportion': 0.9, u'n_features': 25}, u'random_forest_params': {u'depth': 10, u'n_features': 25, u'n_trees': 30}, u'lasso_params': {u'alpha': [0.01, 0.1, 1.0, 10.0, 100.0], u'cross_validate': True}, u'method': u'NONE', u'correlation_params': {u'n_features': 25, u'min_abs_correlation': 0.0}}, u'preprocessingFitSampleRatio': 1.0, u'reduce': {u'enabled': False, u'kept_variance': 0.0}, u'skipPreprocessing': False, u'target_remapping': [], u'per_feature': {u'Revenue (in millions)': {u'generate_derivative': False, u'sendToInput': u'main', u'rescaling': u'AVGSTD', u'role': u'INPUT', u'customHandlingCode': u'', u'customProcessorWantsMatrix': False, u'numerical_handling': u'REGULAR', u'binarize_threshold_mode': u'MEDIAN', u'state': {u'userModified': False, u'recordedMeaning': u'DoubleMeaning', u'autoModifiedByDSS': False}, u'missing_handling': u'IMPUTE', u'binarize_constant_threshold': 0.0, u'quantile_bin_nb_bins': 4, u'missing_impute_with': u'MEAN', u'type': u'NUMERIC', u'impute_constant_value': 0.0}, u'Company': {u'missing_impute_with': u'MODE', u'customProcessorWantsMatrix': False, u'customHandlingCode': u'', u'category_handling': u'DUMMIFY', u'cumulative_proportion': 0.95, u'sendToInput': u'main', u'state': {u'userModified': False, u'recordedMeaning': u'Text', u'autoModifiedByDSS': False}, u'missing_handling': u'NONE', u'max_nb_categories': 100, u'dummy_clip': u'MAX_NB_CATEGORIES', u'role': u'INPUT', u'max_cat_safety': 200, u'min_samples': 10, u'type': u'CATEGORY', u'dummy_drop': u'DROP'}, u'Profit (in millions)': {u'generate_derivative': False, u'customHandlingCode': u'', u'customProcessorWantsMatrix': False, u'sendToInput': u'main', u'binarize_threshold_mode': u'MEDIAN', u'state': {u'userModified': False, u'recordedMeaning': u'DoubleMeaning', u'autoModifiedByDSS': False}, u'role': u'TARGET', u'binarize_constant_threshold': 0.0, u'quantile_bin_nb_bins': 4, u'type': u'NUMERIC', u'impute_constant_value': 0.0}, u'Rank': {u'generate_derivative': False, u'sendToInput': u'main', u'rescaling': u'AVGSTD', u'role': u'INPUT', u'customHandlingCode': u'', u'customProcessorWantsMatrix': False, u'numerical_handling': u'REGULAR', u'binarize_threshold_mode': u'MEDIAN', u'state': {u'userModified': False, u'recordedMeaning': u'LongMeaning', u'autoModifiedByDSS': False}, u'missing_handling': u'IMPUTE', u'binarize_constant_threshold': 0.0, u'quantile_bin_nb_bins': 4, u'missing_impute_with': u'MEAN', u'type': u'NUMERIC', u'impute_constant_value': 0.0}, u'Year': {u'generate_derivative': False, u'sendToInput': u'main', u'rescaling': u'AVGSTD', u'role': u'INPUT', u'customHandlingCode': u'', u'customProcessorWantsMatrix': False, u'numerical_handling': u'REGULAR', u'binarize_threshold_mode': u'MEDIAN', u'state': {u'userModified': False, u'recordedMeaning': u'LongMeaning', u'autoModifiedByDSS': False}, u'missing_handling': u'IMPUTE', u'binarize_constant_threshold': 0.0, u'quantile_bin_nb_bins': 4, u'missing_impute_with': u'MEAN', u'type': u'NUMERIC', u'impute_constant_value': 0.0}}, u'feature_generation': {u'manual_interactions': {u'interactions': []}, u'pairwise_linear': {u'behavior': u'DISABLED'}, u'categoricals_count_transformer': {u'input_features': [], u'all_features': False, u'behavior': u'DISABLED'}, u'polynomial_combinations': {u'behavior': u'DISABLED'}, u'numericals_clustering': {u'k': 0, u'input_features': [], u'all_features': False, u'behavior': u'DISABLED'}}}
[2020-04-27 15:43:51,590] [4403/MainThread] [INFO] [dataiku.doctor.utils.listener] START -  Loading train set
[2020-04-27 15:43:51,591] [4403/MainThread] [INFO] [root] Reading with dtypes: None
[2020-04-27 15:43:51,591] [4403/MainThread] [INFO] [dataiku.doctor.utils] Computed dtype for Year: <type 'numpy.float64'> (schema_type=bigint feature_type=NUMERIC feature_role=INPUT)
[2020-04-27 15:43:51,591] [4403/MainThread] [INFO] [dataiku.doctor.utils] Computed dtype for Rank: <type 'numpy.float64'> (schema_type=bigint feature_type=NUMERIC feature_role=INPUT)
[2020-04-27 15:43:51,591] [4403/MainThread] [INFO] [dataiku.doctor.utils] Computed dtype for Company: str (schema_type=string feature_type=CATEGORY feature_role=INPUT)
[2020-04-27 15:43:51,591] [4403/MainThread] [INFO] [dataiku.doctor.utils] Computed dtype for Revenue (in millions): <type 'numpy.float64'> (schema_type=double feature_type=NUMERIC feature_role=INPUT)
[2020-04-27 15:43:51,591] [4403/MainThread] [INFO] [dataiku.doctor.utils] Computed dtype for Profit (in millions): <type 'numpy.float64'> (schema_type=double feature_type=NUMERIC feature_role=TARGET)
[2020-04-27 15:43:51,591] [4403/MainThread] [INFO] [root] Reading with FIXED dtypes: {u'Revenue (in millions)': <type 'numpy.float64'>, u'Company': 'str', u'Profit (in millions)': <type 'numpy.float64'>, u'Rank': <type 'numpy.float64'>, u'Year': <type 'numpy.float64'>}
[2020-04-27 15:43:51,675] [4403/MainThread] [INFO] [root] Loaded table
[2020-04-27 15:43:51,680] [4403/MainThread] [INFO] [dataiku.doctor.utils]  Coercion done
[2020-04-27 15:43:51,680] [4403/MainThread] [INFO] [dataiku.doctor.commands] Loaded train df: shape=(20120,5)
[2020-04-27 15:43:51,680] [4403/MainThread] [INFO] [dataiku.doctor.commands] Train col : Year (float64)
[2020-04-27 15:43:51,681] [4403/MainThread] [INFO] [dataiku.doctor.commands] Train col : Rank (float64)
[2020-04-27 15:43:51,681] [4403/MainThread] [INFO] [dataiku.doctor.commands] Train col : Company (object)
[2020-04-27 15:43:51,681] [4403/MainThread] [INFO] [dataiku.doctor.commands] Train col : Revenue (in millions) (float64)
[2020-04-27 15:43:51,681] [4403/MainThread] [INFO] [dataiku.doctor.commands] Train col : Profit (in millions) (float64)
[2020-04-27 15:43:51,681] [4403/MainThread] [INFO] [dataiku.doctor.utils.listener] END -  Loading train set
[2020-04-27 15:43:51,681] [4403/MainThread] [INFO] [dataiku.doctor.utils.listener] START -  Loading test set
[2020-04-27 15:43:51,683] [4403/MainThread] [INFO] [root] Reading with dtypes: None
[2020-04-27 15:43:51,683] [4403/MainThread] [INFO] [dataiku.doctor.utils] Computed dtype for Year: <type 'numpy.float64'> (schema_type=bigint feature_type=NUMERIC feature_role=INPUT)
[2020-04-27 15:43:51,683] [4403/MainThread] [INFO] [dataiku.doctor.utils] Computed dtype for Rank: <type 'numpy.float64'> (schema_type=bigint feature_type=NUMERIC feature_role=INPUT)
[2020-04-27 15:43:51,683] [4403/MainThread] [INFO] [dataiku.doctor.utils] Computed dtype for Company: str (schema_type=string feature_type=CATEGORY feature_role=INPUT)
[2020-04-27 15:43:51,684] [4403/MainThread] [INFO] [dataiku.doctor.utils] Computed dtype for Revenue (in millions): <type 'numpy.float64'> (schema_type=double feature_type=NUMERIC feature_role=INPUT)
[2020-04-27 15:43:51,684] [4403/MainThread] [INFO] [dataiku.doctor.utils] Computed dtype for Profit (in millions): <type 'numpy.float64'> (schema_type=double feature_type=NUMERIC feature_role=TARGET)
[2020-04-27 15:43:51,684] [4403/MainThread] [INFO] [root] Reading with FIXED dtypes: {u'Revenue (in millions)': <type 'numpy.float64'>, u'Company': 'str', u'Profit (in millions)': <type 'numpy.float64'>, u'Rank': <type 'numpy.float64'>, u'Year': <type 'numpy.float64'>}
[2020-04-27 15:43:51,708] [4403/MainThread] [INFO] [root] Loaded table
[2020-04-27 15:43:51,708] [4403/MainThread] [INFO] [dataiku.doctor.utils]  Coercion done
[2020-04-27 15:43:51,709] [4403/MainThread] [INFO] [dataiku.doctor.commands] Loaded test df: shape=(5011,5)
[2020-04-27 15:43:51,709] [4403/MainThread] [INFO] [dataiku.doctor.utils.listener] END -  Loading test set
[2020-04-27 15:43:51,709] [4403/MainThread] [INFO] [dataiku.doctor.utils.listener] START -  Collecting statistics
[2020-04-27 15:43:51,709] [4403/MainThread] [INFO] [dataiku.doctor.preprocessing_collector] Looking at Revenue (in millions)... (type=NUMERIC)
[2020-04-27 15:43:51,710] [4403/MainThread] [INFO] [dataiku.doctor.preprocessing_collector] Checking series of type: float64 (isM8=False)
[2020-04-27 15:43:51,717] [4403/MainThread] [INFO] [dataiku.doctor.preprocessing_collector] Looking at Company... (type=CATEGORY)
[2020-04-27 15:43:51,739] [4403/MainThread] [INFO] [dataiku.doctor.preprocessing_collector] Looking at Profit (in millions)... (type=NUMERIC)
[2020-04-27 15:43:51,739] [4403/MainThread] [INFO] [dataiku.doctor.preprocessing_collector] Looking at Rank... (type=NUMERIC)
[2020-04-27 15:43:51,740] [4403/MainThread] [INFO] [dataiku.doctor.preprocessing_collector] Checking series of type: float64 (isM8=False)
[2020-04-27 15:43:51,743] [4403/MainThread] [INFO] [dataiku.doctor.preprocessing_collector] Looking at Year... (type=NUMERIC)
[2020-04-27 15:43:51,743] [4403/MainThread] [INFO] [dataiku.doctor.preprocessing_collector] Checking series of type: float64 (isM8=False)
[2020-04-27 15:43:51,748] [4403/MainThread] [INFO] [dataiku.doctor.utils.listener] END -  Collecting statistics
[2020-04-27 15:43:51,748] [4403/MainThread] [INFO] [dataiku.doctor.multiframe] generating interactions
[2020-04-27 15:43:51,749] [4403/MainThread] [INFO] [dataiku.doctor.multiframe] {u'preprocessingFitSampleSeed': 1337, u'feature_selection_params': {u'custom_params': {u'code': u'# type your code here'}, u'pca_params': {u'variance_proportion': 0.9, u'n_features': 25}, u'random_forest_params': {u'depth': 10, u'n_features': 25, u'n_trees': 30}, u'lasso_params': {u'alpha': [0.01, 0.1, 1.0, 10.0, 100.0], u'cross_validate': True}, u'method': u'NONE', u'correlation_params': {u'n_features': 25, u'min_abs_correlation': 0.0}}, u'preprocessingFitSampleRatio': 1.0, u'reduce': {u'enabled': False, u'kept_variance': 0.0}, u'skipPreprocessing': False, u'target_remapping': [], u'per_feature': {u'Revenue (in millions)': {u'generate_derivative': False, u'sendToInput': u'main', u'rescaling': u'AVGSTD', u'role': u'INPUT', u'customHandlingCode': u'', u'customProcessorWantsMatrix': False, u'numerical_handling': u'REGULAR', u'binarize_threshold_mode': u'MEDIAN', u'state': {u'userModified': False, u'recordedMeaning': u'DoubleMeaning', u'autoModifiedByDSS': False}, u'missing_handling': u'IMPUTE', u'binarize_constant_threshold': 0.0, u'quantile_bin_nb_bins': 4, u'missing_impute_with': u'MEAN', u'type': u'NUMERIC', u'impute_constant_value': 0.0}, u'Company': {u'missing_impute_with': u'MODE', u'customProcessorWantsMatrix': False, u'customHandlingCode': u'', u'category_handling': u'DUMMIFY', u'cumulative_proportion': 0.95, u'sendToInput': u'main', u'state': {u'userModified': False, u'recordedMeaning': u'Text', u'autoModifiedByDSS': False}, u'missing_handling': u'NONE', u'max_nb_categories': 100, u'dummy_clip': u'MAX_NB_CATEGORIES', u'role': u'INPUT', u'max_cat_safety': 200, u'min_samples': 10, u'type': u'CATEGORY', u'dummy_drop': u'DROP'}, u'Profit (in millions)': {u'generate_derivative': False, u'customHandlingCode': u'', u'customProcessorWantsMatrix': False, u'sendToInput': u'main', u'binarize_threshold_mode': u'MEDIAN', u'state': {u'userModified': False, u'recordedMeaning': u'DoubleMeaning', u'autoModifiedByDSS': False}, u'role': u'TARGET', u'binarize_constant_threshold': 0.0, u'quantile_bin_nb_bins': 4, u'type': u'NUMERIC', u'impute_constant_value': 0.0}, u'Rank': {u'generate_derivative': False, u'sendToInput': u'main', u'rescaling': u'AVGSTD', u'role': u'INPUT', u'customHandlingCode': u'', u'customProcessorWantsMatrix': False, u'numerical_handling': u'REGULAR', u'binarize_threshold_mode': u'MEDIAN', u'state': {u'userModified': False, u'recordedMeaning': u'LongMeaning', u'autoModifiedByDSS': False}, u'missing_handling': u'IMPUTE', u'binarize_constant_threshold': 0.0, u'quantile_bin_nb_bins': 4, u'missing_impute_with': u'MEAN', u'type': u'NUMERIC', u'impute_constant_value': 0.0}, u'Year': {u'generate_derivative': False, u'sendToInput': u'main', u'rescaling': u'AVGSTD', u'role': u'INPUT', u'customHandlingCode': u'', u'customProcessorWantsMatrix': False, u'numerical_handling': u'REGULAR', u'binarize_threshold_mode': u'MEDIAN', u'state': {u'userModified': False, u'recordedMeaning': u'LongMeaning', u'autoModifiedByDSS': False}, u'missing_handling': u'IMPUTE', u'binarize_constant_threshold': 0.0, u'quantile_bin_nb_bins': 4, u'missing_impute_with': u'MEAN', u'type': u'NUMERIC', u'impute_constant_value': 0.0}}, u'feature_generation': {u'manual_interactions': {u'interactions': []}, u'pairwise_linear': {u'behavior': u'DISABLED'}, u'categoricals_count_transformer': {u'input_features': [], u'all_features': False, u'behavior': u'DISABLED'}, u'polynomial_combinations': {u'behavior': u'DISABLED'}, u'numericals_clustering': {u'k': 0, u'input_features': [], u'all_features': False, u'behavior': u'DISABLED'}}}
[2020-04-27 15:43:51,749] [4403/MainThread] [INFO] [dataiku.doctor.multiframe] No feature selection to perform
[2020-04-27 15:43:51,749] [4403/MainThread] [INFO] [dataiku.doctor.utils.listener] START -  Preprocessing train set
[2020-04-27 15:43:51,757] [4403/MainThread] [INFO] [dataiku.doctor.multiframe] Set MF index len 20120
[2020-04-27 15:43:51,757] [4403/MainThread] [DEBUG] [dku.ml.preprocessing] FIT/PROCESS WITH Step:RemapValueToOutput
[2020-04-27 15:43:51,757] [4403/MainThread] [DEBUG] [dku.ml.preprocessing] FIT/PROCESS WITH Step:MultipleImputeMissingFromInput
[2020-04-27 15:43:51,758] [4403/MainThread] [DEBUG] [dku.ml.preprocessing] MIMIFI: Imputing with map {u'Revenue (in millions)': 4319.147882703789, u'Rank': 249.50074552683895, u'Year': 1979.960536779324}
[2020-04-27 15:43:51,761] [4403/MainThread] [DEBUG] [dku.ml.preprocessing] FIT/PROCESS WITH Step:RescalingProcessor2 (Revenue (in millions))
[2020-04-27 15:43:51,763] [4403/MainThread] [DEBUG] [dku.ml.preprocessing]   Rescale Revenue (in millions) (avg=4319.1478827 std=11416.403101 shift=4319.1478827 inv_scale=8.75932630578e-05)
[2020-04-27 15:43:51,807] [4403/MainThread] [DEBUG] [dku.ml.preprocessing]   Rescaled Revenue (in millions) (avg=-6.85986569625e-16 std=1.0) nulls=0
[2020-04-27 15:43:51,807] [4403/MainThread] [DEBUG] [dku.ml.preprocessing] FIT/PROCESS WITH Step:RescalingProcessor2 (Rank)
[2020-04-27 15:43:51,808] [4403/MainThread] [DEBUG] [dku.ml.preprocessing]   Rescale Rank (avg=249.500745527 std=144.636683338 shift=249.500745527 inv_scale=0.00691387535253)
[2020-04-27 15:43:51,811] [4403/MainThread] [DEBUG] [dku.ml.preprocessing]   Rescaled Rank (avg=1.15491888198e-16 std=1.0) nulls=0
[2020-04-27 15:43:51,811] [4403/MainThread] [DEBUG] [dku.ml.preprocessing] FIT/PROCESS WITH Step:RescalingProcessor2 (Year)
[2020-04-27 15:43:51,812] [4403/MainThread] [DEBUG] [dku.ml.preprocessing]   Rescale Year (avg=1979.96053678 std=14.7911091772 shift=1979.96053678 inv_scale=0.0676081819166)
[2020-04-27 15:43:51,815] [4403/MainThread] [DEBUG] [dku.ml.preprocessing]   Rescaled Year (avg=8.89084035022e-14 std=1.0) nulls=0
[2020-04-27 15:43:51,815] [4403/MainThread] [DEBUG] [dku.ml.preprocessing] FIT/PROCESS WITH Step:FlushDFBuilder(num_flagonly)
[2020-04-27 15:43:51,815] [4403/MainThread] [DEBUG] [dku.ml.preprocessing] FIT/PROCESS WITH Step:FastSparseDummifyProcessor (Company)
[2020-04-27 15:43:51,849] [4403/MainThread] [DEBUG] [dku.ml.preprocessing] Dummifier: Append a sparse block shape=(20120, 102) nnz=4105
[2020-04-27 15:43:51,850] [4403/MainThread] [DEBUG] [dku.ml.preprocessing] FIT/PROCESS WITH Step:MultipleImputeMissingFromInput
[2020-04-27 15:43:51,850] [4403/MainThread] [DEBUG] [dku.ml.preprocessing] MIMIFI: Imputing with map {}
[2020-04-27 15:43:51,850] [4403/MainThread] [DEBUG] [dku.ml.preprocessing] FIT/PROCESS WITH Step:FlushDFBuilder(cat_flagpresence)
[2020-04-27 15:43:51,851] [4403/MainThread] [DEBUG] [dku.ml.preprocessing] FIT/PROCESS WITH Step:MultipleImputeMissingFromInput
[2020-04-27 15:43:51,851] [4403/MainThread] [DEBUG] [dku.ml.preprocessing] MIMIFI: Imputing with map {}
[2020-04-27 15:43:51,851] [4403/MainThread] [DEBUG] [dku.ml.preprocessing] FIT/PROCESS WITH Step:FlushDFBuilder(interaction)
[2020-04-27 15:43:51,851] [4403/MainThread] [DEBUG] [dku.ml.preprocessing] FIT/PROCESS WITH Step:RealignTarget
[2020-04-27 15:43:51,851] [4403/MainThread] [DEBUG] [dku.ml.preprocessing] Realign target series = (20120,)
[2020-04-27 15:43:51,862] [4403/MainThread] [DEBUG] [dku.ml.preprocessing] After realign target: (20120,)
[2020-04-27 15:43:51,862] [4403/MainThread] [DEBUG] [dku.ml.preprocessing] FIT/PROCESS WITH Step:DropRowsWhereNoTarget
[2020-04-27 15:43:51,863] [4403/MainThread] [DEBUG] [dku.ml.preprocessing] Deleting 0 rows because no target
[2020-04-27 15:43:51,863] [4403/MainThread] [DEBUG] [dku.ml.preprocessing] MF before = (20120, 105) target before = (20120,)
[2020-04-27 15:43:51,869] [4403/MainThread] [INFO] [dataiku.doctor.multiframe] MultiFrame, dropping rows: []
[2020-04-27 15:43:51,902] [4403/MainThread] [DEBUG] [dku.ml.preprocessing] After DRWNT input_df=(20120, 5)
[2020-04-27 15:43:51,902] [4403/MainThread] [DEBUG] [dku.ml.preprocessing] MF after = (20120, 105) target after = (20120,)
[2020-04-27 15:43:51,902] [4403/MainThread] [DEBUG] [dku.ml.preprocessing] FIT/PROCESS WITH Step:DumpPipelineState
[2020-04-27 15:43:51,902] [4403/MainThread] [DEBUG] [dku.ml.preprocessing] ********* Pipeline state (Before feature selection)
[2020-04-27 15:43:51,903] [4403/MainThread] [DEBUG] [dku.ml.preprocessing]    input_df= (20120, 5) 
[2020-04-27 15:43:51,903] [4403/MainThread] [DEBUG] [dku.ml.preprocessing]    current_mf=(20120, 105) 
[2020-04-27 15:43:51,903] [4403/MainThread] [DEBUG] [dku.ml.preprocessing]    PPR: 
[2020-04-27 15:43:51,903] [4403/MainThread] [DEBUG] [dku.ml.preprocessing]       target = <class 'pandas.core.series.Series'> ((20120,))
[2020-04-27 15:43:51,903] [4403/MainThread] [DEBUG] [dku.ml.preprocessing] FIT/PROCESS WITH Step:EmitCurrentMFAsResult
[2020-04-27 15:43:51,903] [4403/MainThread] [INFO] [dataiku.doctor.multiframe] Set MF index len 20120
[2020-04-27 15:43:51,903] [4403/MainThread] [DEBUG] [dku.ml.preprocessing] FIT/PROCESS WITH Step:DumpPipelineState
[2020-04-27 15:43:51,903] [4403/MainThread] [DEBUG] [dku.ml.preprocessing] ********* Pipeline state (At end)
[2020-04-27 15:43:51,903] [4403/MainThread] [DEBUG] [dku.ml.preprocessing]    input_df= (20120, 5) 
[2020-04-27 15:43:51,903] [4403/MainThread] [DEBUG] [dku.ml.preprocessing]    current_mf=(0, 0) 
[2020-04-27 15:43:51,903] [4403/MainThread] [DEBUG] [dku.ml.preprocessing]    PPR: 
[2020-04-27 15:43:51,904] [4403/MainThread] [DEBUG] [dku.ml.preprocessing]       UNPROCESSED = <class 'pandas.core.frame.DataFrame'> ((20120, 5))
[2020-04-27 15:43:51,904] [4403/MainThread] [DEBUG] [dku.ml.preprocessing]       TRAIN = <class 'dataiku.doctor.multiframe.MultiFrame'> ((20120, 105))
[2020-04-27 15:43:51,904] [4403/MainThread] [DEBUG] [dku.ml.preprocessing]       target = <class 'pandas.core.series.Series'> ((20120,))
[2020-04-27 15:43:51,916] [4403/MainThread] [INFO] [dataiku.doctor.utils.listener] END -  Preprocessing train set
[2020-04-27 15:43:51,916] [4403/MainThread] [INFO] [dataiku.doctor.utils.listener] START -  Preprocessing test set
[2020-04-27 15:43:51,918] [4403/MainThread] [INFO] [dataiku.doctor.multiframe] Set MF index len 5011
[2020-04-27 15:43:51,918] [4403/MainThread] [DEBUG] [dku.ml.preprocessing] PROCESS WITH Step:RemapValueToOutput
[2020-04-27 15:43:51,918] [4403/MainThread] [DEBUG] [dku.ml.preprocessing] PROCESS WITH Step:MultipleImputeMissingFromInput
[2020-04-27 15:43:51,919] [4403/MainThread] [DEBUG] [dku.ml.preprocessing] MIMIFI: Imputing with map {u'Revenue (in millions)': 4319.147882703789, u'Rank': 249.50074552683895, u'Year': 1979.960536779324}
[2020-04-27 15:43:51,921] [4403/MainThread] [DEBUG] [dku.ml.preprocessing] PROCESS WITH Step:RescalingProcessor2 (Revenue (in millions))
[2020-04-27 15:43:51,921] [4403/MainThread] [DEBUG] [dku.ml.preprocessing]   Rescale Revenue (in millions) (avg=4248.00221513 std=11318.3173503 shift=4319.1478827 inv_scale=8.75932630578e-05)
[2020-04-27 15:43:51,923] [4403/MainThread] [DEBUG] [dku.ml.preprocessing]   Rescaled Revenue (in millions) (avg=-0.0062318811755 std=0.991408349037) nulls=0
[2020-04-27 15:43:51,923] [4403/MainThread] [DEBUG] [dku.ml.preprocessing] PROCESS WITH Step:RescalingProcessor2 (Rank)
[2020-04-27 15:43:51,923] [4403/MainThread] [DEBUG] [dku.ml.preprocessing]   Rescale Rank (avg=250.724605867 std=143.672902752 shift=249.500745527 inv_scale=0.00691387535253)
[2020-04-27 15:43:51,924] [4403/MainThread] [DEBUG] [dku.ml.preprocessing]   Rescaled Rank (avg=0.00846161784141 std=0.993336541164) nulls=0
[2020-04-27 15:43:51,925] [4403/MainThread] [DEBUG] [dku.ml.preprocessing] PROCESS WITH Step:RescalingProcessor2 (Year)
[2020-04-27 15:43:51,925] [4403/MainThread] [DEBUG] [dku.ml.preprocessing]   Rescale Year (avg=1979.79125923 std=14.6595132516 shift=1979.96053678 inv_scale=0.0676081819166)
[2020-04-27 15:43:51,926] [4403/MainThread] [DEBUG] [dku.ml.preprocessing]   Rescaled Year (avg=-0.0114445473697 std=0.991103038722) nulls=0
[2020-04-27 15:43:51,926] [4403/MainThread] [DEBUG] [dku.ml.preprocessing] PROCESS WITH Step:FlushDFBuilder(num_flagonly)
[2020-04-27 15:43:51,926] [4403/MainThread] [DEBUG] [dku.ml.preprocessing] PROCESS WITH Step:FastSparseDummifyProcessor (Company)
[2020-04-27 15:43:51,932] [4403/MainThread] [DEBUG] [dku.ml.preprocessing] Dummifier: Append a sparse block shape=(5011, 102) nnz=893
[2020-04-27 15:43:51,932] [4403/MainThread] [DEBUG] [dku.ml.preprocessing] PROCESS WITH Step:MultipleImputeMissingFromInput
[2020-04-27 15:43:51,933] [4403/MainThread] [DEBUG] [dku.ml.preprocessing] MIMIFI: Imputing with map {}
[2020-04-27 15:43:51,933] [4403/MainThread] [DEBUG] [dku.ml.preprocessing] PROCESS WITH Step:FlushDFBuilder(cat_flagpresence)
[2020-04-27 15:43:51,933] [4403/MainThread] [DEBUG] [dku.ml.preprocessing] PROCESS WITH Step:MultipleImputeMissingFromInput
[2020-04-27 15:43:51,933] [4403/MainThread] [DEBUG] [dku.ml.preprocessing] MIMIFI: Imputing with map {}
[2020-04-27 15:43:51,933] [4403/MainThread] [DEBUG] [dku.ml.preprocessing] PROCESS WITH Step:FlushDFBuilder(interaction)
[2020-04-27 15:43:51,933] [4403/MainThread] [DEBUG] [dku.ml.preprocessing] PROCESS WITH Step:RealignTarget
[2020-04-27 15:43:51,933] [4403/MainThread] [DEBUG] [dku.ml.preprocessing] Realign target series = (5011,)
[2020-04-27 15:43:51,934] [4403/MainThread] [DEBUG] [dku.ml.preprocessing] After realign target: (5011,)
[2020-04-27 15:43:51,934] [4403/MainThread] [DEBUG] [dku.ml.preprocessing] PROCESS WITH Step:DropRowsWhereNoTarget
[2020-04-27 15:43:51,934] [4403/MainThread] [DEBUG] [dku.ml.preprocessing] Deleting 0 rows because no target
[2020-04-27 15:43:51,934] [4403/MainThread] [DEBUG] [dku.ml.preprocessing] MF before = (5011, 105) target before = (5011,)
[2020-04-27 15:43:51,936] [4403/MainThread] [INFO] [dataiku.doctor.multiframe] MultiFrame, dropping rows: []
[2020-04-27 15:43:51,941] [4403/MainThread] [DEBUG] [dku.ml.preprocessing] After DRWNT input_df=(5011, 5)
[2020-04-27 15:43:51,941] [4403/MainThread] [DEBUG] [dku.ml.preprocessing] MF after = (5011, 105) target after = (5011,)
[2020-04-27 15:43:51,942] [4403/MainThread] [DEBUG] [dku.ml.preprocessing] PROCESS WITH Step:DumpPipelineState
[2020-04-27 15:43:51,942] [4403/MainThread] [DEBUG] [dku.ml.preprocessing] ********* Pipeline state (Before feature selection)
[2020-04-27 15:43:51,942] [4403/MainThread] [DEBUG] [dku.ml.preprocessing]    input_df= (5011, 5) 
[2020-04-27 15:43:51,942] [4403/MainThread] [DEBUG] [dku.ml.preprocessing]    current_mf=(5011, 105) 
[2020-04-27 15:43:51,942] [4403/MainThread] [DEBUG] [dku.ml.preprocessing]    PPR: 
[2020-04-27 15:43:51,942] [4403/MainThread] [DEBUG] [dku.ml.preprocessing]       target = <class 'pandas.core.series.Series'> ((5011,))
[2020-04-27 15:43:51,942] [4403/MainThread] [DEBUG] [dku.ml.preprocessing] PROCESS WITH Step:EmitCurrentMFAsResult
[2020-04-27 15:43:51,942] [4403/MainThread] [INFO] [dataiku.doctor.multiframe] Set MF index len 5011
[2020-04-27 15:43:51,942] [4403/MainThread] [DEBUG] [dku.ml.preprocessing] PROCESS WITH Step:DumpPipelineState
[2020-04-27 15:43:51,943] [4403/MainThread] [DEBUG] [dku.ml.preprocessing] ********* Pipeline state (At end)
[2020-04-27 15:43:51,943] [4403/MainThread] [DEBUG] [dku.ml.preprocessing]    input_df= (5011, 5) 
[2020-04-27 15:43:51,943] [4403/MainThread] [DEBUG] [dku.ml.preprocessing]    current_mf=(0, 0) 
[2020-04-27 15:43:51,943] [4403/MainThread] [DEBUG] [dku.ml.preprocessing]    PPR: 
[2020-04-27 15:43:51,943] [4403/MainThread] [DEBUG] [dku.ml.preprocessing]       UNPROCESSED = <class 'pandas.core.frame.DataFrame'> ((5011, 5))
[2020-04-27 15:43:51,943] [4403/MainThread] [DEBUG] [dku.ml.preprocessing]       TRAIN = <class 'dataiku.doctor.multiframe.MultiFrame'> ((5011, 105))
[2020-04-27 15:43:51,943] [4403/MainThread] [DEBUG] [dku.ml.preprocessing]       target = <class 'pandas.core.series.Series'> ((5011,))
[2020-04-27 15:43:51,943] [4403/MainThread] [INFO] [dataiku.doctor.utils.listener] END -  Preprocessing test set
[2020-04-27 15:43:51,944] [4403/MainThread] [INFO] [dataiku.doctor.utils.listener] START -  Grid searching
[2020-04-27 15:43:51,950] [4403/MainThread] [DEBUG] [dku.ml.preprocessing] Deleting 0 rows
[2020-04-27 15:43:51,950] [4403/MainThread] [INFO] [dataiku.doctor.multiframe] MultiFrame, dropping rows: []
[2020-04-27 15:43:51,957] [4403/MainThread] [INFO] [dataiku.doctor.prediction.common] prepare multiframe shape=(20120,105) tn=2112600 nnz=64465 fill_ratio=0.03
[2020-04-27 15:43:51,957] [4403/MainThread] [INFO] [dataiku.doctor.prediction.common] too small, using array
[2020-04-27 15:43:52,120] [4403/MainThread] [INFO] [dataiku.doctor.prediction.common] Create CLF from params: {u'computeLearningCurves': False, u'ridge_grid': {u'alpha': {u'gridMode': u'EXPLICIT', u'values': [0.1, 1.0, 3.0], u'nValues': 0}, u'alphaMode': u'MANUAL', u'enabled': True}, u'algorithm': u'RIDGE_REGRESSION', u'grid_search_params': {u'nIter': 0, u'nJobs': 4, u'strategy': u'GRID', u'randomized': True, u'shuffleIterations': 1, u'mode': u'KFOLD', u'timeout': 0, u'splitRatio': 0.8, u'nFolds': 3, u'stratified': True}, u'autoOptimizeThreshold': True, u'gridLength': 3, u'metrics': {u'customEvaluationMetricNeedsProba': False, u'evaluationMetric': u'R2', u'liftPoint': 0.4, u'costMatrixWeights': {u'fnGain': 0.0, u'tpGain': 1.0, u'tnGain': 0.0, u'fpGain': -0.3}, u'customEvaluationMetricGIB': True}, u'forcedClassifierThreshold': 0.0, u'skipExpensiveReports': False, u'max_ensemble_nodes_serialized': 0, u'pluginAlgoCustomGridSearch': False} for algorithm RIDGE_REGRESSION
[2020-04-27 15:43:52,121] [4403/MainThread] [INFO] [dataiku.doctor.prediction.common] Using K-Fold CV with k=3
[2020-04-27 15:43:52,121] [4403/MainThread] [INFO] [dataiku.doctor.crossval.grid_search_cv] Building Gridsearcher for hyperparameters space: <dataiku.doctor.prediction.common.HyperparametersSpace object at 0x11a3c98d0>
[2020-04-27 15:43:52,123] [4403/MainThread] [INFO] [dataiku.doctor.crossval.grid_search_cv] Fitting 3 folds for each of 3 candidates, totalling 9 fits
[Parallel(n_jobs=4)]: Using backend ThreadingBackend with 4 concurrent workers.
[2020-04-27 15:43:52,138] [4403/GS-123145411600384] [INFO] [dataiku.doctor.crossval.grid_search_cv] Fit  p=1 s=0: alpha=1.0 .......................................................
[2020-04-27 15:43:52,140] [4403/GS-123145415806976] [INFO] [dataiku.doctor.crossval.grid_search_cv] Fit  p=1 s=1: alpha=1.0 .......................................................
[2020-04-27 15:43:52,316] [4403/GS-123145420013568] [INFO] [dataiku.doctor.crossval.grid_search_cv] Fit  p=1 s=2: alpha=1.0 .......................................................
[2020-04-27 15:43:52,348] [4403/GS-123145424220160] [INFO] [dataiku.doctor.crossval.grid_search_cv] Fit  p=0 s=0: alpha=0.1 .......................................................
[2020-04-27 15:43:52,657] [4403/GS-123145411600384] [INFO] [dataiku.doctor.crossval.grid_search_cv] Done p=1 s=0: alpha=1.0 (ft=0.4s st=0.1s sc=0.342179624041)
[2020-04-27 15:43:52,658] [4403/GS-123145415806976] [INFO] [dataiku.doctor.crossval.grid_search_cv] Done p=1 s=1: alpha=1.0 (ft=0.4s st=0.1s sc=0.110497648523)
[2020-04-27 15:43:52,683] [4403/GS-123145415806976] [INFO] [dataiku.doctor.crossval.grid_search_cv] Fit  p=0 s=1: alpha=0.1 .......................................................
[2020-04-27 15:43:52,684] [4403/GS-123145411600384] [INFO] [dataiku.doctor.crossval.grid_search_cv] Fit  p=0 s=2: alpha=0.1 .......................................................
[2020-04-27 15:43:52,780] [4403/GS-123145420013568] [INFO] [dataiku.doctor.crossval.grid_search_cv] Done p=1 s=2: alpha=1.0 (ft=0.3s st=0.1s sc=0.182264259168)
[2020-04-27 15:43:52,791] [4403/GS-123145420013568] [INFO] [dataiku.doctor.crossval.grid_search_cv] Fit  p=2 s=0: alpha=3.0 .......................................................
[2020-04-27 15:43:52,808] [4403/GS-123145424220160] [INFO] [dataiku.doctor.crossval.grid_search_cv] Done p=0 s=0: alpha=0.1 (ft=0.4s st=0.0s sc=0.416142223317)
[2020-04-27 15:43:52,808] [4403/GS-123145415806976] [INFO] [dataiku.doctor.crossval.grid_search_cv] Done p=0 s=1: alpha=0.1 (ft=0.1s st=0.0s sc=0.133507786982)
[2020-04-27 15:43:52,818] [4403/GS-123145424220160] [INFO] [dataiku.doctor.crossval.grid_search_cv] Fit  p=2 s=1: alpha=3.0 .......................................................
[2020-04-27 15:43:52,828] [4403/GS-123145415806976] [INFO] [dataiku.doctor.crossval.grid_search_cv] Fit  p=2 s=2: alpha=3.0 .......................................................
[2020-04-27 15:43:52,835] [4403/GS-123145411600384] [INFO] [dataiku.doctor.crossval.grid_search_cv] Done p=0 s=2: alpha=0.1 (ft=0.1s st=0.0s sc=0.235604650689)
[2020-04-27 15:43:52,911] [4403/GS-123145420013568] [INFO] [dataiku.doctor.crossval.grid_search_cv] Done p=2 s=0: alpha=3.0 (ft=0.1s st=0.0s sc=0.232325635073)
[2020-04-27 15:43:52,919] [4403/GS-123145415806976] [INFO] [dataiku.doctor.crossval.grid_search_cv] Done p=2 s=2: alpha=3.0 (ft=0.1s st=0.0s sc=0.118063424507)
[2020-04-27 15:43:52,919] [4403/GS-123145424220160] [INFO] [dataiku.doctor.crossval.grid_search_cv] Done p=2 s=1: alpha=3.0 (ft=0.1s st=0.0s sc=0.0744779548496)
[Parallel(n_jobs=4)]: Done   9 out of   9 | elapsed:    0.8s finished
[2020-04-27 15:43:53,145] [4403/MainThread] [INFO] [dataiku.doctor.crossval.grid_search_cv] Grid search ended, got 9 scores out of 9
[2020-04-27 15:43:53,146] [4403/MainThread] [INFO] [dataiku.doctor.crossval.grid_search_cv] Grid search done, best_parameters being : {'alpha': 0.1}
[2020-04-27 15:43:53,148] [4403/MainThread] [INFO] [dataiku.doctor.utils.listener] END -  Grid searching
[2020-04-27 15:43:53,148] [4403/MainThread] [INFO] [dataiku.doctor.utils.listener] START -  Fitting model
[2020-04-27 15:43:53,149] [4403/MainThread] [INFO] [dataiku.doctor.prediction.common] Fitting model:
[2020-04-27 15:43:53,150] [4403/MainThread] [INFO] [dataiku.doctor.prediction.common]   Model is: Ridge(alpha=0.1, copy_X=True, fit_intercept=True, max_iter=None,
   normalize=True, random_state=None, solver='auto', tol=0.001)
[2020-04-27 15:43:53,150] [4403/MainThread] [INFO] [dataiku.doctor.prediction.common]   train_X class: <type 'numpy.ndarray'>
[2020-04-27 15:43:53,150] [4403/MainThread] [INFO] [dataiku.doctor.prediction.common]   train_X shape: (20120, 105)
[2020-04-27 15:43:53,150] [4403/MainThread] [INFO] [dataiku.doctor.prediction.common]   train_y shape: (20120,)
[2020-04-27 15:43:53,150] [4403/MainThread] [INFO] [dataiku.doctor.prediction.common]   calibration enabled: a sub-sample of the train data has been saved for calibration
[2020-04-27 15:43:53,206] [4403/MainThread] [INFO] [dataiku.doctor.prediction.regression_fit] Output params are {'resolved': {'ridge': {'alpha': 0.1}, 'skipExpensiveReports': False, 'algorithm': u'RIDGE_REGRESSION'}, 'other': {}}
[2020-04-27 15:43:53,206] [4403/MainThread] [INFO] [dataiku.doctor.utils.listener] END -  Fitting model
[2020-04-27 15:43:53,206] [4403/MainThread] [INFO] [dataiku.doctor.utils.listener] START -  Saving model
[2020-04-27 15:43:53,210] [4403/MainThread] [INFO] [dataiku.doctor.utils.listener] END -  Saving model
[2020-04-27 15:43:53,210] [4403/MainThread] [INFO] [dataiku.doctor.utils.listener] START -  Scoring model
[2020-04-27 15:43:53,211] [4403/MainThread] [INFO] [dataiku.doctor.prediction.regression_scoring] Intrinsic scoring
[2020-04-27 15:43:53,211] [4403/MainThread] [INFO] [dataiku.doctor.prediction.regression_scoring] Extracting rescalers
[2020-04-27 15:43:53,212] [4403/MainThread] [INFO] [dataiku.doctor.prediction.regression_scoring] Computing regression coeffs
[2020-04-27 15:43:53,241] [4403/MainThread] [INFO] [dataiku.doctor.prediction.scoring_base] Coefs: [ 1.87594349e+02 -2.65472661e+01  4.52561344e+02  2.29328294e+01
 -9.89160331e+01  5.76448313e+00 -2.38377357e+01  1.92569070e+01
  3.36664310e+02  6.39782615e+00  2.39034086e+00 -2.08116898e+02
 -1.13520082e+01 -1.81395165e+02 -1.18264824e+01  1.71788498e+02
 -1.30328555e+02  1.74664870e+03  1.16606080e+01  4.85426602e+01
  8.66870097e+02  2.70574805e+01  2.53075096e+02 -1.41703320e+02
  6.96974182e+01  6.85002645e+02 -1.07999010e+02  7.85379485e+01
  9.68776186e+02 -8.83963947e+01  1.56085518e+02  1.35730505e+03
 -7.54990241e+01  1.06313348e+02  3.01093474e+01  4.37890330e+02
  3.41179250e+01 -4.44477193e+01 -1.02291150e+02 -8.17938751e+01
 -9.80482169e+01 -7.54127990e+01 -8.24184069e+01  2.65482936e+02
  1.37941324e+01  5.31701859e+01  6.52859395e+01 -2.34878096e+02
 -1.78141608e+02  9.65210017e+01 -3.86491051e+01 -1.96844889e+02
 -8.71684742e+01  7.77179342e+02 -3.83817996e+00 -6.89436999e+01
 -9.80289044e+01 -8.76897705e+01 -1.52542937e+02 -1.82789931e+02
  2.26383295e+02  5.96699811e+01 -3.94810943e+01 -1.53919785e+03
  1.17827372e+01 -1.14447225e+02  4.63757262e+02  1.76126095e+02
 -2.70051012e+01  1.37081989e+03  2.51628507e+01 -1.89013009e+02
 -1.99375380e+02  2.68443711e+01 -9.38784190e+01 -2.85042638e+01
 -7.40179641e+01  8.95241794e+01  5.98816076e+01  4.32948279e+02
  5.87665395e+02 -3.67346372e+01  5.32080718e+02  1.02782496e+02
 -8.83492843e+01 -3.06689842e+01 -6.13938871e+01  1.43142374e+01
  3.18088302e+02 -3.59768619e+00 -8.08571343e+00  9.33552562e+01
 -1.08490719e+01  9.70548570e-01 -8.15281262e+00 -1.05871312e+01
 -1.76430242e+02  2.29419804e+01 -4.00937465e+01  7.67885664e+00
 -1.06822784e+02 -3.48968033e+01 -2.15775563e+02 -4.25837144e+00
 -8.01542943e+01  0.00000000e+00]
[2020-04-27 15:43:53,242] [4403/MainThread] [INFO] [dataiku.doctor.prediction.scoring_base] Sample variance: 1168740.3237702588
[2020-04-27 15:43:53,264] [4403/MainThread] [INFO] [dataiku.doctor.prediction.scoring_base] Singular variance matrix
[2020-04-27 15:43:53,270] [4403/MainThread] [INFO] [dataiku.doctor.prediction.common] prepare multiframe shape=(5011,105) tn=526155 nnz=15926 fill_ratio=0.03
[2020-04-27 15:43:53,271] [4403/MainThread] [INFO] [dataiku.doctor.prediction.common] too small, using array
[2020-04-27 15:43:53,276] [4403/MainThread] [INFO] [dataiku.doctor.prediction.regression_scoring] Creating predictions on test set
[2020-04-27 15:43:53,278] [4403/MainThread] [INFO] [dataiku.doctor.prediction.regression_scoring] Computing regression performance on [ 151.77163289 1510.86045801  104.49180563 ...  171.56667166  167.77136998
  153.50315966]
[2020-04-27 15:43:53,343] [4403/MainThread] [INFO] [dataiku.doctor.utils.metrics] Negative values, not computing RMSLE
[2020-04-27 15:43:53,438] [4403/MainThread] [INFO] [dataiku.doctor.utils.listener] END -  Scoring model
[2020/04/27-15:43:53.445] [MRT-1785] [INFO] [dku.block.link.interaction]  - Check result for nullity exceptionIfNull=true result=not null
[2020/04/27-15:43:53.446] [MRT-1785] [INFO] [dku.analysis.prediction]  - Training returned ok
[2020/04/27-15:43:53.448] [MRT-1785] [INFO] [dku.ml.versioning]  - Dumping version info {"trainedWithDSSVersion":"7.0.1","trainedWithDSSConfVersion":"7000","trainedWithDSSBackend":"PY_MEMORY","backendCompatibilityVersion":18} in /Users/gerryleonugroho/Library/DataScienceStudio/dss_home/analysis-data/FORTUNE500/yHY7DSLk/bN8FvxtW/sessions/s1/pp2/m1
[2020/04/27-15:43:53.453] [KNL-python-single-command-kernel-out-1793] [DEBUG] [process]  - StreamToLine: EOF (stream closed)
[2020/04/27-15:43:53.453] [KNL-python-single-command-kernel-err-1794] [DEBUG] [process]  - StreamToLine: EOF (stream closed)
[2020/04/27-15:43:53.470] [KNL-python-single-command-kernel-monitor-1792] [INFO] [dku.kernels]  - Process done with code 143
[2020/04/27-15:43:53.472] [KNL-python-single-command-kernel-monitor-1792] [INFO] [dip.tickets]  - Destroying API ticket for analysis-ml-FORTUNE500-JkYabtd on behalf of admin
[2020/04/27-15:44:33.344] [FT-TrainWorkThread-FAXZWRkU-1783] [INFO] [dku.analysis.ml.python] T-bN8FvxtW - Processing thread joined ...
[2020/04/27-15:44:33.346] [FT-TrainWorkThread-FAXZWRkU-1783] [INFO] [dku.analysis.ml.python] T-bN8FvxtW - Joining processing thread ...
[2020/04/27-15:44:33.347] [FT-TrainWorkThread-FAXZWRkU-1783] [INFO] [dku.analysis.ml.python] T-bN8FvxtW - Processing thread joined ...
[2020/04/27-15:44:33.350] [FT-TrainWorkThread-FAXZWRkU-1783] [INFO] [dku.analysis.prediction] T-bN8FvxtW - Train done
[2020/04/27-15:44:33.351] [FT-TrainWorkThread-FAXZWRkU-1783] [INFO] [dku.analysis.prediction] T-bN8FvxtW - Train done
[2020/04/27-15:44:33.371] [FT-TrainWorkThread-FAXZWRkU-1783] [INFO] [dku.analysis.prediction] T-bN8FvxtW - Publishing mltask-train-done reflected event
