[2020/05/12-21:57:59.469] [FT-TrainWorkThread-Wm8CwGL0-395] [INFO] [dku.analysis.prediction]  - ******************************************
[2020/05/12-21:57:59.472] [FT-TrainWorkThread-Wm8CwGL0-395] [INFO] [dku.analysis.prediction]  - ** Start train session s1
[2020/05/12-21:57:59.475] [FT-TrainWorkThread-Wm8CwGL0-395] [INFO] [dku.analysis.prediction]  - ******************************************
[2020/05/12-21:57:59.482] [FT-TrainWorkThread-Wm8CwGL0-395] [INFO] [dku.shaker.data] T-jdvpNezU - [ct: 13] Need to compute sampleId before checking memory cache
[2020/05/12-21:57:59.518] [FT-TrainWorkThread-Wm8CwGL0-395] [DEBUG] [dip.shaker.runner] T-jdvpNezU - [ct: 49] Script settings sampleMax=104857600 processedMax=-1
[2020/05/12-21:57:59.523] [FT-TrainWorkThread-Wm8CwGL0-395] [DEBUG] [dip.shaker.runner] T-jdvpNezU - [ct: 54] Processing with sampleMax=104857600 processedMax=524288000
[2020/05/12-21:57:59.525] [FT-TrainWorkThread-Wm8CwGL0-395] [DEBUG] [dip.shaker.runner] T-jdvpNezU - [ct: 56] Computed required sample id : f14b886a96b0fc0280ab3d0538e4d93c-NA-31c57f559ab672625afa057353f0de860--d751713988987e9331980363e24189ce
[2020/05/12-21:57:59.532] [FT-TrainWorkThread-Wm8CwGL0-395] [DEBUG] [dku.shaker.cache] T-jdvpNezU - Shaker MemoryCache get on POKEMON.Pokemon_PgSQL_Train key=ds=2c2f38f80e1608cfd79645dfa9d48840--scr=6fc68b9b1eec2a3ae90ee9d91e3ecb62--samp=f14b886a96b0fc0280ab3d0538e4d93c-NA-31c57f559ab672625afa057353f0de860--d751713988987e9331980363e24189ce: hit
[2020/05/12-21:57:59.536] [FT-TrainWorkThread-Wm8CwGL0-395] [INFO] [dku.shaker.schema] T-jdvpNezU - [ct: 67] Column Name meaning=Text fail=0
[2020/05/12-21:57:59.541] [FT-TrainWorkThread-Wm8CwGL0-395] [INFO] [dku.shaker.schema] T-jdvpNezU - [ct: 72] Column Type 1 meaning=Text fail=0
[2020/05/12-21:57:59.543] [FT-TrainWorkThread-Wm8CwGL0-395] [INFO] [dku.shaker.schema] T-jdvpNezU - [ct: 74] Column Type 2 meaning=Text fail=0
[2020/05/12-21:57:59.545] [FT-TrainWorkThread-Wm8CwGL0-395] [INFO] [dku.shaker.schema] T-jdvpNezU - [ct: 75] Column Total meaning=LongMeaning fail=0
[2020/05/12-21:57:59.561] [FT-TrainWorkThread-Wm8CwGL0-395] [INFO] [dku.shaker.schema] T-jdvpNezU - [ct: 92] Column HP meaning=LongMeaning fail=0
[2020/05/12-21:57:59.564] [FT-TrainWorkThread-Wm8CwGL0-395] [INFO] [dku.shaker.schema] T-jdvpNezU - [ct: 95] Column Attack meaning=LongMeaning fail=0
[2020/05/12-21:57:59.568] [FT-TrainWorkThread-Wm8CwGL0-395] [INFO] [dku.shaker.schema] T-jdvpNezU - [ct: 99] Column Defense meaning=LongMeaning fail=0
[2020/05/12-21:57:59.575] [FT-TrainWorkThread-Wm8CwGL0-395] [INFO] [dku.shaker.schema] T-jdvpNezU - [ct: 106] Column Sp. Atk meaning=LongMeaning fail=0
[2020/05/12-21:57:59.578] [FT-TrainWorkThread-Wm8CwGL0-395] [INFO] [dku.shaker.schema] T-jdvpNezU - [ct: 109] Column Sp. Def meaning=LongMeaning fail=0
[2020/05/12-21:57:59.579] [FT-TrainWorkThread-Wm8CwGL0-395] [INFO] [dku.shaker.schema] T-jdvpNezU - [ct: 110] Column Speed meaning=LongMeaning fail=0
[2020/05/12-21:57:59.583] [FT-TrainWorkThread-Wm8CwGL0-395] [INFO] [dku.shaker.schema] T-jdvpNezU - [ct: 114] Column Generation meaning=LongMeaning fail=0
[2020/05/12-21:57:59.587] [FT-TrainWorkThread-Wm8CwGL0-395] [INFO] [dku.shaker.schema] T-jdvpNezU - [ct: 118] Column Legendary meaning=Boolean fail=0
[2020/05/12-21:57:59.595] [FT-TrainWorkThread-Wm8CwGL0-395] [INFO] [dku.input.push] T-jdvpNezU - Using ordering from dataset: {"enabled":false,"rules":[]}
[2020/05/12-21:57:59.602] [FT-TrainWorkThread-Wm8CwGL0-395] [INFO] [dku.input.push] T-jdvpNezU - USTP: push selection.method=FULL records=100000 ratio=0.02 col=null
[2020/05/12-21:57:59.607] [FT-TrainWorkThread-Wm8CwGL0-395] [INFO] [dku.datasets.push] T-jdvpNezU - [ct: 138] Push row splits limit= {"maxBytes":-1,"maxRecords":-1,"ordering":{"enabled":false,"rules":[]}}
[2020/05/12-21:57:59.611] [FT-TrainWorkThread-Wm8CwGL0-395] [INFO] [dku.input.rows] T-jdvpNezU - [ct: 142] Starting to push split com.dataiku.dip.datasets.sql.AbstractSQLTableDatasetHandler$TableClauseSplit@789bff7a with limit= -1
[2020/05/12-21:57:59.616] [FT-TrainWorkThread-Wm8CwGL0-395] [INFO] [dku.connections.sql.provider] T-jdvpNezU - [ct: 147] Connecting to jdbc:postgresql://localhost:5432/dataiku with props: {"user":"postgres"} conn=pgsql-localhost-dataiku-wRZSJmJ
[2020/05/12-21:57:59.627] [FT-TrainWorkThread-Wm8CwGL0-395] [DEBUG] [dku.connections.sql.driver] T-jdvpNezU - Driver version 9.0
[2020/05/12-21:57:59.659] [FT-TrainWorkThread-Wm8CwGL0-395] [INFO] [dku.connections.sql.provider] T-jdvpNezU - [ct: 190] Driver: PostgreSQL Native Driver (JDBC 4.0) PostgreSQL 9.0 JDBC4 (build 801) (9.0)
[2020/05/12-21:57:59.660] [FT-TrainWorkThread-Wm8CwGL0-395] [INFO] [dku.connections.sql.provider] T-jdvpNezU - [ct: 191] Database: PostgreSQL 12.1 (12.1) rowSize=8192 stmts=0
[2020/05/12-21:57:59.664] [FT-TrainWorkThread-Wm8CwGL0-395] [INFO] [dku.datasets.sql] T-jdvpNezU - [ct: 195] Executing query SELECT * FROM "POKEMON_pokemon_pgsql_train" (st=org.postgresql.jdbc4.Jdbc4Statement@47ab8a41)
[2020/05/12-21:57:59.671] [FT-TrainWorkThread-Wm8CwGL0-395] [INFO] [dku.datasets.sql] T-jdvpNezU - [ct: 202] Done executing query (st=org.postgresql.jdbc4.Jdbc4Statement@47ab8a41)
[2020/05/12-21:57:59.762] [FT-TrainWorkThread-Wm8CwGL0-395] [INFO] [dku.datasets.sql] T-jdvpNezU - [ct: 293] Done iterating result set, returned 414 rows
[2020/05/12-21:57:59.763] [FT-TrainWorkThread-Wm8CwGL0-395] [INFO] [dku.datasets.sql] T-jdvpNezU - [ct: 294] Exited push
[2020/05/12-21:57:59.809] [FT-TrainWorkThread-Wm8CwGL0-395] [DEBUG] [dku.connections.sql.provider] T-jdvpNezU - [ct: 340] Rollback and close conn=pgsql-localhost-dataiku-wRZSJmJ
[2020/05/12-21:57:59.811] [FT-TrainWorkThread-Wm8CwGL0-395] [DEBUG] [dku.connections.sql.provider] T-jdvpNezU - [ct: 342] Rollback conn=pgsql-localhost-dataiku-wRZSJmJ
[2020/05/12-21:57:59.816] [FT-TrainWorkThread-Wm8CwGL0-395] [DEBUG] [dku.connections.sql.provider] T-jdvpNezU - [ct: 347] Close conn=pgsql-localhost-dataiku-wRZSJmJ
[2020/05/12-21:57:59.822] [FT-TrainWorkThread-Wm8CwGL0-395] [DEBUG] [dku.connections.sql.provider] T-jdvpNezU - [ct: 353] Close conn=pgsql-localhost-dataiku-wRZSJmJ
[2020/05/12-21:57:59.839] [FT-TrainWorkThread-Wm8CwGL0-395] [INFO] [dku.analysis.splits] T-jdvpNezU - [ct: 370] Search for split: p=extractBeforePrepare=true,,ds=Pokemon_PgSQL_Train,sel=(method=full) i=5c5bd55f305c488b3e0eeacf9a2b04f9-0
[2020/05/12-21:57:59.844] [FT-TrainWorkThread-Wm8CwGL0-395] [INFO] [dku.analysis.splits] T-jdvpNezU - [ct: 375] Search for split: p=extractBeforePrepare=true,,ds=Pokemon_PgSQL_Train,sel=(method=full) i=5c5bd55f305c488b3e0eeacf9a2b04f9-0
[2020/05/12-21:57:59.867] [MRT-397] [INFO] [dku.analysis.ml.python]  - Running a preprocessing set: pp2 in /Users/gerryleonugroho/Library/DataScienceStudio/dss_home/analysis-data/POKEMON/Pa1DMTri/jdvpNezU/sessions/s1/pp2
[2020/05/12-21:57:59.867] [MRT-397] [INFO] [dku.block.link]  - Started a socket on port 61928
[2020/05/12-21:57:59.872] [MRT-397] [INFO] [dku.ml.kernel]  - Writing output of python-single-command-kernel to /Users/gerryleonugroho/Library/DataScienceStudio/dss_home/analysis-data/POKEMON/Pa1DMTri/jdvpNezU/sessions/s1/pp2/train.log
[2020/05/12-21:57:59.873] [MRT-397] [INFO] [dku.code.envs.resolution]  - Executing Python activity in builtin env
[2020/05/12-21:57:59.875] [MRT-397] [WARN] [dku.code.projectLibs]  - External libraries file not found: /Users/gerryleonugroho/Library/DataScienceStudio/dss_home/config/projects/POKEMON/lib/external-libraries.json
[2020/05/12-21:57:59.877] [MRT-397] [INFO] [dku.code.projectLibs]  - EXTERNAL LIBS FROM POKEMON is {"gitReferences":{},"pythonPath":["python"],"rsrcPath":["R"],"importLibrariesFromProjects":[]}
[2020/05/12-21:57:59.878] [MRT-397] [INFO] [dku.code.projectLibs]  - chunkFolder is /Users/gerryleonugroho/Library/DataScienceStudio/dss_home/config/projects/POKEMON/lib/R
[2020/05/12-21:57:59.880] [MRT-397] [INFO] [dku.python.single_command.kernel]  - Starting Python process for kernel  python-single-command-kernel
[2020/05/12-21:57:59.881] [MRT-397] [INFO] [dip.tickets]  - Creating API ticket for analysis-ml-POKEMON-cNPm9Lx on behalf of admin id=analysis-ml-POKEMON-cNPm9Lx_mLtaJOQznpzM
[2020/05/12-21:57:59.885] [MRT-397] [INFO] [dku.security.process]  - Starting process (regular)
[2020/05/12-21:57:59.871] [FT-TrainWorkThread-Wm8CwGL0-395] [INFO] [dku.analysis.ml.python] T-jdvpNezU - Joining processing thread ...
[2020/05/12-21:57:59.929] [MRT-397] [INFO] [dku.security.process]  - Process started with pid=7443
[2020/05/12-21:57:59.930] [MRT-397] [INFO] [dku.processes.cgroups]  - Will use cgroups []
[2020/05/12-21:57:59.932] [MRT-397] [INFO] [dku.processes.cgroups]  - Applying rules to used cgroups: []
Installing debugging signal handler
[2020-05-12 21:58:06,015] [7443/MainThread] [INFO] [root] Connecting to parent at port 61928
[2020-05-12 21:58:06,027] [7443/MainThread] [INFO] [root] Connected to parent at port 61928
[2020/05/12-21:58:06.028] [MRT-397] [INFO] [dku.link.secret_protected]  - Connected to kernel
[2020/05/12-21:58:06.031] [MRT-397] [INFO] [dku.analysis.train]  - SUBMITTING pp2 in: /Users/gerryleonugroho/Library/DataScienceStudio/dss_home/analysis-data/POKEMON/Pa1DMTri/jdvpNezU/sessions/s1/pp2 ; modeling set: [{"modelId":"m1","fullId":{"type":"ANALYSIS","taskLoc":{"analysisProjectKey":"POKEMON","analysisId":"Pa1DMTri","mlTaskId":"jdvpNezU"},"sessionId":"s1","preprocessingId":"pp2","modelId":"m1"},"modelingParams":{"algorithm":"PY_TWO_STEP","k":5,"n_jobs":2,"max_iterations":30,"epsilon":0.0,"min_sample_ratio":0.0,"gamma":0.0,"coef0":0.0,"seed":1337,"custom_has_k":false,"isolation_forest":{"k":2,"enabled":false,"n_estimators":100,"max_samples":0.5,"max_features":1.0,"contamination":0.05,"bootstrap":true,"max_anomalies":100,"n_samples":256,"max_depth":15,"seed":1337},"ts_kmeans_k":50,"metrics":{"evaluationMetric":"SILHOUETTE","customEvaluationMetricGIB":true}},"userMeta":{"description":"Interactive Clustering\nCluster outliers\n","name":"Interactive Clustering","starred":false,"clusterMetas":{},"customMeta":{"kv":{}},"tags":[],"activeClassifierThreshold":0.0},"run_folder":"/Users/gerryleonugroho/Library/DataScienceStudio/dss_home/analysis-data/POKEMON/Pa1DMTri/jdvpNezU/sessions/s1/pp2/m1","estimatedTrains":1,"pluginAlgoCustomGridSearch":false}]
[2020/05/12-21:58:06.032] [MRT-397] [INFO] [dku.block.link.interaction]  - Execute link command respClazz=true respTypeToken=false respIsString=false is=false asyncInputStream=false os=false
[2020-05-12 21:58:09,646] [7443/MainThread] [INFO] [root] Running analysis command: train_clustering_models_nosave
[2020-05-12 21:58:09,649] [7443/MainThread] [INFO] [dataiku.doctor.commands] START TRAIN :
[2020-05-12 21:58:09,649] [7443/MainThread] [INFO] [dataiku.doctor.utils.listener] START -  Loading source dataset
[2020-05-12 21:58:09,650] [7443/MainThread] [INFO] [root] Reading with dtypes: None
[2020-05-12 21:58:09,650] [7443/MainThread] [INFO] [dataiku.doctor.utils] Computed dtype for Name: None (schema_type=string feature_type=CATEGORY feature_role=REJECT)
[2020-05-12 21:58:09,650] [7443/MainThread] [INFO] [dataiku.doctor.utils] Computed dtype for Type 1: str (schema_type=string feature_type=CATEGORY feature_role=INPUT)
[2020-05-12 21:58:09,651] [7443/MainThread] [INFO] [dataiku.doctor.utils] Computed dtype for Type 2: str (schema_type=string feature_type=CATEGORY feature_role=INPUT)
[2020-05-12 21:58:09,651] [7443/MainThread] [INFO] [dataiku.doctor.utils] Computed dtype for Total: <type 'numpy.float64'> (schema_type=bigint feature_type=NUMERIC feature_role=INPUT)
[2020-05-12 21:58:09,651] [7443/MainThread] [INFO] [dataiku.doctor.utils] Computed dtype for HP: <type 'numpy.float64'> (schema_type=bigint feature_type=NUMERIC feature_role=INPUT)
[2020-05-12 21:58:09,651] [7443/MainThread] [INFO] [dataiku.doctor.utils] Computed dtype for Attack: <type 'numpy.float64'> (schema_type=bigint feature_type=NUMERIC feature_role=INPUT)
[2020-05-12 21:58:09,651] [7443/MainThread] [INFO] [dataiku.doctor.utils] Computed dtype for Defense: <type 'numpy.float64'> (schema_type=bigint feature_type=NUMERIC feature_role=INPUT)
[2020-05-12 21:58:09,651] [7443/MainThread] [INFO] [dataiku.doctor.utils] Computed dtype for Sp. Atk: <type 'numpy.float64'> (schema_type=bigint feature_type=NUMERIC feature_role=INPUT)
[2020-05-12 21:58:09,651] [7443/MainThread] [INFO] [dataiku.doctor.utils] Computed dtype for Sp. Def: <type 'numpy.float64'> (schema_type=bigint feature_type=NUMERIC feature_role=INPUT)
[2020-05-12 21:58:09,651] [7443/MainThread] [INFO] [dataiku.doctor.utils] Computed dtype for Speed: <type 'numpy.float64'> (schema_type=bigint feature_type=NUMERIC feature_role=INPUT)
[2020-05-12 21:58:09,651] [7443/MainThread] [INFO] [dataiku.doctor.utils] Computed dtype for Generation: <type 'numpy.float64'> (schema_type=bigint feature_type=NUMERIC feature_role=INPUT)
[2020-05-12 21:58:09,651] [7443/MainThread] [INFO] [dataiku.doctor.utils] Computed dtype for Legendary: str (schema_type=boolean feature_type=CATEGORY feature_role=INPUT)
[2020-05-12 21:58:09,652] [7443/MainThread] [INFO] [root] Reading with FIXED dtypes: {u'Generation': <type 'numpy.float64'>, u'Sp. Atk': <type 'numpy.float64'>, u'HP': <type 'numpy.float64'>, u'Sp. Def': <type 'numpy.float64'>, u'Type 2': 'str', u'Type 1': 'str', u'Attack': <type 'numpy.float64'>, u'Defense': <type 'numpy.float64'>, u'Legendary': 'str', u'Total': <type 'numpy.float64'>, u'Speed': <type 'numpy.float64'>}
[2020-05-12 21:58:09,695] [7443/MainThread] [INFO] [root] Loaded table
[2020-05-12 21:58:09,701] [7443/MainThread] [INFO] [dataiku.doctor.utils]  Coercion done
[2020-05-12 21:58:09,701] [7443/MainThread] [INFO] [dataiku.doctor.commands] Loaded source df: shape=(414,12)
[2020-05-12 21:58:09,701] [7443/MainThread] [INFO] [dataiku.doctor.utils.listener] END -  Loading source dataset
[2020-05-12 21:58:09,701] [7443/MainThread] [INFO] [dataiku.doctor.utils.listener] START -  Collecting statistics
[2020-05-12 21:58:09,702] [7443/MainThread] [INFO] [dataiku.doctor.preprocessing_collector] Looking at Name... (type=CATEGORY)
[2020-05-12 21:58:09,702] [7443/MainThread] [INFO] [dataiku.doctor.preprocessing_collector] Looking at Generation... (type=NUMERIC)
[2020-05-12 21:58:09,702] [7443/MainThread] [INFO] [dataiku.doctor.preprocessing_collector] Checking series of type: float64 (isM8=False)
[2020-05-12 21:58:09,713] [7443/MainThread] [INFO] [dataiku.doctor.preprocessing_collector] Looking at Type 2... (type=CATEGORY)
[2020-05-12 21:58:09,728] [7443/MainThread] [INFO] [dataiku.doctor.preprocessing_collector] Looking at HP... (type=NUMERIC)
[2020-05-12 21:58:09,728] [7443/MainThread] [INFO] [dataiku.doctor.preprocessing_collector] Checking series of type: float64 (isM8=False)
[2020-05-12 21:58:09,730] [7443/MainThread] [INFO] [dataiku.doctor.preprocessing_collector] Looking at Sp. Def... (type=NUMERIC)
[2020-05-12 21:58:09,730] [7443/MainThread] [INFO] [dataiku.doctor.preprocessing_collector] Checking series of type: float64 (isM8=False)
[2020-05-12 21:58:09,731] [7443/MainThread] [INFO] [dataiku.doctor.preprocessing_collector] Looking at Sp. Atk... (type=NUMERIC)
[2020-05-12 21:58:09,731] [7443/MainThread] [INFO] [dataiku.doctor.preprocessing_collector] Checking series of type: float64 (isM8=False)
[2020-05-12 21:58:09,732] [7443/MainThread] [INFO] [dataiku.doctor.preprocessing_collector] Looking at Type 1... (type=CATEGORY)
[2020-05-12 21:58:09,734] [7443/MainThread] [INFO] [dataiku.doctor.preprocessing_collector] Looking at Attack... (type=NUMERIC)
[2020-05-12 21:58:09,734] [7443/MainThread] [INFO] [dataiku.doctor.preprocessing_collector] Checking series of type: float64 (isM8=False)
[2020-05-12 21:58:09,736] [7443/MainThread] [INFO] [dataiku.doctor.preprocessing_collector] Looking at Defense... (type=NUMERIC)
[2020-05-12 21:58:09,736] [7443/MainThread] [INFO] [dataiku.doctor.preprocessing_collector] Checking series of type: float64 (isM8=False)
[2020-05-12 21:58:09,740] [7443/MainThread] [INFO] [dataiku.doctor.preprocessing_collector] Looking at Legendary... (type=CATEGORY)
[2020-05-12 21:58:09,742] [7443/MainThread] [INFO] [dataiku.doctor.preprocessing_collector] Looking at Total... (type=NUMERIC)
[2020-05-12 21:58:09,743] [7443/MainThread] [INFO] [dataiku.doctor.preprocessing_collector] Checking series of type: float64 (isM8=False)
[2020-05-12 21:58:09,744] [7443/MainThread] [INFO] [dataiku.doctor.preprocessing_collector] Looking at Speed... (type=NUMERIC)
[2020-05-12 21:58:09,744] [7443/MainThread] [INFO] [dataiku.doctor.preprocessing_collector] Checking series of type: float64 (isM8=False)
[2020-05-12 21:58:09,745] [7443/MainThread] [INFO] [dataiku.doctor.utils.listener] END -  Collecting statistics
[2020-05-12 21:58:09,746] [7443/MainThread] [INFO] [dataiku.doctor.multiframe] generating interactions
[2020-05-12 21:58:09,746] [7443/MainThread] [INFO] [dataiku.doctor.utils.listener] START -  Preprocessing data
[2020-05-12 21:58:09,746] [7443/MainThread] [INFO] [dataiku.doctor.multiframe] Set MF index len 414
[2020-05-12 21:58:09,746] [7443/MainThread] [DEBUG] [dku.ml.preprocessing] FIT/PROCESS WITH Step:FastSparseDummifyProcessor (Type 2)
[2020-05-12 21:58:09,776] [7443/MainThread] [DEBUG] [dku.ml.preprocessing] Dummifier: Append a sparse block shape=(414, 20) nnz=414
[2020-05-12 21:58:09,776] [7443/MainThread] [DEBUG] [dku.ml.preprocessing] FIT/PROCESS WITH Step:FastSparseDummifyProcessor (Type 1)
[2020-05-12 21:58:09,781] [7443/MainThread] [DEBUG] [dku.ml.preprocessing] Dummifier: Append a sparse block shape=(414, 20) nnz=414
[2020-05-12 21:58:09,782] [7443/MainThread] [DEBUG] [dku.ml.preprocessing] FIT/PROCESS WITH Step:FastSparseDummifyProcessor (Legendary)
[2020-05-12 21:58:09,786] [7443/MainThread] [DEBUG] [dku.ml.preprocessing] Dummifier: Append a sparse block shape=(414, 4) nnz=414
[2020-05-12 21:58:09,786] [7443/MainThread] [DEBUG] [dku.ml.preprocessing] FIT/PROCESS WITH Step:CopyMultipleColumnsFromInput
[2020-05-12 21:58:09,793] [7443/MainThread] [DEBUG] [dku.ml.preprocessing] FIT/PROCESS WITH Step:CopyMultipleColumnsFromInput
[2020-05-12 21:58:09,798] [7443/MainThread] [DEBUG] [dku.ml.preprocessing] FIT/PROCESS WITH Step:EmitCurrentMFAsResult
[2020-05-12 21:58:09,798] [7443/MainThread] [INFO] [dataiku.doctor.multiframe] Set MF index len 414
[2020-05-12 21:58:09,799] [7443/MainThread] [DEBUG] [dku.ml.preprocessing] FIT/PROCESS WITH Step:DumpPipelineState
[2020-05-12 21:58:09,799] [7443/MainThread] [DEBUG] [dku.ml.preprocessing] ********* Pipeline state (After create profiling)
[2020-05-12 21:58:09,799] [7443/MainThread] [DEBUG] [dku.ml.preprocessing]    input_df= (414, 12) 
[2020-05-12 21:58:09,799] [7443/MainThread] [DEBUG] [dku.ml.preprocessing]    current_mf=(0, 0) 
[2020-05-12 21:58:09,799] [7443/MainThread] [DEBUG] [dku.ml.preprocessing]    PPR: 
[2020-05-12 21:58:09,799] [7443/MainThread] [DEBUG] [dku.ml.preprocessing]       UNPROCESSED = <class 'pandas.core.frame.DataFrame'> ((414, 12))
[2020-05-12 21:58:09,799] [7443/MainThread] [DEBUG] [dku.ml.preprocessing]       PROFILING = <class 'dataiku.doctor.multiframe.MultiFrame'> ((414, 55))
[2020-05-12 21:58:09,799] [7443/MainThread] [DEBUG] [dku.ml.preprocessing] FIT/PROCESS WITH Step:MultipleImputeMissingFromInput
[2020-05-12 21:58:09,799] [7443/MainThread] [DEBUG] [dku.ml.preprocessing] MIMIFI: Imputing with map {u'Generation': 3.4106280193236715, u'HP': 70.64975845410628, u'Sp. Def': 75.56521739130434, u'Sp. Atk': 77.04830917874396, u'Attack': 83.17391304347827, u'Defense': 79.67632850241546, u'Total': 456.6280193236715, u'Speed': 70.51449275362319}
[2020-05-12 21:58:09,804] [7443/MainThread] [DEBUG] [dku.ml.preprocessing] FIT/PROCESS WITH Step:RescalingProcessor2 (Generation)
[2020-05-12 21:58:09,807] [7443/MainThread] [DEBUG] [dku.ml.preprocessing]   Rescale Generation (avg=3.41062801932 std=1.6630096384 shift=3.41062801932 inv_scale=0.60131942528)
[2020-05-12 21:58:09,858] [7443/MainThread] [DEBUG] [dku.ml.preprocessing]   Rescaled Generation (avg=4.89678078011e-15 std=1.0) nulls=0
[2020-05-12 21:58:09,859] [7443/MainThread] [DEBUG] [dku.ml.preprocessing] FIT/PROCESS WITH Step:RescalingProcessor2 (HP)
[2020-05-12 21:58:09,860] [7443/MainThread] [DEBUG] [dku.ml.preprocessing]   Rescale HP (avg=70.6497584541 std=22.8965573068 shift=70.6497584541 inv_scale=0.0436746881464)
[2020-05-12 21:58:09,862] [7443/MainThread] [DEBUG] [dku.ml.preprocessing]   Rescaled HP (avg=1.98177491594e-16 std=1.0) nulls=0
[2020-05-12 21:58:09,862] [7443/MainThread] [DEBUG] [dku.ml.preprocessing] FIT/PROCESS WITH Step:RescalingProcessor2 (Sp. Def)
[2020-05-12 21:58:09,862] [7443/MainThread] [DEBUG] [dku.ml.preprocessing]   Rescale Sp. Def (avg=75.5652173913 std=27.9499613037 shift=75.5652173913 inv_scale=0.0357782248474)
[2020-05-12 21:58:09,864] [7443/MainThread] [DEBUG] [dku.ml.preprocessing]   Rescaled Sp. Def (avg=9.25185853854e-17 std=1.0) nulls=0
[2020-05-12 21:58:09,864] [7443/MainThread] [DEBUG] [dku.ml.preprocessing] FIT/PROCESS WITH Step:RescalingProcessor2 (Sp. Atk)
[2020-05-12 21:58:09,865] [7443/MainThread] [DEBUG] [dku.ml.preprocessing]   Rescale Sp. Atk (avg=77.0483091787 std=33.8050612217 shift=77.0483091787 inv_scale=0.0295813692938)
[2020-05-12 21:58:09,867] [7443/MainThread] [DEBUG] [dku.ml.preprocessing]   Rescaled Sp. Atk (avg=1.60901887627e-18 std=1.0) nulls=0
[2020-05-12 21:58:09,867] [7443/MainThread] [DEBUG] [dku.ml.preprocessing] FIT/PROCESS WITH Step:RescalingProcessor2 (Attack)
[2020-05-12 21:58:09,867] [7443/MainThread] [DEBUG] [dku.ml.preprocessing]   Rescale Attack (avg=83.1739130435 std=33.6984734733 shift=83.1739130435 inv_scale=0.0296749347056)
[2020-05-12 21:58:09,879] [7443/MainThread] [DEBUG] [dku.ml.preprocessing]   Rescaled Attack (avg=-7.45512079338e-17 std=1.0) nulls=0
[2020-05-12 21:58:09,879] [7443/MainThread] [DEBUG] [dku.ml.preprocessing] FIT/PROCESS WITH Step:RescalingProcessor2 (Defense)
[2020-05-12 21:58:09,880] [7443/MainThread] [DEBUG] [dku.ml.preprocessing]   Rescale Defense (avg=79.6763285024 std=32.5937882352 shift=79.6763285024 inv_scale=0.0306806926762)
[2020-05-12 21:58:09,881] [7443/MainThread] [DEBUG] [dku.ml.preprocessing]   Rescaled Defense (avg=1.60901887627e-17 std=1.0) nulls=0
[2020-05-12 21:58:09,881] [7443/MainThread] [DEBUG] [dku.ml.preprocessing] FIT/PROCESS WITH Step:RescalingProcessor2 (Total)
[2020-05-12 21:58:09,882] [7443/MainThread] [DEBUG] [dku.ml.preprocessing]   Rescale Total (avg=456.628019324 std=120.849502338 shift=456.628019324 inv_scale=0.00827475480371)
[2020-05-12 21:58:09,883] [7443/MainThread] [DEBUG] [dku.ml.preprocessing]   Rescaled Total (avg=6.38244154253e-17 std=1.0) nulls=0
[2020-05-12 21:58:09,883] [7443/MainThread] [DEBUG] [dku.ml.preprocessing] FIT/PROCESS WITH Step:RescalingProcessor2 (Speed)
[2020-05-12 21:58:09,884] [7443/MainThread] [DEBUG] [dku.ml.preprocessing]   Rescale Speed (avg=70.5144927536 std=28.5214083411 shift=70.5144927536 inv_scale=0.0350613822445)
[2020-05-12 21:58:09,885] [7443/MainThread] [DEBUG] [dku.ml.preprocessing]   Rescaled Speed (avg=-2.15792896166e-17 std=1.0) nulls=0
[2020-05-12 21:58:09,886] [7443/MainThread] [DEBUG] [dku.ml.preprocessing] FIT/PROCESS WITH Step:FlushDFBuilder(num_flagonly)
[2020-05-12 21:58:09,886] [7443/MainThread] [DEBUG] [dku.ml.preprocessing] FIT/PROCESS WITH Step:FastSparseDummifyProcessor (Type 2)
[2020-05-12 21:58:09,910] [7443/MainThread] [DEBUG] [dku.ml.preprocessing] Dummifier: Append a sparse block shape=(414, 20) nnz=414
[2020-05-12 21:58:09,910] [7443/MainThread] [DEBUG] [dku.ml.preprocessing] FIT/PROCESS WITH Step:FastSparseDummifyProcessor (Type 1)
[2020-05-12 21:58:09,914] [7443/MainThread] [DEBUG] [dku.ml.preprocessing] Dummifier: Append a sparse block shape=(414, 20) nnz=414
[2020-05-12 21:58:09,914] [7443/MainThread] [DEBUG] [dku.ml.preprocessing] FIT/PROCESS WITH Step:FastSparseDummifyProcessor (Legendary)
[2020-05-12 21:58:09,921] [7443/MainThread] [DEBUG] [dku.ml.preprocessing] Dummifier: Append a sparse block shape=(414, 4) nnz=414
[2020-05-12 21:58:09,922] [7443/MainThread] [DEBUG] [dku.ml.preprocessing] FIT/PROCESS WITH Step:MultipleImputeMissingFromInput
[2020-05-12 21:58:09,922] [7443/MainThread] [DEBUG] [dku.ml.preprocessing] MIMIFI: Imputing with map {}
[2020-05-12 21:58:09,922] [7443/MainThread] [DEBUG] [dku.ml.preprocessing] FIT/PROCESS WITH Step:FlushDFBuilder(cat_flagpresence)
[2020-05-12 21:58:09,922] [7443/MainThread] [DEBUG] [dku.ml.preprocessing] FIT/PROCESS WITH Step:MultipleImputeMissingFromInput
[2020-05-12 21:58:09,922] [7443/MainThread] [DEBUG] [dku.ml.preprocessing] MIMIFI: Imputing with map {}
[2020-05-12 21:58:09,923] [7443/MainThread] [DEBUG] [dku.ml.preprocessing] FIT/PROCESS WITH Step:FlushDFBuilder(interaction)
[2020-05-12 21:58:09,923] [7443/MainThread] [DEBUG] [dku.ml.preprocessing] FIT/PROCESS WITH Step:DumpPipelineState
[2020-05-12 21:58:09,923] [7443/MainThread] [DEBUG] [dku.ml.preprocessing] ********* Pipeline state (After std handling)
[2020-05-12 21:58:09,923] [7443/MainThread] [DEBUG] [dku.ml.preprocessing]    input_df= (414, 12) 
[2020-05-12 21:58:09,923] [7443/MainThread] [DEBUG] [dku.ml.preprocessing]    current_mf=(414, 52) 
[2020-05-12 21:58:09,923] [7443/MainThread] [DEBUG] [dku.ml.preprocessing]    PPR: 
[2020-05-12 21:58:09,923] [7443/MainThread] [DEBUG] [dku.ml.preprocessing]       UNPROCESSED = <class 'pandas.core.frame.DataFrame'> ((414, 12))
[2020-05-12 21:58:09,923] [7443/MainThread] [DEBUG] [dku.ml.preprocessing]       PROFILING = <class 'dataiku.doctor.multiframe.MultiFrame'> ((414, 55))
[2020-05-12 21:58:09,923] [7443/MainThread] [DEBUG] [dku.ml.preprocessing] FIT/PROCESS WITH Step:OutlierDetection
[2020-05-12 21:58:09,924] [7443/MainThread] [DEBUG] [dku.ml.preprocessing] Outliers detection: fitting PCA
[2020-05-12 21:58:09,928] [7443/MainThread] [INFO] [dataiku.doctor.preprocessing.pca] Fitting on [[-1.01410864 -0.94117101 -1.44955746 ...  0.          0.
   0.        ]
 [-0.62833449 -0.51164131 -1.44955746 ...  0.          0.
   0.        ]
 [-0.03483579  0.10197254 -1.44955746 ...  0.          0.
   0.        ]
 ...
 [ 0.79606238 -0.60368339  1.55703967 ...  1.          0.
   0.        ]
 [ 2.27980911 -0.60368339  1.55703967 ...  1.          0.
   0.        ]
 [ 0.79606238  1.23715817  1.55703967 ...  1.          0.
   0.        ]] (cols [u'Attack', u'Defense', u'Generation', u'HP', u'Sp. Atk', u'Sp. Def', u'Speed', u'Total', u'dummy:Type 2:Flying', u'dummy:Type 2:Ground', u'dummy:Type 2:Poison', u'dummy:Type 2:Psychic', u'dummy:Type 2:Fighting', u'dummy:Type 2:Grass', u'dummy:Type 2:Fairy', u'dummy:Type 2:Steel', u'dummy:Type 2:Dark', u'dummy:Type 2:Dragon', u'dummy:Type 2:Water', u'dummy:Type 2:Rock', u'dummy:Type 2:Ice', u'dummy:Type 2:Ghost', u'dummy:Type 2:Fire', u'dummy:Type 2:Electric', u'dummy:Type 2:Normal', u'dummy:Type 2:Bug', u'dummy:Type 2:N/A', u'dummy:Type 2:__Others__', u'dummy:Type 1:Water', u'dummy:Type 1:Bug', u'dummy:Type 1:Grass', u'dummy:Type 1:Normal', u'dummy:Type 1:Rock', u'dummy:Type 1:Fire', u'dummy:Type 1:Ghost', u'dummy:Type 1:Steel', u'dummy:Type 1:Dragon', u'dummy:Type 1:Dark', u'dummy:Type 1:Psychic', u'dummy:Type 1:Ground', u'dummy:Type 1:Electric', u'dummy:Type 1:Poison', u'dummy:Type 1:Ice', u'dummy:Type 1:Fighting', u'dummy:Type 1:Fairy', u'dummy:Type 1:Flying', u'dummy:Type 1:N/A', u'dummy:Type 1:__Others__', u'dummy:Legendary:false', u'dummy:Legendary:true', u'dummy:Legendary:N/A', u'dummy:Legendary:__Others__'])
[2020-05-12 21:58:09,961] [7443/MainThread] [DEBUG] [dku.ml.preprocessing] Outliers detection: done fitting PCA
[2020-05-12 21:58:09,985] [7443/MainThread] [DEBUG] [dku.ml.preprocessing] Outliers detection: performing cubic-root kmeans on df (414, 14)
[2020-05-12 21:58:10,158] [7443/MainThread] [DEBUG] [dku.ml.preprocessing] Outliers detection: done kmeans
[2020-05-12 21:58:10,158] [7443/MainThread] [DEBUG] [dku.ml.preprocessing] Outliers detection: selecting mini-clusters
[2020-05-12 21:58:10,163] [7443/MainThread] [DEBUG] [dku.ml.preprocessing] Outliers detection: done (0 mini-clusters are outliers)
[2020-05-12 21:58:10,208] [7443/MainThread] [DEBUG] [dku.ml.preprocessing] Detected 0 outliers
[2020-05-12 21:58:10,209] [7443/MainThread] [DEBUG] [dku.ml.preprocessing] FIT/PROCESS WITH Step:DumpPipelineState
[2020-05-12 21:58:10,209] [7443/MainThread] [DEBUG] [dku.ml.preprocessing] ********* Pipeline state (After outliers)
[2020-05-12 21:58:10,215] [7443/MainThread] [DEBUG] [dku.ml.preprocessing]    input_df= (414, 12) 
[2020-05-12 21:58:10,215] [7443/MainThread] [DEBUG] [dku.ml.preprocessing]    current_mf=(414, 52) 
[2020-05-12 21:58:10,215] [7443/MainThread] [DEBUG] [dku.ml.preprocessing]    PPR: 
[2020-05-12 21:58:10,215] [7443/MainThread] [DEBUG] [dku.ml.preprocessing]       UNPROCESSED = <class 'pandas.core.frame.DataFrame'> ((414, 12))
[2020-05-12 21:58:10,216] [7443/MainThread] [DEBUG] [dku.ml.preprocessing]       PROFILING = <class 'dataiku.doctor.multiframe.MultiFrame'> ((414, 55))
[2020-05-12 21:58:10,216] [7443/MainThread] [DEBUG] [dku.ml.preprocessing]       OUTLIERS = <class 'dataiku.doctor.multiframe.MultiFrame'> ((414, 1))
[2020-05-12 21:58:10,216] [7443/MainThread] [DEBUG] [dku.ml.preprocessing] FIT/PROCESS WITH Step:EmitCurrentMFAsResult
[2020-05-12 21:58:10,216] [7443/MainThread] [INFO] [dataiku.doctor.multiframe] Set MF index len 414
[2020-05-12 21:58:10,216] [7443/MainThread] [DEBUG] [dku.ml.preprocessing] FIT/PROCESS WITH Step:AddReferenceInOutput
[2020-05-12 21:58:10,216] [7443/MainThread] [DEBUG] [dku.ml.preprocessing] FIT/PROCESS WITH Step:DumpPipelineState
[2020-05-12 21:58:10,216] [7443/MainThread] [DEBUG] [dku.ml.preprocessing] ********* Pipeline state (After PCA)
[2020-05-12 21:58:10,216] [7443/MainThread] [DEBUG] [dku.ml.preprocessing]    input_df= (414, 12) 
[2020-05-12 21:58:10,216] [7443/MainThread] [DEBUG] [dku.ml.preprocessing]    current_mf=(0, 0) 
[2020-05-12 21:58:10,216] [7443/MainThread] [DEBUG] [dku.ml.preprocessing]    PPR: 
[2020-05-12 21:58:10,216] [7443/MainThread] [DEBUG] [dku.ml.preprocessing]       UNPROCESSED = <class 'pandas.core.frame.DataFrame'> ((414, 12))
[2020-05-12 21:58:10,217] [7443/MainThread] [DEBUG] [dku.ml.preprocessing]       TRAIN = <class 'dataiku.doctor.multiframe.MultiFrame'> ((414, 52))
[2020-05-12 21:58:10,217] [7443/MainThread] [DEBUG] [dku.ml.preprocessing]       PROFILING = <class 'dataiku.doctor.multiframe.MultiFrame'> ((414, 55))
[2020-05-12 21:58:10,217] [7443/MainThread] [DEBUG] [dku.ml.preprocessing]       TRAIN_PREPCA = <class 'dataiku.doctor.multiframe.MultiFrame'> ((414, 52))
[2020-05-12 21:58:10,217] [7443/MainThread] [DEBUG] [dku.ml.preprocessing]       OUTLIERS = <class 'dataiku.doctor.multiframe.MultiFrame'> ((414, 1))
[2020-05-12 21:58:10,233] [7443/MainThread] [INFO] [dataiku.doctor.utils.listener] END -  Preprocessing data
[2020-05-12 21:58:10,234] [7443/MainThread] [INFO] [dataiku.doctor.utils.listener] START -  Fitting model
[2020-05-12 21:58:10,241] [7443/MainThread] [INFO] [dataiku.doctor.clustering.clustering_fit] FP Attack=-1.0141086382004494
[2020-05-12 21:58:10,242] [7443/MainThread] [INFO] [dataiku.doctor.clustering.clustering_fit] FP Defense=-0.9411710072180838
[2020-05-12 21:58:10,242] [7443/MainThread] [INFO] [dataiku.doctor.clustering.clustering_fit] FP Generation=-1.4495574551441772
[2020-05-12 21:58:10,242] [7443/MainThread] [INFO] [dataiku.doctor.clustering.clustering_fit] FP HP=-1.1202452015131732
[2020-05-12 21:58:10,242] [7443/MainThread] [INFO] [dataiku.doctor.clustering.clustering_fit] FP Sp. Atk=-0.3564054831825558
[2020-05-12 21:58:10,242] [7443/MainThread] [INFO] [dataiku.doctor.clustering.clustering_fit] FP Sp. Def=-0.37800472338796676
[2020-05-12 21:58:10,243] [7443/MainThread] [INFO] [dataiku.doctor.clustering.clustering_fit] FP Speed=-0.8945733832094779
[2020-05-12 21:58:10,243] [7443/MainThread] [INFO] [dataiku.doctor.clustering.clustering_fit] FP Total=-1.1471128688266623
[2020-05-12 21:58:10,243] [7443/MainThread] [INFO] [dataiku.doctor.clustering.clustering_fit] FP dummy:Type 2:Flying=0.0
[2020-05-12 21:58:10,243] [7443/MainThread] [INFO] [dataiku.doctor.clustering.clustering_fit] FP dummy:Type 2:Ground=0.0
[2020-05-12 21:58:10,243] [7443/MainThread] [INFO] [dataiku.doctor.clustering.clustering_fit] FP dummy:Type 2:Poison=1.0
[2020-05-12 21:58:10,244] [7443/MainThread] [INFO] [dataiku.doctor.clustering.clustering_fit] FP dummy:Type 2:Psychic=0.0
[2020-05-12 21:58:10,244] [7443/MainThread] [INFO] [dataiku.doctor.clustering.clustering_fit] FP dummy:Type 2:Fighting=0.0
[2020-05-12 21:58:10,244] [7443/MainThread] [INFO] [dataiku.doctor.clustering.clustering_fit] FP dummy:Type 2:Grass=0.0
[2020-05-12 21:58:10,244] [7443/MainThread] [INFO] [dataiku.doctor.clustering.clustering_fit] FP dummy:Type 2:Fairy=0.0
[2020-05-12 21:58:10,244] [7443/MainThread] [INFO] [dataiku.doctor.clustering.clustering_fit] FP dummy:Type 2:Steel=0.0
[2020-05-12 21:58:10,244] [7443/MainThread] [INFO] [dataiku.doctor.clustering.clustering_fit] FP dummy:Type 2:Dark=0.0
[2020-05-12 21:58:10,245] [7443/MainThread] [INFO] [dataiku.doctor.clustering.clustering_fit] FP dummy:Type 2:Dragon=0.0
[2020-05-12 21:58:10,245] [7443/MainThread] [INFO] [dataiku.doctor.clustering.clustering_fit] FP dummy:Type 2:Water=0.0
[2020-05-12 21:58:10,245] [7443/MainThread] [INFO] [dataiku.doctor.clustering.clustering_fit] FP dummy:Type 2:Rock=0.0
[2020-05-12 21:58:10,245] [7443/MainThread] [INFO] [dataiku.doctor.clustering.clustering_fit] FP dummy:Type 2:Ice=0.0
[2020-05-12 21:58:10,246] [7443/MainThread] [INFO] [dataiku.doctor.clustering.clustering_fit] FP dummy:Type 2:Ghost=0.0
[2020-05-12 21:58:10,246] [7443/MainThread] [INFO] [dataiku.doctor.clustering.clustering_fit] FP dummy:Type 2:Fire=0.0
[2020-05-12 21:58:10,246] [7443/MainThread] [INFO] [dataiku.doctor.clustering.clustering_fit] FP dummy:Type 2:Electric=0.0
[2020-05-12 21:58:10,246] [7443/MainThread] [INFO] [dataiku.doctor.clustering.clustering_fit] FP dummy:Type 2:Normal=0.0
[2020-05-12 21:58:10,247] [7443/MainThread] [INFO] [dataiku.doctor.clustering.clustering_fit] FP dummy:Type 2:Bug=0.0
[2020-05-12 21:58:10,247] [7443/MainThread] [INFO] [dataiku.doctor.clustering.clustering_fit] FP dummy:Type 2:N/A=0.0
[2020-05-12 21:58:10,248] [7443/MainThread] [INFO] [dataiku.doctor.clustering.clustering_fit] FP dummy:Type 2:__Others__=0.0
[2020-05-12 21:58:10,248] [7443/MainThread] [INFO] [dataiku.doctor.clustering.clustering_fit] FP dummy:Type 1:Water=0.0
[2020-05-12 21:58:10,248] [7443/MainThread] [INFO] [dataiku.doctor.clustering.clustering_fit] FP dummy:Type 1:Bug=0.0
[2020-05-12 21:58:10,249] [7443/MainThread] [INFO] [dataiku.doctor.clustering.clustering_fit] FP dummy:Type 1:Grass=1.0
[2020-05-12 21:58:10,249] [7443/MainThread] [INFO] [dataiku.doctor.clustering.clustering_fit] FP dummy:Type 1:Normal=0.0
[2020-05-12 21:58:10,250] [7443/MainThread] [INFO] [dataiku.doctor.clustering.clustering_fit] FP dummy:Type 1:Rock=0.0
[2020-05-12 21:58:10,250] [7443/MainThread] [INFO] [dataiku.doctor.clustering.clustering_fit] FP dummy:Type 1:Fire=0.0
[2020-05-12 21:58:10,250] [7443/MainThread] [INFO] [dataiku.doctor.clustering.clustering_fit] FP dummy:Type 1:Ghost=0.0
[2020-05-12 21:58:10,251] [7443/MainThread] [INFO] [dataiku.doctor.clustering.clustering_fit] FP dummy:Type 1:Steel=0.0
[2020-05-12 21:58:10,251] [7443/MainThread] [INFO] [dataiku.doctor.clustering.clustering_fit] FP dummy:Type 1:Dragon=0.0
[2020-05-12 21:58:10,251] [7443/MainThread] [INFO] [dataiku.doctor.clustering.clustering_fit] FP dummy:Type 1:Dark=0.0
[2020-05-12 21:58:10,252] [7443/MainThread] [INFO] [dataiku.doctor.clustering.clustering_fit] FP dummy:Type 1:Psychic=0.0
[2020-05-12 21:58:10,252] [7443/MainThread] [INFO] [dataiku.doctor.clustering.clustering_fit] FP dummy:Type 1:Ground=0.0
[2020-05-12 21:58:10,252] [7443/MainThread] [INFO] [dataiku.doctor.clustering.clustering_fit] FP dummy:Type 1:Electric=0.0
[2020-05-12 21:58:10,252] [7443/MainThread] [INFO] [dataiku.doctor.clustering.clustering_fit] FP dummy:Type 1:Poison=0.0
[2020-05-12 21:58:10,253] [7443/MainThread] [INFO] [dataiku.doctor.clustering.clustering_fit] FP dummy:Type 1:Ice=0.0
[2020-05-12 21:58:10,253] [7443/MainThread] [INFO] [dataiku.doctor.clustering.clustering_fit] FP dummy:Type 1:Fighting=0.0
[2020-05-12 21:58:10,254] [7443/MainThread] [INFO] [dataiku.doctor.clustering.clustering_fit] FP dummy:Type 1:Fairy=0.0
[2020-05-12 21:58:10,256] [7443/MainThread] [INFO] [dataiku.doctor.clustering.clustering_fit] FP dummy:Type 1:Flying=0.0
[2020-05-12 21:58:10,256] [7443/MainThread] [INFO] [dataiku.doctor.clustering.clustering_fit] FP dummy:Type 1:N/A=0.0
[2020-05-12 21:58:10,259] [7443/MainThread] [INFO] [dataiku.doctor.clustering.clustering_fit] FP dummy:Type 1:__Others__=0.0
[2020-05-12 21:58:10,259] [7443/MainThread] [INFO] [dataiku.doctor.clustering.clustering_fit] FP dummy:Legendary:false=1.0
[2020-05-12 21:58:10,259] [7443/MainThread] [INFO] [dataiku.doctor.clustering.clustering_fit] FP dummy:Legendary:true=0.0
[2020-05-12 21:58:10,260] [7443/MainThread] [INFO] [dataiku.doctor.clustering.clustering_fit] FP dummy:Legendary:N/A=0.0
[2020-05-12 21:58:10,260] [7443/MainThread] [INFO] [dataiku.doctor.clustering.clustering_fit] FP dummy:Legendary:__Others__=0.0
[2020-05-12 21:58:11,291] [7443/MainThread] [INFO] [dataiku.doctor.clustering.clustering_fit] Clustering model inspector algo=PY_TWO_STEP
[2020-05-12 21:58:11,291] [7443/MainThread] [INFO] [dataiku.doctor.clustering.clustering_fit] End of get_actu_params: now {u'n_jobs': 2, u'algorithm': u'PY_TWO_STEP', u'coef0': 0.0, u'isolation_forest': {u'max_samples': 0.5, u'k': 2, u'bootstrap': True, u'enabled': False, u'max_anomalies': 100, u'n_estimators': 100, u'seed': 1337, u'n_samples': 256, u'max_features': 1.0, u'max_depth': 15, u'contamination': 0.05}, u'epsilon': 0.0, u'k': 5, u'custom_has_k': False, u'metrics': {u'evaluationMetric': u'SILHOUETTE', u'customEvaluationMetricGIB': True}, u'seed': 1337, u'min_sample_ratio': 0.0, u'ts_kmeans_k': 50, u'gamma': 0.0, u'max_iterations': 30}
[2020-05-12 21:58:11,292] [7443/MainThread] [INFO] [dataiku.doctor.utils.listener] END -  Fitting model
[2020-05-12 21:58:11,292] [7443/MainThread] [INFO] [dataiku.doctor.utils.listener] START -  Saving model
[2020-05-12 21:58:11,297] [7443/MainThread] [INFO] [dataiku.doctor.utils.listener] END -  Saving model
[2020-05-12 21:58:11,297] [7443/MainThread] [INFO] [dataiku.doctor.utils.listener] START -  Scoring model
[2020-05-12 21:58:11,299] [7443/MainThread] [INFO] [dataiku.doctor.clustering.clustering_scorer] Clustering scoring: transform to dataframes
[2020-05-12 21:58:11,310] [7443/MainThread] [INFO] [dataiku.doctor.clustering.clustering_scorer] Clustering scoring: Dumping shapes
[2020-05-12 21:58:11,310] [7443/MainThread] [INFO] [dataiku.doctor.clustering.clustering_scorer]   Train df = (414, 52)
[2020-05-12 21:58:11,310] [7443/MainThread] [INFO] [dataiku.doctor.clustering.clustering_scorer]   Profiling df = (414, 55)
[2020-05-12 21:58:11,310] [7443/MainThread] [INFO] [dataiku.doctor.clustering.clustering_scorer]   Prepca df = (414, 52)
[2020-05-12 21:58:11,310] [7443/MainThread] [INFO] [dataiku.doctor.clustering.clustering_scorer] Clustering scoring: Starting work
[2020-05-12 21:58:12,168] [7443/MainThread] [INFO] [dataiku.doctor.clustering.clustering_scorer] Clustering scoring: building final profiling_df
[2020-05-12 21:58:12,178] [7443/MainThread] [INFO] [dataiku.doctor.clustering.clustering_scorer] shape ofw train : 414,52
[2020-05-12 21:58:12,178] [7443/MainThread] [INFO] [dataiku.doctor.clustering.clustering_scorer] shape of global dataframe : 414,56
[2020-05-12 21:58:12,179] [7443/MainThread] [INFO] [dataiku.doctor.clustering.clustering_scorer] Clustering scorer: final profiling_df (414, 56)
[2020-05-12 21:58:12,184] [7443/MainThread] [INFO] [dataiku.doctor.clustering.clustering_scorer] clusters list : ['node_41' 'node_90' 'node_91' 'node_93' 'node_94']
[2020-05-12 21:58:12,185] [7443/MainThread] [INFO] [dataiku.doctor.clustering.clustering_scorer] cluster in dataframe : ['node_41' 'node_90' 'node_91' 'node_93' 'node_94']
[2020-05-12 21:58:12,381] [7443/MainThread] [INFO] [dataiku.doctor.clustering.clustering_scorer] Labels:     cluster_labels
0          node_91
1          node_94
2          node_94
3          node_90
4          node_94
5          node_90
6          node_90
7          node_94
8          node_91
9          node_91
10         node_94
11         node_94
12         node_91
13         node_91
14         node_94
15         node_90
16         node_91
17         node_94
18         node_94
19         node_94
20         node_91
21         node_91
22         node_91
23         node_94
24         node_91
25         node_94
26         node_94
27         node_91
28         node_94
29         node_91
..             ...
384        node_93
385        node_91
386        node_94
387        node_91
388        node_94
389        node_91
390        node_94
391        node_94
392        node_94
393        node_93
394        node_94
395        node_91
396        node_94
397        node_91
398        node_91
399        node_91
400        node_91
401        node_94
402        node_94
403        node_94
404        node_94
405        node_91
406        node_94
407        node_90
408        node_90
409        node_93
410        node_90
411        node_90
412        node_90
413        node_90
[414 rows x 1 columns]
[2020-05-12 21:58:12,387] [7443/MainThread] [INFO] [dataiku.doctor.clustering.clustering_scorer] Grouped: Empty DataFrame
Columns: []
Index: [node_41, node_90, node_91, node_93, node_94]
[2020-05-12 21:58:12,389] [7443/MainThread] [INFO] [dataiku.doctor.clustering.clustering_scorer] Grouped2: <pandas.core.groupby.groupby.DataFrameGroupBy object at 0x1138598d0>
[2020-05-12 21:58:12,402] [7443/MainThread] [INFO] [dataiku.doctor.clustering.clustering_scorer] Study profiling column: dummy:Type 2:Flying dtype=float64
[2020-05-12 21:58:12,402] [7443/MainThread] [INFO] [dataiku.doctor.clustering.clustering_scorer] Study profiling column: dummy:Type 2:Ground dtype=float64
[2020-05-12 21:58:12,402] [7443/MainThread] [INFO] [dataiku.doctor.clustering.clustering_scorer] Study profiling column: dummy:Type 2:Poison dtype=float64
[2020-05-12 21:58:12,402] [7443/MainThread] [INFO] [dataiku.doctor.clustering.clustering_scorer] Study profiling column: dummy:Type 2:Psychic dtype=float64
[2020-05-12 21:58:12,402] [7443/MainThread] [INFO] [dataiku.doctor.clustering.clustering_scorer] Study profiling column: dummy:Type 2:Fighting dtype=float64
[2020-05-12 21:58:12,402] [7443/MainThread] [INFO] [dataiku.doctor.clustering.clustering_scorer] Study profiling column: dummy:Type 2:Grass dtype=float64
[2020-05-12 21:58:12,403] [7443/MainThread] [INFO] [dataiku.doctor.clustering.clustering_scorer] Study profiling column: dummy:Type 2:Fairy dtype=float64
[2020-05-12 21:58:12,403] [7443/MainThread] [INFO] [dataiku.doctor.clustering.clustering_scorer] Study profiling column: dummy:Type 2:Steel dtype=float64
[2020-05-12 21:58:12,403] [7443/MainThread] [INFO] [dataiku.doctor.clustering.clustering_scorer] Study profiling column: dummy:Type 2:Dark dtype=float64
[2020-05-12 21:58:12,403] [7443/MainThread] [INFO] [dataiku.doctor.clustering.clustering_scorer] Study profiling column: dummy:Type 2:Dragon dtype=float64
[2020-05-12 21:58:12,404] [7443/MainThread] [INFO] [dataiku.doctor.clustering.clustering_scorer] Study profiling column: dummy:Type 2:Water dtype=float64
[2020-05-12 21:58:12,404] [7443/MainThread] [INFO] [dataiku.doctor.clustering.clustering_scorer] Study profiling column: dummy:Type 2:Rock dtype=float64
[2020-05-12 21:58:12,404] [7443/MainThread] [INFO] [dataiku.doctor.clustering.clustering_scorer] Study profiling column: dummy:Type 2:Ice dtype=float64
[2020-05-12 21:58:12,404] [7443/MainThread] [INFO] [dataiku.doctor.clustering.clustering_scorer] Study profiling column: dummy:Type 2:Ghost dtype=float64
[2020-05-12 21:58:12,405] [7443/MainThread] [INFO] [dataiku.doctor.clustering.clustering_scorer] Study profiling column: dummy:Type 2:Fire dtype=float64
[2020-05-12 21:58:12,405] [7443/MainThread] [INFO] [dataiku.doctor.clustering.clustering_scorer] Study profiling column: dummy:Type 2:Electric dtype=float64
[2020-05-12 21:58:12,405] [7443/MainThread] [INFO] [dataiku.doctor.clustering.clustering_scorer] Study profiling column: dummy:Type 2:Normal dtype=float64
[2020-05-12 21:58:12,406] [7443/MainThread] [INFO] [dataiku.doctor.clustering.clustering_scorer] Study profiling column: dummy:Type 2:Bug dtype=float64
[2020-05-12 21:58:12,406] [7443/MainThread] [INFO] [dataiku.doctor.clustering.clustering_scorer] Study profiling column: dummy:Type 2:N/A dtype=float64
[2020-05-12 21:58:12,407] [7443/MainThread] [INFO] [dataiku.doctor.clustering.clustering_scorer] Study profiling column: dummy:Type 2:__Others__ dtype=float64
[2020-05-12 21:58:12,407] [7443/MainThread] [INFO] [dataiku.doctor.clustering.clustering_scorer] Study profiling column: dummy:Type 1:Water dtype=float64
[2020-05-12 21:58:12,408] [7443/MainThread] [INFO] [dataiku.doctor.clustering.clustering_scorer] Study profiling column: dummy:Type 1:Bug dtype=float64
[2020-05-12 21:58:12,408] [7443/MainThread] [INFO] [dataiku.doctor.clustering.clustering_scorer] Study profiling column: dummy:Type 1:Grass dtype=float64
[2020-05-12 21:58:12,409] [7443/MainThread] [INFO] [dataiku.doctor.clustering.clustering_scorer] Study profiling column: dummy:Type 1:Normal dtype=float64
[2020-05-12 21:58:12,409] [7443/MainThread] [INFO] [dataiku.doctor.clustering.clustering_scorer] Study profiling column: dummy:Type 1:Rock dtype=float64
[2020-05-12 21:58:12,409] [7443/MainThread] [INFO] [dataiku.doctor.clustering.clustering_scorer] Study profiling column: dummy:Type 1:Fire dtype=float64
[2020-05-12 21:58:12,409] [7443/MainThread] [INFO] [dataiku.doctor.clustering.clustering_scorer] Study profiling column: dummy:Type 1:Ghost dtype=float64
[2020-05-12 21:58:12,409] [7443/MainThread] [INFO] [dataiku.doctor.clustering.clustering_scorer] Study profiling column: dummy:Type 1:Steel dtype=float64
[2020-05-12 21:58:12,410] [7443/MainThread] [INFO] [dataiku.doctor.clustering.clustering_scorer] Study profiling column: dummy:Type 1:Dragon dtype=float64
[2020-05-12 21:58:12,410] [7443/MainThread] [INFO] [dataiku.doctor.clustering.clustering_scorer] Study profiling column: dummy:Type 1:Dark dtype=float64
[2020-05-12 21:58:12,410] [7443/MainThread] [INFO] [dataiku.doctor.clustering.clustering_scorer] Study profiling column: dummy:Type 1:Psychic dtype=float64
[2020-05-12 21:58:12,410] [7443/MainThread] [INFO] [dataiku.doctor.clustering.clustering_scorer] Study profiling column: dummy:Type 1:Ground dtype=float64
[2020-05-12 21:58:12,411] [7443/MainThread] [INFO] [dataiku.doctor.clustering.clustering_scorer] Study profiling column: dummy:Type 1:Electric dtype=float64
[2020-05-12 21:58:12,411] [7443/MainThread] [INFO] [dataiku.doctor.clustering.clustering_scorer] Study profiling column: dummy:Type 1:Poison dtype=float64
[2020-05-12 21:58:12,411] [7443/MainThread] [INFO] [dataiku.doctor.clustering.clustering_scorer] Study profiling column: dummy:Type 1:Ice dtype=float64
[2020-05-12 21:58:12,411] [7443/MainThread] [INFO] [dataiku.doctor.clustering.clustering_scorer] Study profiling column: dummy:Type 1:Fighting dtype=float64
[2020-05-12 21:58:12,411] [7443/MainThread] [INFO] [dataiku.doctor.clustering.clustering_scorer] Study profiling column: dummy:Type 1:Fairy dtype=float64
[2020-05-12 21:58:12,412] [7443/MainThread] [INFO] [dataiku.doctor.clustering.clustering_scorer] Study profiling column: dummy:Type 1:Flying dtype=float64
[2020-05-12 21:58:12,412] [7443/MainThread] [INFO] [dataiku.doctor.clustering.clustering_scorer] Study profiling column: dummy:Type 1:N/A dtype=float64
[2020-05-12 21:58:12,412] [7443/MainThread] [INFO] [dataiku.doctor.clustering.clustering_scorer] Study profiling column: dummy:Type 1:__Others__ dtype=float64
[2020-05-12 21:58:12,412] [7443/MainThread] [INFO] [dataiku.doctor.clustering.clustering_scorer] Study profiling column: dummy:Legendary:false dtype=float64
[2020-05-12 21:58:12,412] [7443/MainThread] [INFO] [dataiku.doctor.clustering.clustering_scorer] Study profiling column: dummy:Legendary:true dtype=float64
[2020-05-12 21:58:12,412] [7443/MainThread] [INFO] [dataiku.doctor.clustering.clustering_scorer] Study profiling column: dummy:Legendary:N/A dtype=float64
[2020-05-12 21:58:12,412] [7443/MainThread] [INFO] [dataiku.doctor.clustering.clustering_scorer] Study profiling column: dummy:Legendary:__Others__ dtype=float64
[2020-05-12 21:58:12,413] [7443/MainThread] [INFO] [dataiku.doctor.clustering.clustering_scorer] Study profiling column: Generation dtype=float64
[2020-05-12 21:58:12,413] [7443/MainThread] [INFO] [dataiku.doctor.clustering.clustering_scorer]   It's a float
[2020-05-12 21:58:12,430] [7443/MainThread] [INFO] [dataiku.doctor.clustering.clustering_scorer] Study profiling column: HP dtype=float64
[2020-05-12 21:58:12,430] [7443/MainThread] [INFO] [dataiku.doctor.clustering.clustering_scorer]   It's a float
[2020-05-12 21:58:12,451] [7443/MainThread] [INFO] [dataiku.doctor.clustering.clustering_scorer] Study profiling column: Sp. Def dtype=float64
[2020-05-12 21:58:12,451] [7443/MainThread] [INFO] [dataiku.doctor.clustering.clustering_scorer]   It's a float
[2020-05-12 21:58:12,470] [7443/MainThread] [INFO] [dataiku.doctor.clustering.clustering_scorer] Study profiling column: Sp. Atk dtype=float64
[2020-05-12 21:58:12,470] [7443/MainThread] [INFO] [dataiku.doctor.clustering.clustering_scorer]   It's a float
[2020-05-12 21:58:12,487] [7443/MainThread] [INFO] [dataiku.doctor.clustering.clustering_scorer] Study profiling column: Attack dtype=float64
[2020-05-12 21:58:12,487] [7443/MainThread] [INFO] [dataiku.doctor.clustering.clustering_scorer]   It's a float
[2020-05-12 21:58:12,507] [7443/MainThread] [INFO] [dataiku.doctor.clustering.clustering_scorer] Study profiling column: Defense dtype=float64
[2020-05-12 21:58:12,507] [7443/MainThread] [INFO] [dataiku.doctor.clustering.clustering_scorer]   It's a float
[2020-05-12 21:58:12,525] [7443/MainThread] [INFO] [dataiku.doctor.clustering.clustering_scorer] Study profiling column: Total dtype=float64
[2020-05-12 21:58:12,525] [7443/MainThread] [INFO] [dataiku.doctor.clustering.clustering_scorer]   It's a float
[2020-05-12 21:58:12,539] [7443/MainThread] [INFO] [dataiku.doctor.clustering.clustering_scorer] Study profiling column: Speed dtype=float64
[2020-05-12 21:58:12,539] [7443/MainThread] [INFO] [dataiku.doctor.clustering.clustering_scorer]   It's a float
[2020-05-12 21:58:12,555] [7443/MainThread] [INFO] [dataiku.doctor.clustering.clustering_scorer] Study profiling column: Type 2 dtype=object
[2020-05-12 21:58:12,556] [7443/MainThread] [INFO] [dataiku.doctor.clustering.clustering_scorer]   It's a cat
[2020-05-12 21:58:12,584] [7443/MainThread] [INFO] [dataiku.doctor.clustering.clustering_scorer] Study profiling column: Type 1 dtype=object
[2020-05-12 21:58:12,585] [7443/MainThread] [INFO] [dataiku.doctor.clustering.clustering_scorer]   It's a cat
[2020-05-12 21:58:12,622] [7443/MainThread] [INFO] [dataiku.doctor.clustering.clustering_scorer] Study profiling column: Legendary dtype=object
[2020-05-12 21:58:12,622] [7443/MainThread] [INFO] [dataiku.doctor.clustering.clustering_scorer]   It's a cat
[2020-05-12 21:58:12,734] [7443/MainThread] [INFO] [dataiku.doctor.clustering.clustering_scorer] Study profiling column: cluster_labels dtype=object
[2020-05-12 21:58:12,798] [7443/MainThread] [INFO] [dataiku.doctor.clustering.clustering_scorer] DONE cluster profiling
[2020-05-12 21:58:12,799] [7443/MainThread] [INFO] [dataiku.doctor.clustering.clustering_scorer] Done cluster desc/profiling/summary
[2020-05-12 21:58:12,997] [7443/MainThread] [INFO] [dataiku.doctor.clustering.clustering_scorer] Summarizing numerical column : dummy:Type 2:Flying (float64)
[2020-05-12 21:58:12,997] [7443/MainThread] [INFO] [dataiku.doctor.clustering.clustering_scorer] Summarizing numerical column : dummy:Type 2:Ground (float64)
[2020-05-12 21:58:12,997] [7443/MainThread] [INFO] [dataiku.doctor.clustering.clustering_scorer] Summarizing numerical column : dummy:Type 2:Poison (float64)
[2020-05-12 21:58:12,997] [7443/MainThread] [INFO] [dataiku.doctor.clustering.clustering_scorer] Summarizing numerical column : dummy:Type 2:Psychic (float64)
[2020-05-12 21:58:12,997] [7443/MainThread] [INFO] [dataiku.doctor.clustering.clustering_scorer] Summarizing numerical column : dummy:Type 2:Fighting (float64)
[2020-05-12 21:58:12,998] [7443/MainThread] [INFO] [dataiku.doctor.clustering.clustering_scorer] Summarizing numerical column : dummy:Type 2:Grass (float64)
[2020-05-12 21:58:12,998] [7443/MainThread] [INFO] [dataiku.doctor.clustering.clustering_scorer] Summarizing numerical column : dummy:Type 2:Fairy (float64)
[2020-05-12 21:58:12,998] [7443/MainThread] [INFO] [dataiku.doctor.clustering.clustering_scorer] Summarizing numerical column : dummy:Type 2:Steel (float64)
[2020-05-12 21:58:12,998] [7443/MainThread] [INFO] [dataiku.doctor.clustering.clustering_scorer] Summarizing numerical column : dummy:Type 2:Dark (float64)
[2020-05-12 21:58:12,998] [7443/MainThread] [INFO] [dataiku.doctor.clustering.clustering_scorer] Summarizing numerical column : dummy:Type 2:Dragon (float64)
[2020-05-12 21:58:12,999] [7443/MainThread] [INFO] [dataiku.doctor.clustering.clustering_scorer] Summarizing numerical column : dummy:Type 2:Water (float64)
[2020-05-12 21:58:12,999] [7443/MainThread] [INFO] [dataiku.doctor.clustering.clustering_scorer] Summarizing numerical column : dummy:Type 2:Rock (float64)
[2020-05-12 21:58:12,999] [7443/MainThread] [INFO] [dataiku.doctor.clustering.clustering_scorer] Summarizing numerical column : dummy:Type 2:Ice (float64)
[2020-05-12 21:58:12,999] [7443/MainThread] [INFO] [dataiku.doctor.clustering.clustering_scorer] Summarizing numerical column : dummy:Type 2:Ghost (float64)
[2020-05-12 21:58:12,999] [7443/MainThread] [INFO] [dataiku.doctor.clustering.clustering_scorer] Summarizing numerical column : dummy:Type 2:Fire (float64)
[2020-05-12 21:58:13,000] [7443/MainThread] [INFO] [dataiku.doctor.clustering.clustering_scorer] Summarizing numerical column : dummy:Type 2:Electric (float64)
[2020-05-12 21:58:13,000] [7443/MainThread] [INFO] [dataiku.doctor.clustering.clustering_scorer] Summarizing numerical column : dummy:Type 2:Normal (float64)
[2020-05-12 21:58:13,000] [7443/MainThread] [INFO] [dataiku.doctor.clustering.clustering_scorer] Summarizing numerical column : dummy:Type 2:Bug (float64)
[2020-05-12 21:58:13,000] [7443/MainThread] [INFO] [dataiku.doctor.clustering.clustering_scorer] Summarizing numerical column : dummy:Type 2:N/A (float64)
[2020-05-12 21:58:13,000] [7443/MainThread] [INFO] [dataiku.doctor.clustering.clustering_scorer] Summarizing numerical column : dummy:Type 2:__Others__ (float64)
[2020-05-12 21:58:13,000] [7443/MainThread] [INFO] [dataiku.doctor.clustering.clustering_scorer] Summarizing numerical column : dummy:Type 1:Water (float64)
[2020-05-12 21:58:13,001] [7443/MainThread] [INFO] [dataiku.doctor.clustering.clustering_scorer] Summarizing numerical column : dummy:Type 1:Bug (float64)
[2020-05-12 21:58:13,001] [7443/MainThread] [INFO] [dataiku.doctor.clustering.clustering_scorer] Summarizing numerical column : dummy:Type 1:Grass (float64)
[2020-05-12 21:58:13,001] [7443/MainThread] [INFO] [dataiku.doctor.clustering.clustering_scorer] Summarizing numerical column : dummy:Type 1:Normal (float64)
[2020-05-12 21:58:13,001] [7443/MainThread] [INFO] [dataiku.doctor.clustering.clustering_scorer] Summarizing numerical column : dummy:Type 1:Rock (float64)
[2020-05-12 21:58:13,001] [7443/MainThread] [INFO] [dataiku.doctor.clustering.clustering_scorer] Summarizing numerical column : dummy:Type 1:Fire (float64)
[2020-05-12 21:58:13,001] [7443/MainThread] [INFO] [dataiku.doctor.clustering.clustering_scorer] Summarizing numerical column : dummy:Type 1:Ghost (float64)
[2020-05-12 21:58:13,002] [7443/MainThread] [INFO] [dataiku.doctor.clustering.clustering_scorer] Summarizing numerical column : dummy:Type 1:Steel (float64)
[2020-05-12 21:58:13,002] [7443/MainThread] [INFO] [dataiku.doctor.clustering.clustering_scorer] Summarizing numerical column : dummy:Type 1:Dragon (float64)
[2020-05-12 21:58:13,002] [7443/MainThread] [INFO] [dataiku.doctor.clustering.clustering_scorer] Summarizing numerical column : dummy:Type 1:Dark (float64)
[2020-05-12 21:58:13,002] [7443/MainThread] [INFO] [dataiku.doctor.clustering.clustering_scorer] Summarizing numerical column : dummy:Type 1:Psychic (float64)
[2020-05-12 21:58:13,002] [7443/MainThread] [INFO] [dataiku.doctor.clustering.clustering_scorer] Summarizing numerical column : dummy:Type 1:Ground (float64)
[2020-05-12 21:58:13,003] [7443/MainThread] [INFO] [dataiku.doctor.clustering.clustering_scorer] Summarizing numerical column : dummy:Type 1:Electric (float64)
[2020-05-12 21:58:13,003] [7443/MainThread] [INFO] [dataiku.doctor.clustering.clustering_scorer] Summarizing numerical column : dummy:Type 1:Poison (float64)
[2020-05-12 21:58:13,003] [7443/MainThread] [INFO] [dataiku.doctor.clustering.clustering_scorer] Summarizing numerical column : dummy:Type 1:Ice (float64)
[2020-05-12 21:58:13,004] [7443/MainThread] [INFO] [dataiku.doctor.clustering.clustering_scorer] Summarizing numerical column : dummy:Type 1:Fighting (float64)
[2020-05-12 21:58:13,005] [7443/MainThread] [INFO] [dataiku.doctor.clustering.clustering_scorer] Summarizing numerical column : dummy:Type 1:Fairy (float64)
[2020-05-12 21:58:13,005] [7443/MainThread] [INFO] [dataiku.doctor.clustering.clustering_scorer] Summarizing numerical column : dummy:Type 1:Flying (float64)
[2020-05-12 21:58:13,005] [7443/MainThread] [INFO] [dataiku.doctor.clustering.clustering_scorer] Summarizing numerical column : dummy:Type 1:N/A (float64)
[2020-05-12 21:58:13,006] [7443/MainThread] [INFO] [dataiku.doctor.clustering.clustering_scorer] Summarizing numerical column : dummy:Type 1:__Others__ (float64)
[2020-05-12 21:58:13,006] [7443/MainThread] [INFO] [dataiku.doctor.clustering.clustering_scorer] Summarizing numerical column : dummy:Legendary:false (float64)
[2020-05-12 21:58:13,006] [7443/MainThread] [INFO] [dataiku.doctor.clustering.clustering_scorer] Summarizing numerical column : dummy:Legendary:true (float64)
[2020-05-12 21:58:13,007] [7443/MainThread] [INFO] [dataiku.doctor.clustering.clustering_scorer] Summarizing numerical column : dummy:Legendary:N/A (float64)
[2020-05-12 21:58:13,007] [7443/MainThread] [INFO] [dataiku.doctor.clustering.clustering_scorer] Summarizing numerical column : dummy:Legendary:__Others__ (float64)
[2020-05-12 21:58:13,008] [7443/MainThread] [INFO] [dataiku.doctor.clustering.clustering_scorer] Summarizing numerical column : Generation (float64)
[2020-05-12 21:58:13,008] [7443/MainThread] [INFO] [dataiku.doctor.clustering.clustering_scorer] Summarizing numerical column : HP (float64)
[2020-05-12 21:58:13,019] [7443/MainThread] [INFO] [dataiku.doctor.clustering.clustering_scorer] Summarizing numerical column : Sp. Def (float64)
[2020-05-12 21:58:13,019] [7443/MainThread] [INFO] [dataiku.doctor.clustering.clustering_scorer] Summarizing numerical column : Sp. Atk (float64)
[2020-05-12 21:58:13,020] [7443/MainThread] [INFO] [dataiku.doctor.clustering.clustering_scorer] Summarizing numerical column : Attack (float64)
[2020-05-12 21:58:13,023] [7443/MainThread] [INFO] [dataiku.doctor.clustering.clustering_scorer] Summarizing numerical column : Defense (float64)
[2020-05-12 21:58:13,023] [7443/MainThread] [INFO] [dataiku.doctor.clustering.clustering_scorer] Summarizing numerical column : Total (float64)
[2020-05-12 21:58:13,025] [7443/MainThread] [INFO] [dataiku.doctor.clustering.clustering_scorer] Summarizing numerical column : Speed (float64)
[2020-05-12 21:58:13,025] [7443/MainThread] [INFO] [dataiku.doctor.clustering.clustering_scorer] Summarizing numerical column : Type 2 (object)
[2020-05-12 21:58:13,025] [7443/MainThread] [INFO] [dataiku.doctor.clustering.clustering_scorer] Summarizing numerical column : Type 1 (object)
[2020-05-12 21:58:13,026] [7443/MainThread] [INFO] [dataiku.doctor.clustering.clustering_scorer] Summarizing numerical column : Legendary (object)
[2020-05-12 21:58:13,026] [7443/MainThread] [INFO] [dataiku.doctor.clustering.clustering_scorer] Summarizing numerical column : cluster_labels (object)
[2020-05-12 21:58:13,326] [7443/MainThread] [INFO] [dataiku.doctor.clustering.clustering_scorer] Intrinsic scoring of clustering model
[2020-05-12 21:58:13,530] [7443/MainThread] [INFO] [dataiku.doctor.utils.listener] END -  Scoring model
[2020/05/12-21:58:13.531] [MRT-397] [INFO] [dku.block.link.interaction]  - Check result for nullity exceptionIfNull=true result=not null
[2020/05/12-21:58:13.535] [KNL-python-single-command-kernel-out-406] [DEBUG] [process]  - StreamToLine: EOF (stream closed)
[2020/05/12-21:58:13.536] [KNL-python-single-command-kernel-err-407] [DEBUG] [process]  - StreamToLine: EOF (stream closed)
[2020/05/12-21:58:13.554] [KNL-python-single-command-kernel-monitor-404] [INFO] [dku.kernels]  - Process done with code 143
[2020/05/12-21:58:18.483] [FT-TrainWorkThread-Wm8CwGL0-395] [INFO] [dku.analysis.ml.python] T-jdvpNezU - Processing thread joined ...
[2020/05/12-21:58:18.485] [FT-TrainWorkThread-Wm8CwGL0-395] [INFO] [dku.analysis.ml.python] T-jdvpNezU - Joining processing thread ...
[2020/05/12-21:58:18.488] [FT-TrainWorkThread-Wm8CwGL0-395] [INFO] [dku.analysis.ml.python] T-jdvpNezU - Processing thread joined ...
[2020/05/12-21:58:18.491] [FT-TrainWorkThread-Wm8CwGL0-395] [INFO] [dku.analysis.clustering] T-jdvpNezU - Train done
[2020/05/12-21:58:18.492] [FT-TrainWorkThread-Wm8CwGL0-395] [INFO] [dku.analysis.prediction] T-jdvpNezU - Train done
