[2020/04/24-14:53:07.082] [MRT-534] [INFO] [dku.block.link.interaction]  - Check result for nullity exceptionIfNull=true result=null
[2020/04/24-14:53:07.596] [MRT-534] [INFO] [dku.kernels]  - Getting kernel tail
[2020/04/24-14:53:07.607] [MRT-534] [INFO] [dku.kernels]  - Trying to enrich exception: com.dataiku.dip.io.SocketBlockLinkKernelException: Failed to train : <type 'exceptions.OSError'> : [Errno 2] No such file or directory: '/Users/gerryleonugroho/Library/DataScienceStudio/dss_home/analysis-data/UFO/YFbd1tUZ/9VuSgQ2w/sessions/s1/pp1/m1/grid' from kernel com.dataiku.dip.analysis.coreservices.AnalysisMLKernel@4fc62443 process=com.dataiku.dip.security.process.RegularProcess@ac4b3df pid=3790 retcode=null
[2020/04/24-14:53:07.614] [MRT-534] [WARN] [dku.analysis.ml.python]  - Training failed
com.dataiku.dip.io.SocketBlockLinkKernelException: Failed to train : <type 'exceptions.OSError'> : [Errno 2] No such file or directory: '/Users/gerryleonugroho/Library/DataScienceStudio/dss_home/analysis-data/UFO/YFbd1tUZ/9VuSgQ2w/sessions/s1/pp1/m1/grid'
	at com.dataiku.dip.io.SocketBlockLinkInteraction.throwExceptionFromPython(SocketBlockLinkInteraction.java:302)
	at com.dataiku.dip.io.SocketBlockLinkInteraction$AsyncResult.checkException(SocketBlockLinkInteraction.java:215)
	at com.dataiku.dip.io.SocketBlockLinkInteraction$AsyncResult.get(SocketBlockLinkInteraction.java:190)
	at com.dataiku.dip.io.SingleCommandKernelLink$1.call(SingleCommandKernelLink.java:208)
	at com.dataiku.dip.analysis.ml.prediction.PredictionTrainAdditionalThread.process(PredictionTrainAdditionalThread.java:74)
	at com.dataiku.dip.analysis.ml.shared.PRNSTrainThread.run(PRNSTrainThread.java:137)
[2020/04/24-14:53:07.637] [KNL-python-single-command-kernel-err-545] [DEBUG] [process]  - StreamToLine: EOF (stream closed)
[2020/04/24-14:53:07.645] [KNL-python-single-command-kernel-out-544] [DEBUG] [process]  - StreamToLine: EOF (stream closed)
[2020/04/24-14:53:07.837] [KNL-python-single-command-kernel-monitor-543] [INFO] [dku.kernels]  - Process done with code 143
[2020/04/24-14:53:07.849] [FT-TrainWorkThread-WwiKYFXw-533] [INFO] [dku.analysis.ml.python] T-9VuSgQ2w - Processing thread joined ...
[2020/04/24-14:53:07.855] [FT-TrainWorkThread-WwiKYFXw-533] [INFO] [dku.analysis.ml.python] T-9VuSgQ2w - Joining processing thread ...
[2020/04/24-14:57:28.202] [FT-TrainWorkThread-WwiKYFXw-533] [INFO] [dku.analysis.ml.python] T-9VuSgQ2w - Processing thread joined ...
[2020/04/24-14:57:28.205] [FT-TrainWorkThread-WwiKYFXw-533] [INFO] [dku.analysis.prediction] T-9VuSgQ2w - Train done
[2020/04/24-14:57:28.207] [FT-TrainWorkThread-WwiKYFXw-533] [INFO] [dku.analysis.prediction] T-9VuSgQ2w - Train done
[2020/04/24-14:57:28.215] [FT-TrainWorkThread-WwiKYFXw-533] [INFO] [dku.analysis.prediction] T-9VuSgQ2w - Publishing mltask-train-done reflected event
