[2020/04/21-12:52:04.571] [FT-TrainWorkThread-oXVjuLKg-2719] [INFO] [dku.analysis.prediction]  - ******************************************
[2020/04/21-12:52:04.577] [FT-TrainWorkThread-oXVjuLKg-2719] [INFO] [dku.analysis.prediction]  - ** Start train session s1
[2020/04/21-12:52:04.579] [FT-TrainWorkThread-oXVjuLKg-2719] [INFO] [dku.analysis.prediction]  - ******************************************
[2020/04/21-12:52:04.610] [FT-TrainWorkThread-oXVjuLKg-2719] [INFO] [dku.shaker.data] T-QEkTjiI1 - [ct: 42] Need to compute sampleId before checking memory cache
[2020/04/21-12:52:04.612] [FT-TrainWorkThread-oXVjuLKg-2719] [DEBUG] [dip.shaker.runner] T-QEkTjiI1 - [ct: 44] Script settings sampleMax=104857600 processedMax=-1
[2020/04/21-12:52:04.615] [FT-TrainWorkThread-oXVjuLKg-2719] [DEBUG] [dip.shaker.runner] T-QEkTjiI1 - [ct: 47] Processing with sampleMax=104857600 processedMax=524288000
[2020/04/21-12:52:04.620] [FT-TrainWorkThread-oXVjuLKg-2719] [DEBUG] [dip.shaker.runner] T-QEkTjiI1 - [ct: 52] Computed required sample id : eb373307e8dc85732dbb3d618b165a32-NA-31c57f559ab672625afa057353f0de860--d751713988987e9331980363e24189ce
[2020/04/21-12:52:04.624] [FT-TrainWorkThread-oXVjuLKg-2719] [DEBUG] [dku.shaker.cache] T-QEkTjiI1 - Shaker MemoryCache get on BUILDINGPERMIT.permits_cleaned key=ds=cb128cf2004580c18b2210bd67aee3ed--scr=4fc404bb26f129d898c9b01d3c3fc717--samp=eb373307e8dc85732dbb3d618b165a32-NA-31c57f559ab672625afa057353f0de860--d751713988987e9331980363e24189ce: hit
[2020/04/21-12:52:04.632] [FT-TrainWorkThread-oXVjuLKg-2719] [INFO] [dku.shaker.schema] T-QEkTjiI1 - [ct: 64] Column Permit Number meaning=Text fail=0
[2020/04/21-12:52:04.643] [FT-TrainWorkThread-oXVjuLKg-2719] [INFO] [dku.shaker.schema] T-QEkTjiI1 - [ct: 75] Column Permit Type meaning=Text fail=0
[2020/04/21-12:52:04.650] [FT-TrainWorkThread-oXVjuLKg-2719] [INFO] [dku.shaker.schema] T-QEkTjiI1 - [ct: 82] Column Permit SubType meaning=Text fail=0
[2020/04/21-12:52:04.654] [FT-TrainWorkThread-oXVjuLKg-2719] [INFO] [dku.shaker.schema] T-QEkTjiI1 - [ct: 86] Column Permit Status meaning=Text fail=0
[2020/04/21-12:52:04.678] [FT-TrainWorkThread-oXVjuLKg-2719] [INFO] [dku.shaker.schema] T-QEkTjiI1 - [ct: 110] Column Permit Issue Date meaning=Date fail=0
[2020/04/21-12:52:04.684] [FT-TrainWorkThread-oXVjuLKg-2719] [INFO] [dku.shaker.schema] T-QEkTjiI1 - [ct: 116] Column Est Value meaning=DoubleMeaning fail=0
[2020/04/21-12:52:04.694] [FT-TrainWorkThread-oXVjuLKg-2719] [INFO] [dku.shaker.schema] T-QEkTjiI1 - [ct: 126] Column State Valuation meaning=LongMeaning fail=0
[2020/04/21-12:52:04.700] [FT-TrainWorkThread-oXVjuLKg-2719] [INFO] [dku.shaker.schema] T-QEkTjiI1 - [ct: 132] Column Contractor meaning=FreeText fail=0
[2020/04/21-12:52:04.705] [FT-TrainWorkThread-oXVjuLKg-2719] [INFO] [dku.shaker.schema] T-QEkTjiI1 - [ct: 137] Column Corporation meaning=Boolean fail=0
[2020/04/21-12:52:04.708] [FT-TrainWorkThread-oXVjuLKg-2719] [INFO] [dku.shaker.schema] T-QEkTjiI1 - [ct: 140] Column Work Desc meaning=Text fail=0
[2020/04/21-12:52:04.713] [FT-TrainWorkThread-oXVjuLKg-2719] [INFO] [dku.shaker.schema] T-QEkTjiI1 - [ct: 145] Column Work Group meaning=Text fail=0
[2020/04/21-12:52:04.762] [FT-TrainWorkThread-oXVjuLKg-2719] [INFO] [dku.datasets.file] T-QEkTjiI1 - [ct: 194] Building Filesystem handler config: {"connection":"filesystem_managed","path":"BUILDINGPERMIT/permits_cleaned","notReadyIfEmpty":false,"filesSelectionRules":{"mode":"ALL","excludeRules":[],"includeRules":[],"explicitFiles":[]}}
[2020/04/21-12:52:04.764] [FT-TrainWorkThread-oXVjuLKg-2719] [INFO] [dku.datasets.ftplike] T-QEkTjiI1 - Enumerating Filesystem dataset prefix=
[2020/04/21-12:52:04.771] [FT-TrainWorkThread-oXVjuLKg-2719] [DEBUG] [dku.fs.local] T-QEkTjiI1 - [ct: 203] Enumerating local filesystem prefix=/
[2020/04/21-12:52:04.777] [FT-TrainWorkThread-oXVjuLKg-2719] [DEBUG] [dku.fs.local] T-QEkTjiI1 - [ct: 209] Enumeration done nb_paths=1 size=899690
[2020/04/21-12:52:04.780] [FT-TrainWorkThread-oXVjuLKg-2719] [INFO] [dku.input.push] T-QEkTjiI1 - USTP: push selection.method=HEAD_SEQUENTIAL records=100000 ratio=0.02 col=null
[2020/04/21-12:52:04.783] [FT-TrainWorkThread-oXVjuLKg-2719] [INFO] [dku.format] T-QEkTjiI1 - [ct: 215] Extractor run: limit={"maxBytes":-1,"maxRecords":100000,"ordering":{"enabled":false,"rules":[]}} totalRecords=0
[2020/04/21-12:52:04.786] [FT-TrainWorkThread-oXVjuLKg-2719] [INFO] [dku] T-QEkTjiI1 - getCompression filename=**out-s0.csv.gz**
[2020/04/21-12:52:04.789] [FT-TrainWorkThread-oXVjuLKg-2719] [INFO] [dku] T-QEkTjiI1 - getCompression filename=**out-s0.csv.gz**
[2020/04/21-12:52:04.791] [FT-TrainWorkThread-oXVjuLKg-2719] [INFO] [dku.format] T-QEkTjiI1 - [ct: 223] Start compressed [GZIP] stream: /Users/gerryleonugroho/Library/DataScienceStudio/dss_home/managed_datasets/BUILDINGPERMIT/permits_cleaned/out-s0.csv.gz / totalRecsBefore=0
[2020/04/21-12:52:04.793] [FT-TrainWorkThread-oXVjuLKg-2719] [INFO] [dku] T-QEkTjiI1 - getCompression filename=**out-s0.csv.gz**
[2020/04/21-12:52:04.795] [FT-TrainWorkThread-oXVjuLKg-2719] [INFO] [dku] T-QEkTjiI1 - getCompression filename=**out-s0.csv.gz**
[2020/04/21-12:52:07.349] [FT-TrainWorkThread-oXVjuLKg-2719] [INFO] [dku.format] T-QEkTjiI1 - [ct: 2781] after stream totalComp=899690 totalUncomp=5263506 totalRec=36686
[2020/04/21-12:52:07.351] [FT-TrainWorkThread-oXVjuLKg-2719] [INFO] [dku.format] T-QEkTjiI1 - [ct: 2783] Extractor run done, totalCompressed=899690 totalRecords=36686
[2020/04/21-12:52:07.361] [FT-TrainWorkThread-oXVjuLKg-2719] [INFO] [dku.analysis.splits] T-QEkTjiI1 - [ct: 2793] Checking if splits are up to date. Policy: type=SPLIT_SINGLE_DATASET,split=RANDOM,splitBeforePrepare=true,ds=permits_cleaned,sel=(method=head-s,records=100000),r=0.8,s=1337, instance id: 000dd3782aa86cd1ae3658ba81da8145-0
[2020/04/21-12:52:07.366] [FT-TrainWorkThread-oXVjuLKg-2719] [INFO] [dku.analysis.splits] T-QEkTjiI1 - [ct: 2798] Search for split: p=type=SPLIT_SINGLE_DATASET,split=RANDOM,splitBeforePrepare=true,ds=permits_cleaned,sel=(method=head-s,records=100000),r=0.8,s=1337 i=000dd3782aa86cd1ae3658ba81da8145-0
[2020/04/21-12:52:07.374] [FT-TrainWorkThread-oXVjuLKg-2719] [INFO] [dku.analysis.splits] T-QEkTjiI1 - [ct: 2806] Search for split: p=type=SPLIT_SINGLE_DATASET,split=RANDOM,splitBeforePrepare=true,ds=permits_cleaned,sel=(method=head-s,records=100000),r=0.8,s=1337 i=000dd3782aa86cd1ae3658ba81da8145-0
[2020/04/21-12:52:07.387] [FT-TrainWorkThread-oXVjuLKg-2719] [INFO] [dku.analysis.ml.python] T-QEkTjiI1 - Joining processing thread ...
[2020/04/21-12:52:07.388] [MRT-2721] [INFO] [dku.analysis.ml.python]  - Running a preprocessing set: pp2 in /Users/gerryleonugroho/Library/DataScienceStudio/dss_home/analysis-data/BUILDINGPERMIT/pWTmAVkj/QEkTjiI1/sessions/s1/pp2
[2020/04/21-12:52:07.399] [MRT-2721] [INFO] [dku.block.link]  - Started a socket on port 54043
[2020/04/21-12:52:07.435] [MRT-2721] [INFO] [dku.ml.kernel]  - Writing output of python-single-command-kernel to /Users/gerryleonugroho/Library/DataScienceStudio/dss_home/analysis-data/BUILDINGPERMIT/pWTmAVkj/QEkTjiI1/sessions/s1/pp2/train.log
[2020/04/21-12:52:07.473] [MRT-2721] [INFO] [dku.code.envs.resolution]  - Executing Python activity in builtin env
[2020/04/21-12:52:07.486] [MRT-2721] [WARN] [dku.code.projectLibs]  - External libraries file not found: /Users/gerryleonugroho/Library/DataScienceStudio/dss_home/config/projects/BUILDINGPERMIT/lib/external-libraries.json
[2020/04/21-12:52:07.494] [MRT-2721] [INFO] [dku.code.projectLibs]  - EXTERNAL LIBS FROM BUILDINGPERMIT is {"gitReferences":{},"pythonPath":["python"],"rsrcPath":["R"],"importLibrariesFromProjects":[]}
[2020/04/21-12:52:07.495] [MRT-2721] [INFO] [dku.code.projectLibs]  - chunkFolder is /Users/gerryleonugroho/Library/DataScienceStudio/dss_home/config/projects/BUILDINGPERMIT/lib/R
[2020/04/21-12:52:07.498] [MRT-2721] [INFO] [dku.python.single_command.kernel]  - Starting Python process for kernel  python-single-command-kernel
[2020/04/21-12:52:07.499] [MRT-2721] [INFO] [dip.tickets]  - Creating API ticket for analysis-ml-BUILDINGPERMIT-ZWozVb7 on behalf of admin id=analysis-ml-BUILDINGPERMIT-ZWozVb7_Yp5YmfzvQ2SK
[2020/04/21-12:52:07.505] [MRT-2721] [INFO] [dku.security.process]  - Starting process (regular)
[2020/04/21-12:52:07.540] [MRT-2721] [INFO] [dku.security.process]  - Process started with pid=3526
[2020/04/21-12:52:07.553] [MRT-2721] [INFO] [dku.processes.cgroups]  - Will use cgroups []
[2020/04/21-12:52:07.557] [MRT-2721] [INFO] [dku.processes.cgroups]  - Applying rules to used cgroups: []
Installing debugging signal handler
[2020-04-21 12:52:14,161] [3526/MainThread] [INFO] [root] Connecting to parent at port 54043
[2020-04-21 12:52:14,164] [3526/MainThread] [INFO] [root] Connected to parent at port 54043
[2020/04/21-12:52:14.181] [MRT-2721] [INFO] [dku.link.secret_protected]  - Connected to kernel
[2020/04/21-12:52:14.194] [MRT-2721] [INFO] [dku.block.link.interaction]  - Execute link command respClazz=true respTypeToken=false respIsString=false is=false asyncInputStream=false os=false
[2020-04-21 12:52:18,154] [3526/MainThread] [INFO] [root] Running analysis command: train_prediction_models_nosave
[2020-04-21 12:52:18,158] [3526/MainThread] [INFO] [dataiku.doctor.commands] PPS is {u'preprocessingFitSampleSeed': 1337, u'feature_selection_params': {u'custom_params': {u'code': u'# type your code here'}, u'pca_params': {u'variance_proportion': 0.9, u'n_features': 25}, u'random_forest_params': {u'depth': 10, u'n_features': 25, u'n_trees': 30}, u'lasso_params': {u'alpha': [0.01, 0.1, 1.0, 10.0, 100.0], u'cross_validate': True}, u'method': u'NONE', u'correlation_params': {u'n_features': 25, u'min_abs_correlation': 0.0}}, u'preprocessingFitSampleRatio': 1.0, u'reduce': {u'enabled': False, u'kept_variance': 0.0}, u'skipPreprocessing': False, u'target_remapping': [], u'per_feature': {u'Work Group': {u'missing_impute_with': u'MODE', u'autoReason': u'REJECT_ZERO_VARIANCE', u'customHandlingCode': u'', u'category_handling': u'DUMMIFY', u'cumulative_proportion': 0.95, u'sendToInput': u'main', u'state': {u'userModified': False, u'recordedMeaning': u'Text', u'autoModifiedByDSS': False}, u'missing_handling': u'NONE', u'max_nb_categories': 100, u'customProcessorWantsMatrix': False, u'dummy_clip': u'MAX_NB_CATEGORIES', u'role': u'REJECT', u'max_cat_safety': 200, u'min_samples': 10, u'type': u'CATEGORY', u'dummy_drop': u'NONE'}, u'Permit Issue Date': {u'generate_derivative': False, u'sendToInput': u'main', u'rescaling': u'AVGSTD', u'role': u'INPUT', u'customHandlingCode': u'', u'customProcessorWantsMatrix': False, u'numerical_handling': u'REGULAR', u'binarize_threshold_mode': u'MEDIAN', u'state': {u'userModified': False, u'recordedMeaning': u'Date', u'autoModifiedByDSS': False}, u'missing_handling': u'IMPUTE', u'binarize_constant_threshold': 0.0, u'quantile_bin_nb_bins': 4, u'missing_impute_with': u'MEAN', u'type': u'NUMERIC', u'impute_constant_value': 0.0}, u'Est Value': {u'generate_derivative': False, u'customHandlingCode': u'', u'customProcessorWantsMatrix': False, u'sendToInput': u'main', u'binarize_threshold_mode': u'MEDIAN', u'state': {u'userModified': False, u'recordedMeaning': u'DoubleMeaning', u'autoModifiedByDSS': False}, u'role': u'TARGET', u'binarize_constant_threshold': 0.0, u'quantile_bin_nb_bins': 4, u'type': u'NUMERIC', u'impute_constant_value': 0.0}, u'Permit SubType': {u'missing_impute_with': u'MODE', u'customProcessorWantsMatrix': False, u'customHandlingCode': u'', u'category_handling': u'DUMMIFY', u'cumulative_proportion': 0.95, u'sendToInput': u'main', u'state': {u'userModified': False, u'recordedMeaning': u'Text', u'autoModifiedByDSS': False}, u'missing_handling': u'NONE', u'max_nb_categories': 100, u'dummy_clip': u'MAX_NB_CATEGORIES', u'role': u'INPUT', u'max_cat_safety': 200, u'min_samples': 10, u'type': u'CATEGORY', u'dummy_drop': u'DROP'}, u'Corporation': {u'missing_impute_with': u'MODE', u'customProcessorWantsMatrix': False, u'customHandlingCode': u'', u'category_handling': u'DUMMIFY', u'cumulative_proportion': 0.95, u'sendToInput': u'main', u'state': {u'userModified': False, u'recordedMeaning': u'Boolean', u'autoModifiedByDSS': False}, u'missing_handling': u'NONE', u'max_nb_categories': 100, u'dummy_clip': u'MAX_NB_CATEGORIES', u'role': u'INPUT', u'max_cat_safety': 200, u'min_samples': 10, u'type': u'CATEGORY', u'dummy_drop': u'DROP'}, u'Work Desc': {u'missing_impute_with': u'MODE', u'customProcessorWantsMatrix': False, u'customHandlingCode': u'', u'category_handling': u'DUMMIFY', u'cumulative_proportion': 0.95, u'sendToInput': u'main', u'state': {u'userModified': False, u'recordedMeaning': u'Text', u'autoModifiedByDSS': False}, u'missing_handling': u'NONE', u'max_nb_categories': 100, u'dummy_clip': u'MAX_NB_CATEGORIES', u'role': u'INPUT', u'max_cat_safety': 200, u'min_samples': 10, u'type': u'CATEGORY', u'dummy_drop': u'DROP'}, u'Permit Type': {u'missing_impute_with': u'MODE', u'autoReason': u'REJECT_ZERO_VARIANCE', u'customHandlingCode': u'', u'category_handling': u'DUMMIFY', u'cumulative_proportion': 0.95, u'sendToInput': u'main', u'state': {u'userModified': False, u'recordedMeaning': u'Text', u'autoModifiedByDSS': False}, u'missing_handling': u'NONE', u'max_nb_categories': 100, u'customProcessorWantsMatrix': False, u'dummy_clip': u'MAX_NB_CATEGORIES', u'role': u'REJECT', u'max_cat_safety': 200, u'min_samples': 10, u'type': u'CATEGORY', u'dummy_drop': u'NONE'}, u'Permit Number': {u'missing_impute_with': u'MODE', u'customProcessorWantsMatrix': False, u'customHandlingCode': u'', u'category_handling': u'DUMMIFY', u'cumulative_proportion': 0.95, u'sendToInput': u'main', u'state': {u'userModified': False, u'recordedMeaning': u'Text', u'autoModifiedByDSS': False}, u'missing_handling': u'NONE', u'max_nb_categories': 100, u'dummy_clip': u'MAX_NB_CATEGORIES', u'role': u'INPUT', u'max_cat_safety': 200, u'min_samples': 10, u'type': u'CATEGORY', u'dummy_drop': u'DROP'}, u'Permit Status': {u'missing_impute_with': u'MODE', u'customProcessorWantsMatrix': False, u'customHandlingCode': u'', u'category_handling': u'DUMMIFY', u'cumulative_proportion': 0.95, u'sendToInput': u'main', u'state': {u'userModified': False, u'recordedMeaning': u'Text', u'autoModifiedByDSS': False}, u'missing_handling': u'NONE', u'max_nb_categories': 100, u'dummy_clip': u'MAX_NB_CATEGORIES', u'role': u'INPUT', u'max_cat_safety': 200, u'min_samples': 10, u'type': u'CATEGORY', u'dummy_drop': u'DROP'}, u'State Valuation': {u'generate_derivative': False, u'sendToInput': u'main', u'rescaling': u'AVGSTD', u'role': u'INPUT', u'customHandlingCode': u'', u'customProcessorWantsMatrix': False, u'numerical_handling': u'REGULAR', u'binarize_threshold_mode': u'MEDIAN', u'state': {u'userModified': False, u'recordedMeaning': u'LongMeaning', u'autoModifiedByDSS': False}, u'missing_handling': u'IMPUTE', u'binarize_constant_threshold': 0.0, u'quantile_bin_nb_bins': 4, u'missing_impute_with': u'MEAN', u'type': u'NUMERIC', u'impute_constant_value': 0.0}, u'Contractor': {u'hashSVDHashSize': 200000, u'autoReason': u'REJECT_DEFAULT_TEXT_HANDLING', u'useCustomVectorizer': False, u'customHandlingCode': u'', u'hashSVDSVDLimit': 50000, u'customProcessorWantsMatrix': False, u'hashSVDSVDComponents': 100, u'sendToInput': u'main', u'maxWords': 0, u'state': {u'userModified': False, u'recordedMeaning': u'FreeText', u'autoModifiedByDSS': False}, u'ngramMaxSize': 1, u'text_handling': u'TOKENIZE_HASHING_SVD', u'ngramMinSize': 1, u'stopWordsMode': u'NONE', u'minRowsRatio': 0.001, u'role': u'REJECT', u'type': u'TEXT', u'maxRowsRatio': 0.8, u'name': u'Contractor'}}, u'feature_generation': {u'manual_interactions': {u'interactions': []}, u'pairwise_linear': {u'behavior': u'DISABLED'}, u'categoricals_count_transformer': {u'input_features': [], u'all_features': False, u'behavior': u'DISABLED'}, u'polynomial_combinations': {u'behavior': u'DISABLED'}, u'numericals_clustering': {u'k': 0, u'input_features': [], u'all_features': False, u'behavior': u'DISABLED'}}}
[2020-04-21 12:52:18,158] [3526/MainThread] [INFO] [dataiku.doctor.utils.listener] START -  Loading train set
[2020-04-21 12:52:18,160] [3526/MainThread] [INFO] [root] Reading with dtypes: None
[2020-04-21 12:52:18,160] [3526/MainThread] [INFO] [dataiku.doctor.utils] Computed dtype for Permit Number: str (schema_type=string feature_type=CATEGORY feature_role=INPUT)
[2020-04-21 12:52:18,160] [3526/MainThread] [INFO] [dataiku.doctor.utils] Computed dtype for Permit Type: None (schema_type=string feature_type=CATEGORY feature_role=REJECT)
[2020-04-21 12:52:18,160] [3526/MainThread] [INFO] [dataiku.doctor.utils] Computed dtype for Permit SubType: str (schema_type=string feature_type=CATEGORY feature_role=INPUT)
[2020-04-21 12:52:18,160] [3526/MainThread] [INFO] [dataiku.doctor.utils] Computed dtype for Permit Status: str (schema_type=string feature_type=CATEGORY feature_role=INPUT)
[2020-04-21 12:52:18,160] [3526/MainThread] [INFO] [dataiku.doctor.utils] Computed dtype for Permit Issue Date: None (schema_type=date feature_type=NUMERIC feature_role=INPUT)
[2020-04-21 12:52:18,161] [3526/MainThread] [INFO] [dataiku.doctor.utils] Computed dtype for Est Value: <type 'numpy.float64'> (schema_type=double feature_type=NUMERIC feature_role=TARGET)
[2020-04-21 12:52:18,161] [3526/MainThread] [INFO] [dataiku.doctor.utils] Computed dtype for State Valuation: <type 'numpy.float64'> (schema_type=bigint feature_type=NUMERIC feature_role=INPUT)
[2020-04-21 12:52:18,161] [3526/MainThread] [INFO] [dataiku.doctor.utils] Computed dtype for Contractor: None (schema_type=string feature_type=TEXT feature_role=REJECT)
[2020-04-21 12:52:18,161] [3526/MainThread] [INFO] [dataiku.doctor.utils] Computed dtype for Corporation: str (schema_type=boolean feature_type=CATEGORY feature_role=INPUT)
[2020-04-21 12:52:18,161] [3526/MainThread] [INFO] [dataiku.doctor.utils] Computed dtype for Work Desc: str (schema_type=string feature_type=CATEGORY feature_role=INPUT)
[2020-04-21 12:52:18,161] [3526/MainThread] [INFO] [dataiku.doctor.utils] Computed dtype for Work Group: None (schema_type=string feature_type=CATEGORY feature_role=REJECT)
[2020-04-21 12:52:18,162] [3526/MainThread] [INFO] [root] Reading with FIXED dtypes: {u'Est Value': <type 'numpy.float64'>, u'Permit SubType': 'str', u'Corporation': 'str', u'Work Desc': 'str', u'Permit Number': 'str', u'Permit Status': 'str', u'State Valuation': <type 'numpy.float64'>}
[2020-04-21 12:52:18,533] [3526/MainThread] [INFO] [root] Loaded table
[2020-04-21 12:52:18,548] [3526/MainThread] [INFO] [dataiku.doctor.utils] Normalizing date to numeric : 0       2016-12-30 15:53:40
1       2015-12-29 16:04:57
2       2017-12-26 13:04:49
3       2018-12-21 09:31:06
4       2015-12-21 08:57:42
5       2017-12-20 10:44:05
6       2016-12-20 08:58:32
7       2018-12-18 09:36:28
8       2015-12-18 14:11:18
9       2015-12-18 11:54:41
10      2016-12-16 14:32:49
11      2016-12-16 13:21:53
12      2016-12-14 14:02:46
13      2016-12-14 14:02:45
14      2017-12-13 13:59:22
15      2018-12-12 00:00:00
16      2015-12-10 00:00:00
17      2015-12-08 00:00:00
18      2015-12-07 00:00:00
19      2017-12-06 00:00:00
20      2016-12-06 00:00:00
21      2017-12-05 00:00:00
22      2016-12-05 00:00:00
23      2016-12-05 00:00:00
24      2016-12-05 00:00:00
25      2015-12-04 00:00:00
26      2018-12-03 00:00:00
27      2015-12-02 00:00:00
28      2016-12-01 00:00:00
29      2017-11-29 10:22:29
                ...        
29389   2019-01-04 00:00:00
29390   2019-01-04 00:00:00
29391   2019-01-04 00:00:00
29392   2018-01-04 00:00:00
29393   2018-01-04 00:00:00
29394   2018-01-04 00:00:00
29395   2018-01-04 00:00:00
29396   2018-01-04 00:00:00
29397   2018-01-04 00:00:00
29398   2017-01-04 00:00:00
29399   2017-01-04 00:00:00
29400   2016-01-04 00:00:00
29401   2019-01-03 00:00:00
29402   2019-01-03 00:00:00
29403   2018-01-03 00:00:00
29404   2018-01-03 00:00:00
29405   2018-01-03 00:00:00
29406   2018-01-03 00:00:00
29407   2018-01-03 00:00:00
29408   2018-01-03 00:00:00
29409   2018-01-03 00:00:00
29410   2017-01-03 00:00:00
29411   2017-01-03 00:00:00
29412   2019-01-02 00:00:00
29413   2019-01-02 00:00:00
29414   2019-01-02 00:00:00
29415   2018-01-02 00:00:00
29416   2018-01-02 00:00:00
29417   2018-01-02 00:00:00
29418   2015-01-02 00:00:00
Name: Permit Issue Date, Length: 29419, dtype: datetime64[ns]
[2020-04-21 12:52:18,690] [3526/MainThread] [INFO] [dataiku.doctor.utils] Normalized date : 0        3.692102e+09
1        3.660394e+09
2        3.723282e+09
3        3.754373e+09
4        3.659677e+09
5        3.722755e+09
6        3.691213e+09
7        3.754115e+09
8        3.659437e+09
9        3.659428e+09
10       3.690888e+09
11       3.690883e+09
12       3.690713e+09
13       3.690713e+09
14       3.722162e+09
15       3.753562e+09
16       3.658694e+09
17       3.658522e+09
18       3.658435e+09
19       3.721507e+09
20       3.689971e+09
21       3.721421e+09
22       3.689885e+09
23       3.689885e+09
24       3.689885e+09
25       3.658176e+09
26       3.752784e+09
27       3.658003e+09
28       3.689539e+09
29       3.720940e+09
             ...     
29389    3.755549e+09
29390    3.755549e+09
29391    3.755549e+09
29392    3.724013e+09
29393    3.724013e+09
29394    3.724013e+09
29395    3.724013e+09
29396    3.724013e+09
29397    3.724013e+09
29398    3.692477e+09
29399    3.692477e+09
29400    3.660854e+09
29401    3.755462e+09
29402    3.755462e+09
29403    3.723926e+09
29404    3.723926e+09
29405    3.723926e+09
29406    3.723926e+09
29407    3.723926e+09
29408    3.723926e+09
29409    3.723926e+09
29410    3.692390e+09
29411    3.692390e+09
29412    3.755376e+09
29413    3.755376e+09
29414    3.755376e+09
29415    3.723840e+09
29416    3.723840e+09
29417    3.723840e+09
29418    3.629146e+09
Name: Permit Issue Date, Length: 29419, dtype: float64
[2020-04-21 12:52:18,699] [3526/MainThread] [INFO] [dataiku.doctor.utils]  Coercion done
[2020-04-21 12:52:18,700] [3526/MainThread] [INFO] [dataiku.doctor.commands] Loaded train df: shape=(29419,11)
[2020-04-21 12:52:18,700] [3526/MainThread] [INFO] [dataiku.doctor.commands] Train col : Permit Number (object)
[2020-04-21 12:52:18,700] [3526/MainThread] [INFO] [dataiku.doctor.commands] Train col : Permit Type (object)
[2020-04-21 12:52:18,700] [3526/MainThread] [INFO] [dataiku.doctor.commands] Train col : Permit SubType (object)
[2020-04-21 12:52:18,700] [3526/MainThread] [INFO] [dataiku.doctor.commands] Train col : Permit Status (object)
[2020-04-21 12:52:18,701] [3526/MainThread] [INFO] [dataiku.doctor.commands] Train col : Permit Issue Date (float64)
[2020-04-21 12:52:18,701] [3526/MainThread] [INFO] [dataiku.doctor.commands] Train col : Est Value (float64)
[2020-04-21 12:52:18,702] [3526/MainThread] [INFO] [dataiku.doctor.commands] Train col : State Valuation (float64)
[2020-04-21 12:52:18,702] [3526/MainThread] [INFO] [dataiku.doctor.commands] Train col : Contractor (object)
[2020-04-21 12:52:18,702] [3526/MainThread] [INFO] [dataiku.doctor.commands] Train col : Corporation (object)
[2020-04-21 12:52:18,702] [3526/MainThread] [INFO] [dataiku.doctor.commands] Train col : Work Desc (object)
[2020-04-21 12:52:18,703] [3526/MainThread] [INFO] [dataiku.doctor.commands] Train col : Work Group (object)
[2020-04-21 12:52:18,703] [3526/MainThread] [INFO] [dataiku.doctor.utils.listener] END -  Loading train set
[2020-04-21 12:52:18,704] [3526/MainThread] [INFO] [dataiku.doctor.utils.listener] START -  Loading test set
[2020-04-21 12:52:18,705] [3526/MainThread] [INFO] [root] Reading with dtypes: None
[2020-04-21 12:52:18,705] [3526/MainThread] [INFO] [dataiku.doctor.utils] Computed dtype for Permit Number: str (schema_type=string feature_type=CATEGORY feature_role=INPUT)
[2020-04-21 12:52:18,705] [3526/MainThread] [INFO] [dataiku.doctor.utils] Computed dtype for Permit Type: None (schema_type=string feature_type=CATEGORY feature_role=REJECT)
[2020-04-21 12:52:18,705] [3526/MainThread] [INFO] [dataiku.doctor.utils] Computed dtype for Permit SubType: str (schema_type=string feature_type=CATEGORY feature_role=INPUT)
[2020-04-21 12:52:18,705] [3526/MainThread] [INFO] [dataiku.doctor.utils] Computed dtype for Permit Status: str (schema_type=string feature_type=CATEGORY feature_role=INPUT)
[2020-04-21 12:52:18,705] [3526/MainThread] [INFO] [dataiku.doctor.utils] Computed dtype for Permit Issue Date: None (schema_type=date feature_type=NUMERIC feature_role=INPUT)
[2020-04-21 12:52:18,706] [3526/MainThread] [INFO] [dataiku.doctor.utils] Computed dtype for Est Value: <type 'numpy.float64'> (schema_type=double feature_type=NUMERIC feature_role=TARGET)
[2020-04-21 12:52:18,706] [3526/MainThread] [INFO] [dataiku.doctor.utils] Computed dtype for State Valuation: <type 'numpy.float64'> (schema_type=bigint feature_type=NUMERIC feature_role=INPUT)
[2020-04-21 12:52:18,706] [3526/MainThread] [INFO] [dataiku.doctor.utils] Computed dtype for Contractor: None (schema_type=string feature_type=TEXT feature_role=REJECT)
[2020-04-21 12:52:18,706] [3526/MainThread] [INFO] [dataiku.doctor.utils] Computed dtype for Corporation: str (schema_type=boolean feature_type=CATEGORY feature_role=INPUT)
[2020-04-21 12:52:18,706] [3526/MainThread] [INFO] [dataiku.doctor.utils] Computed dtype for Work Desc: str (schema_type=string feature_type=CATEGORY feature_role=INPUT)
[2020-04-21 12:52:18,706] [3526/MainThread] [INFO] [dataiku.doctor.utils] Computed dtype for Work Group: None (schema_type=string feature_type=CATEGORY feature_role=REJECT)
[2020-04-21 12:52:18,706] [3526/MainThread] [INFO] [root] Reading with FIXED dtypes: {u'Est Value': <type 'numpy.float64'>, u'Permit SubType': 'str', u'Corporation': 'str', u'Work Desc': 'str', u'Permit Number': 'str', u'Permit Status': 'str', u'State Valuation': <type 'numpy.float64'>}
[2020-04-21 12:52:18,826] [3526/MainThread] [INFO] [root] Loaded table
[2020-04-21 12:52:18,831] [3526/MainThread] [INFO] [dataiku.doctor.utils] Normalizing date to numeric : 0      2017-12-28 12:41:29
1      2016-12-28 10:34:50
2      2016-12-22 09:46:25
3      2018-12-20 13:54:46
4      2015-12-17 10:33:14
5      2018-12-13 16:28:36
6      2018-12-11 00:00:00
7      2018-12-06 00:00:00
8      2015-12-02 00:00:00
9      2016-11-29 16:17:36
10     2017-11-21 11:18:29
11     2015-11-20 08:59:59
12     2015-11-19 12:36:37
13     2016-11-15 12:11:02
14     2016-11-15 10:44:41
15     2015-11-13 15:04:30
16     2015-11-13 10:49:06
17     2016-11-09 00:00:00
18     2015-11-09 00:00:00
19     2015-11-05 00:00:00
20     2018-11-02 00:00:00
21     2015-11-02 00:00:00
22     2017-10-24 16:04:22
23     2018-10-23 14:48:32
24     2015-10-22 09:35:50
25     2018-10-19 13:40:57
26     2016-10-18 13:01:27
27     2018-10-16 13:31:40
28     2018-10-15 08:32:57
29     2015-10-15 13:56:08
               ...        
7237   2015-01-15 14:51:59
7238   2019-01-14 10:41:41
7239   2015-01-14 09:58:06
7240   2015-01-13 09:10:33
7241   2018-01-12 00:00:00
7242   2019-01-11 00:00:00
7243   2018-01-11 00:00:00
7244   2019-01-10 00:00:00
7245   2019-01-10 00:00:00
7246   2019-01-10 00:00:00
7247   2019-01-10 00:00:00
7248   2018-01-10 00:00:00
7249   2019-01-09 00:00:00
7250   2018-01-09 00:00:00
7251   2019-01-08 00:00:00
7252   2019-01-08 00:00:00
7253   2016-01-08 00:00:00
7254   2016-01-07 00:00:00
7255   2015-01-07 00:00:00
7256   2017-01-06 00:00:00
7257   2016-01-06 00:00:00
7258   2017-01-05 00:00:00
7259   2017-01-05 00:00:00
7260   2016-01-05 00:00:00
7261   2015-01-05 00:00:00
7262   2015-01-05 00:00:00
7263   2019-01-04 00:00:00
7264   2018-01-04 00:00:00
7265   2019-01-03 00:00:00
7266   2018-01-03 00:00:00
Name: Permit Issue Date, Length: 7267, dtype: datetime64[ns]
[2020-04-21 12:52:18,836] [3526/MainThread] [INFO] [dataiku.doctor.utils] Normalized date : 0       3.723454e+09
1       3.691910e+09
2       3.691389e+09
3       3.754303e+09
4       3.659337e+09
5       3.753707e+09
6       3.753475e+09
7       3.753043e+09
8       3.658003e+09
9       3.689425e+09
10      3.720252e+09
11      3.656999e+09
12      3.656925e+09
13      3.688201e+09
14      3.688195e+09
15      3.656416e+09
16      3.656401e+09
17      3.687638e+09
18      3.656016e+09
19      3.655670e+09
20      3.750106e+09
21      3.655411e+09
22      3.717850e+09
23      3.749295e+09
24      3.654495e+09
25      3.748945e+09
26      3.685784e+09
27      3.748686e+09
28      3.748581e+09
29      3.653906e+09
            ...     
7237    3.630322e+09
7238    3.756451e+09
7239    3.630218e+09
7240    3.630129e+09
7241    3.724704e+09
7242    3.756154e+09
7243    3.724618e+09
7244    3.756067e+09
7245    3.756067e+09
7246    3.756067e+09
7247    3.756067e+09
7248    3.724531e+09
7249    3.755981e+09
7250    3.724445e+09
7251    3.755894e+09
7252    3.755894e+09
7253    3.661200e+09
7254    3.661114e+09
7255    3.629578e+09
7256    3.692650e+09
7257    3.661027e+09
7258    3.692563e+09
7259    3.692563e+09
7260    3.660941e+09
7261    3.629405e+09
7262    3.629405e+09
7263    3.755549e+09
7264    3.724013e+09
7265    3.755462e+09
7266    3.723926e+09
Name: Permit Issue Date, Length: 7267, dtype: float64
[2020-04-21 12:52:18,837] [3526/MainThread] [INFO] [dataiku.doctor.utils]  Coercion done
[2020-04-21 12:52:18,837] [3526/MainThread] [INFO] [dataiku.doctor.commands] Loaded test df: shape=(7267,11)
[2020-04-21 12:52:18,837] [3526/MainThread] [INFO] [dataiku.doctor.utils.listener] END -  Loading test set
[2020-04-21 12:52:18,837] [3526/MainThread] [INFO] [dataiku.doctor.utils.listener] START -  Collecting statistics
[2020-04-21 12:52:18,838] [3526/MainThread] [INFO] [dataiku.doctor.preprocessing_collector] Looking at Work Group... (type=CATEGORY)
[2020-04-21 12:52:18,838] [3526/MainThread] [INFO] [dataiku.doctor.preprocessing_collector] Looking at Permit Issue Date... (type=NUMERIC)
[2020-04-21 12:52:18,838] [3526/MainThread] [INFO] [dataiku.doctor.preprocessing_collector] Checking series of type: float64 (isM8=False)
[2020-04-21 12:52:18,849] [3526/MainThread] [INFO] [dataiku.doctor.preprocessing_collector] Looking at Est Value... (type=NUMERIC)
[2020-04-21 12:52:18,849] [3526/MainThread] [INFO] [dataiku.doctor.preprocessing_collector] Looking at Permit SubType... (type=CATEGORY)
[2020-04-21 12:52:18,869] [3526/MainThread] [INFO] [dataiku.doctor.preprocessing_collector] Looking at Corporation... (type=CATEGORY)
[2020-04-21 12:52:18,879] [3526/MainThread] [INFO] [dataiku.doctor.preprocessing_collector] Looking at Work Desc... (type=CATEGORY)
[2020-04-21 12:52:18,888] [3526/MainThread] [INFO] [dataiku.doctor.preprocessing_collector] Looking at Permit Type... (type=CATEGORY)
[2020-04-21 12:52:18,888] [3526/MainThread] [INFO] [dataiku.doctor.preprocessing_collector] Looking at Permit Number... (type=CATEGORY)
[2020-04-21 12:52:18,917] [3526/MainThread] [INFO] [dataiku.doctor.preprocessing_collector] Looking at Permit Status... (type=CATEGORY)
[2020-04-21 12:52:18,926] [3526/MainThread] [INFO] [dataiku.doctor.preprocessing_collector] Looking at State Valuation... (type=NUMERIC)
[2020-04-21 12:52:18,927] [3526/MainThread] [INFO] [dataiku.doctor.preprocessing_collector] Checking series of type: float64 (isM8=False)
[2020-04-21 12:52:18,929] [3526/MainThread] [INFO] [dataiku.doctor.preprocessing_collector] Looking at Contractor... (type=TEXT)
[2020-04-21 12:52:18,930] [3526/MainThread] [INFO] [dataiku.doctor.utils.listener] END -  Collecting statistics
[2020-04-21 12:52:18,930] [3526/MainThread] [INFO] [dataiku.doctor.multiframe] generating interactions
[2020-04-21 12:52:18,931] [3526/MainThread] [INFO] [dataiku.doctor.multiframe] {u'preprocessingFitSampleSeed': 1337, u'feature_selection_params': {u'custom_params': {u'code': u'# type your code here'}, u'pca_params': {u'variance_proportion': 0.9, u'n_features': 25}, u'random_forest_params': {u'depth': 10, u'n_features': 25, u'n_trees': 30}, u'lasso_params': {u'alpha': [0.01, 0.1, 1.0, 10.0, 100.0], u'cross_validate': True}, u'method': u'NONE', u'correlation_params': {u'n_features': 25, u'min_abs_correlation': 0.0}}, u'preprocessingFitSampleRatio': 1.0, u'reduce': {u'enabled': False, u'kept_variance': 0.0}, u'skipPreprocessing': False, u'target_remapping': [], u'per_feature': {u'Work Group': {u'missing_impute_with': u'MODE', u'autoReason': u'REJECT_ZERO_VARIANCE', u'customHandlingCode': u'', u'category_handling': u'DUMMIFY', u'cumulative_proportion': 0.95, u'sendToInput': u'main', u'state': {u'userModified': False, u'recordedMeaning': u'Text', u'autoModifiedByDSS': False}, u'missing_handling': u'NONE', u'max_nb_categories': 100, u'customProcessorWantsMatrix': False, u'dummy_clip': u'MAX_NB_CATEGORIES', u'role': u'REJECT', u'max_cat_safety': 200, u'min_samples': 10, u'type': u'CATEGORY', u'dummy_drop': u'NONE'}, u'Permit Issue Date': {u'generate_derivative': False, u'sendToInput': u'main', u'rescaling': u'AVGSTD', u'role': u'INPUT', u'customHandlingCode': u'', u'customProcessorWantsMatrix': False, u'numerical_handling': u'REGULAR', u'binarize_threshold_mode': u'MEDIAN', u'state': {u'userModified': False, u'recordedMeaning': u'Date', u'autoModifiedByDSS': False}, u'missing_handling': u'IMPUTE', u'binarize_constant_threshold': 0.0, u'quantile_bin_nb_bins': 4, u'missing_impute_with': u'MEAN', u'type': u'NUMERIC', u'impute_constant_value': 0.0}, u'Est Value': {u'generate_derivative': False, u'customHandlingCode': u'', u'customProcessorWantsMatrix': False, u'sendToInput': u'main', u'binarize_threshold_mode': u'MEDIAN', u'state': {u'userModified': False, u'recordedMeaning': u'DoubleMeaning', u'autoModifiedByDSS': False}, u'role': u'TARGET', u'binarize_constant_threshold': 0.0, u'quantile_bin_nb_bins': 4, u'type': u'NUMERIC', u'impute_constant_value': 0.0}, u'Permit SubType': {u'missing_impute_with': u'MODE', u'customProcessorWantsMatrix': False, u'customHandlingCode': u'', u'category_handling': u'DUMMIFY', u'cumulative_proportion': 0.95, u'sendToInput': u'main', u'state': {u'userModified': False, u'recordedMeaning': u'Text', u'autoModifiedByDSS': False}, u'missing_handling': u'NONE', u'max_nb_categories': 100, u'dummy_clip': u'MAX_NB_CATEGORIES', u'role': u'INPUT', u'max_cat_safety': 200, u'min_samples': 10, u'type': u'CATEGORY', u'dummy_drop': u'DROP'}, u'Corporation': {u'missing_impute_with': u'MODE', u'customProcessorWantsMatrix': False, u'customHandlingCode': u'', u'category_handling': u'DUMMIFY', u'cumulative_proportion': 0.95, u'sendToInput': u'main', u'state': {u'userModified': False, u'recordedMeaning': u'Boolean', u'autoModifiedByDSS': False}, u'missing_handling': u'NONE', u'max_nb_categories': 100, u'dummy_clip': u'MAX_NB_CATEGORIES', u'role': u'INPUT', u'max_cat_safety': 200, u'min_samples': 10, u'type': u'CATEGORY', u'dummy_drop': u'DROP'}, u'Work Desc': {u'missing_impute_with': u'MODE', u'customProcessorWantsMatrix': False, u'customHandlingCode': u'', u'category_handling': u'DUMMIFY', u'cumulative_proportion': 0.95, u'sendToInput': u'main', u'state': {u'userModified': False, u'recordedMeaning': u'Text', u'autoModifiedByDSS': False}, u'missing_handling': u'NONE', u'max_nb_categories': 100, u'dummy_clip': u'MAX_NB_CATEGORIES', u'role': u'INPUT', u'max_cat_safety': 200, u'min_samples': 10, u'type': u'CATEGORY', u'dummy_drop': u'DROP'}, u'Permit Type': {u'missing_impute_with': u'MODE', u'autoReason': u'REJECT_ZERO_VARIANCE', u'customHandlingCode': u'', u'category_handling': u'DUMMIFY', u'cumulative_proportion': 0.95, u'sendToInput': u'main', u'state': {u'userModified': False, u'recordedMeaning': u'Text', u'autoModifiedByDSS': False}, u'missing_handling': u'NONE', u'max_nb_categories': 100, u'customProcessorWantsMatrix': False, u'dummy_clip': u'MAX_NB_CATEGORIES', u'role': u'REJECT', u'max_cat_safety': 200, u'min_samples': 10, u'type': u'CATEGORY', u'dummy_drop': u'NONE'}, u'Permit Number': {u'missing_impute_with': u'MODE', u'customProcessorWantsMatrix': False, u'customHandlingCode': u'', u'category_handling': u'DUMMIFY', u'cumulative_proportion': 0.95, u'sendToInput': u'main', u'state': {u'userModified': False, u'recordedMeaning': u'Text', u'autoModifiedByDSS': False}, u'missing_handling': u'NONE', u'max_nb_categories': 100, u'dummy_clip': u'MAX_NB_CATEGORIES', u'role': u'INPUT', u'max_cat_safety': 200, u'min_samples': 10, u'type': u'CATEGORY', u'dummy_drop': u'DROP'}, u'Permit Status': {u'missing_impute_with': u'MODE', u'customProcessorWantsMatrix': False, u'customHandlingCode': u'', u'category_handling': u'DUMMIFY', u'cumulative_proportion': 0.95, u'sendToInput': u'main', u'state': {u'userModified': False, u'recordedMeaning': u'Text', u'autoModifiedByDSS': False}, u'missing_handling': u'NONE', u'max_nb_categories': 100, u'dummy_clip': u'MAX_NB_CATEGORIES', u'role': u'INPUT', u'max_cat_safety': 200, u'min_samples': 10, u'type': u'CATEGORY', u'dummy_drop': u'DROP'}, u'State Valuation': {u'generate_derivative': False, u'sendToInput': u'main', u'rescaling': u'AVGSTD', u'role': u'INPUT', u'customHandlingCode': u'', u'customProcessorWantsMatrix': False, u'numerical_handling': u'REGULAR', u'binarize_threshold_mode': u'MEDIAN', u'state': {u'userModified': False, u'recordedMeaning': u'LongMeaning', u'autoModifiedByDSS': False}, u'missing_handling': u'IMPUTE', u'binarize_constant_threshold': 0.0, u'quantile_bin_nb_bins': 4, u'missing_impute_with': u'MEAN', u'type': u'NUMERIC', u'impute_constant_value': 0.0}, u'Contractor': {u'hashSVDHashSize': 200000, u'autoReason': u'REJECT_DEFAULT_TEXT_HANDLING', u'useCustomVectorizer': False, u'customHandlingCode': u'', u'hashSVDSVDLimit': 50000, u'customProcessorWantsMatrix': False, u'hashSVDSVDComponents': 100, u'sendToInput': u'main', u'maxWords': 0, u'state': {u'userModified': False, u'recordedMeaning': u'FreeText', u'autoModifiedByDSS': False}, u'ngramMaxSize': 1, u'text_handling': u'TOKENIZE_HASHING_SVD', u'ngramMinSize': 1, u'stopWordsMode': u'NONE', u'minRowsRatio': 0.001, u'role': u'REJECT', u'type': u'TEXT', u'maxRowsRatio': 0.8, u'name': u'Contractor'}}, u'feature_generation': {u'manual_interactions': {u'interactions': []}, u'pairwise_linear': {u'behavior': u'DISABLED'}, u'categoricals_count_transformer': {u'input_features': [], u'all_features': False, u'behavior': u'DISABLED'}, u'polynomial_combinations': {u'behavior': u'DISABLED'}, u'numericals_clustering': {u'k': 0, u'input_features': [], u'all_features': False, u'behavior': u'DISABLED'}}}
[2020-04-21 12:52:18,931] [3526/MainThread] [INFO] [dataiku.doctor.multiframe] No feature selection to perform
[2020-04-21 12:52:18,931] [3526/MainThread] [INFO] [dataiku.doctor.utils.listener] START -  Preprocessing train set
[2020-04-21 12:52:18,932] [3526/MainThread] [INFO] [dataiku.doctor.multiframe] Set MF index len 29419
[2020-04-21 12:52:18,932] [3526/MainThread] [DEBUG] [dku.ml.preprocessing] FIT/PROCESS WITH Step:RemapValueToOutput
[2020-04-21 12:52:18,932] [3526/MainThread] [DEBUG] [dku.ml.preprocessing] FIT/PROCESS WITH Step:MultipleImputeMissingFromInput
[2020-04-21 12:52:18,933] [3526/MainThread] [DEBUG] [dku.ml.preprocessing] MIMIFI: Imputing with map {u'Permit Issue Date': 3693374857.716068, u'State Valuation': 148009.9584622183}
[2020-04-21 12:52:18,934] [3526/MainThread] [DEBUG] [dku.ml.preprocessing] FIT/PROCESS WITH Step:RescalingProcessor2 (Permit Issue Date)
[2020-04-21 12:52:18,935] [3526/MainThread] [DEBUG] [dku.ml.preprocessing]   Rescale Permit Issue Date (avg=3693374857.72 std=36571154.2572 shift=3693374857.72 inv_scale=2.7343955101e-08)
[2020-04-21 12:52:18,988] [3526/MainThread] [DEBUG] [dku.ml.preprocessing]   Rescaled Permit Issue Date (avg=1.23436693372e-15 std=1.0) nulls=0
[2020-04-21 12:52:18,988] [3526/MainThread] [DEBUG] [dku.ml.preprocessing] FIT/PROCESS WITH Step:RescalingProcessor2 (State Valuation)
[2020-04-21 12:52:18,989] [3526/MainThread] [DEBUG] [dku.ml.preprocessing]   Rescale State Valuation (avg=148009.958462 std=1790494.18771 shift=148009.958462 inv_scale=5.58505024404e-07)
[2020-04-21 12:52:18,991] [3526/MainThread] [DEBUG] [dku.ml.preprocessing]   Rescaled State Valuation (avg=-4.45943528355e-15 std=1.0) nulls=0
[2020-04-21 12:52:18,992] [3526/MainThread] [DEBUG] [dku.ml.preprocessing] FIT/PROCESS WITH Step:FlushDFBuilder(num_flagonly)
[2020-04-21 12:52:18,992] [3526/MainThread] [DEBUG] [dku.ml.preprocessing] FIT/PROCESS WITH Step:FastSparseDummifyProcessor (Permit SubType)
[2020-04-21 12:52:19,022] [3526/MainThread] [DEBUG] [dku.ml.preprocessing] Dummifier: Append a sparse block shape=(29419, 7) nnz=29015
[2020-04-21 12:52:19,023] [3526/MainThread] [DEBUG] [dku.ml.preprocessing] FIT/PROCESS WITH Step:FastSparseDummifyProcessor (Corporation)
[2020-04-21 12:52:19,036] [3526/MainThread] [DEBUG] [dku.ml.preprocessing] Dummifier: Append a sparse block shape=(29419, 2) nnz=19453
[2020-04-21 12:52:19,036] [3526/MainThread] [DEBUG] [dku.ml.preprocessing] FIT/PROCESS WITH Step:FastSparseDummifyProcessor (Work Desc)
[2020-04-21 12:52:19,048] [3526/MainThread] [DEBUG] [dku.ml.preprocessing] Dummifier: Append a sparse block shape=(29419, 5) nnz=29417
[2020-04-21 12:52:19,048] [3526/MainThread] [DEBUG] [dku.ml.preprocessing] FIT/PROCESS WITH Step:FastSparseDummifyProcessor (Permit Number)
[2020-04-21 12:52:19,060] [3526/MainThread] [DEBUG] [dku.ml.preprocessing] Dummifier: Append a sparse block shape=(29419, 102) nnz=202
[2020-04-21 12:52:19,060] [3526/MainThread] [DEBUG] [dku.ml.preprocessing] FIT/PROCESS WITH Step:FastSparseDummifyProcessor (Permit Status)
[2020-04-21 12:52:19,078] [3526/MainThread] [DEBUG] [dku.ml.preprocessing] Dummifier: Append a sparse block shape=(29419, 3) nnz=24329
[2020-04-21 12:52:19,078] [3526/MainThread] [DEBUG] [dku.ml.preprocessing] FIT/PROCESS WITH Step:MultipleImputeMissingFromInput
[2020-04-21 12:52:19,079] [3526/MainThread] [DEBUG] [dku.ml.preprocessing] MIMIFI: Imputing with map {}
[2020-04-21 12:52:19,079] [3526/MainThread] [DEBUG] [dku.ml.preprocessing] FIT/PROCESS WITH Step:FlushDFBuilder(cat_flagpresence)
[2020-04-21 12:52:19,079] [3526/MainThread] [DEBUG] [dku.ml.preprocessing] FIT/PROCESS WITH Step:MultipleImputeMissingFromInput
[2020-04-21 12:52:19,079] [3526/MainThread] [DEBUG] [dku.ml.preprocessing] MIMIFI: Imputing with map {}
[2020-04-21 12:52:19,079] [3526/MainThread] [DEBUG] [dku.ml.preprocessing] FIT/PROCESS WITH Step:FlushDFBuilder(interaction)
[2020-04-21 12:52:19,079] [3526/MainThread] [DEBUG] [dku.ml.preprocessing] FIT/PROCESS WITH Step:RealignTarget
[2020-04-21 12:52:19,079] [3526/MainThread] [DEBUG] [dku.ml.preprocessing] Realign target series = (29419,)
[2020-04-21 12:52:19,090] [3526/MainThread] [DEBUG] [dku.ml.preprocessing] After realign target: (29419,)
[2020-04-21 12:52:19,090] [3526/MainThread] [DEBUG] [dku.ml.preprocessing] FIT/PROCESS WITH Step:DropRowsWhereNoTarget
[2020-04-21 12:52:19,092] [3526/MainThread] [DEBUG] [dku.ml.preprocessing] Deleting 0 rows because no target
[2020-04-21 12:52:19,092] [3526/MainThread] [DEBUG] [dku.ml.preprocessing] MF before = (29419, 121) target before = (29419,)
[2020-04-21 12:52:19,102] [3526/MainThread] [INFO] [dataiku.doctor.multiframe] MultiFrame, dropping rows: []
[2020-04-21 12:52:19,151] [3526/MainThread] [DEBUG] [dku.ml.preprocessing] After DRWNT input_df=(29419, 11)
[2020-04-21 12:52:19,152] [3526/MainThread] [DEBUG] [dku.ml.preprocessing] MF after = (29419, 121) target after = (29419,)
[2020-04-21 12:52:19,152] [3526/MainThread] [DEBUG] [dku.ml.preprocessing] FIT/PROCESS WITH Step:DumpPipelineState
[2020-04-21 12:52:19,152] [3526/MainThread] [DEBUG] [dku.ml.preprocessing] ********* Pipeline state (Before feature selection)
[2020-04-21 12:52:19,152] [3526/MainThread] [DEBUG] [dku.ml.preprocessing]    input_df= (29419, 11) 
[2020-04-21 12:52:19,152] [3526/MainThread] [DEBUG] [dku.ml.preprocessing]    current_mf=(29419, 121) 
[2020-04-21 12:52:19,152] [3526/MainThread] [DEBUG] [dku.ml.preprocessing]    PPR: 
[2020-04-21 12:52:19,152] [3526/MainThread] [DEBUG] [dku.ml.preprocessing]       target = <class 'pandas.core.series.Series'> ((29419,))
[2020-04-21 12:52:19,152] [3526/MainThread] [DEBUG] [dku.ml.preprocessing] FIT/PROCESS WITH Step:EmitCurrentMFAsResult
[2020-04-21 12:52:19,153] [3526/MainThread] [INFO] [dataiku.doctor.multiframe] Set MF index len 29419
[2020-04-21 12:52:19,153] [3526/MainThread] [DEBUG] [dku.ml.preprocessing] FIT/PROCESS WITH Step:DumpPipelineState
[2020-04-21 12:52:19,153] [3526/MainThread] [DEBUG] [dku.ml.preprocessing] ********* Pipeline state (At end)
[2020-04-21 12:52:19,153] [3526/MainThread] [DEBUG] [dku.ml.preprocessing]    input_df= (29419, 11) 
[2020-04-21 12:52:19,153] [3526/MainThread] [DEBUG] [dku.ml.preprocessing]    current_mf=(0, 0) 
[2020-04-21 12:52:19,153] [3526/MainThread] [DEBUG] [dku.ml.preprocessing]    PPR: 
[2020-04-21 12:52:19,153] [3526/MainThread] [DEBUG] [dku.ml.preprocessing]       UNPROCESSED = <class 'pandas.core.frame.DataFrame'> ((29419, 11))
[2020-04-21 12:52:19,153] [3526/MainThread] [DEBUG] [dku.ml.preprocessing]       TRAIN = <class 'dataiku.doctor.multiframe.MultiFrame'> ((29419, 121))
[2020-04-21 12:52:19,153] [3526/MainThread] [DEBUG] [dku.ml.preprocessing]       target = <class 'pandas.core.series.Series'> ((29419,))
[2020-04-21 12:52:19,158] [3526/MainThread] [INFO] [dataiku.doctor.utils.listener] END -  Preprocessing train set
[2020-04-21 12:52:19,159] [3526/MainThread] [INFO] [dataiku.doctor.utils.listener] START -  Preprocessing test set
[2020-04-21 12:52:19,160] [3526/MainThread] [INFO] [dataiku.doctor.multiframe] Set MF index len 7267
[2020-04-21 12:52:19,160] [3526/MainThread] [DEBUG] [dku.ml.preprocessing] PROCESS WITH Step:RemapValueToOutput
[2020-04-21 12:52:19,161] [3526/MainThread] [DEBUG] [dku.ml.preprocessing] PROCESS WITH Step:MultipleImputeMissingFromInput
[2020-04-21 12:52:19,161] [3526/MainThread] [DEBUG] [dku.ml.preprocessing] MIMIFI: Imputing with map {u'Permit Issue Date': 3693374857.716068, u'State Valuation': 148009.9584622183}
[2020-04-21 12:52:19,163] [3526/MainThread] [DEBUG] [dku.ml.preprocessing] PROCESS WITH Step:RescalingProcessor2 (Permit Issue Date)
[2020-04-21 12:52:19,163] [3526/MainThread] [DEBUG] [dku.ml.preprocessing]   Rescale Permit Issue Date (avg=3692891056.67 std=36515958.1119 shift=3693374857.72 inv_scale=2.7343955101e-08)
[2020-04-21 12:52:19,165] [3526/MainThread] [DEBUG] [dku.ml.preprocessing]   Rescaled Permit Issue Date (avg=-0.0132290340736 std=0.998490719081) nulls=0
[2020-04-21 12:52:19,166] [3526/MainThread] [DEBUG] [dku.ml.preprocessing] PROCESS WITH Step:RescalingProcessor2 (State Valuation)
[2020-04-21 12:52:19,167] [3526/MainThread] [DEBUG] [dku.ml.preprocessing]   Rescale State Valuation (avg=147223.112151 std=2077870.69735 shift=148009.958462 inv_scale=5.58505024404e-07)
[2020-04-21 12:52:19,172] [3526/MainThread] [DEBUG] [dku.ml.preprocessing]   Rescaled State Valuation (avg=-0.00043945761835 std=1.16050122453) nulls=0
[2020-04-21 12:52:19,173] [3526/MainThread] [DEBUG] [dku.ml.preprocessing] PROCESS WITH Step:FlushDFBuilder(num_flagonly)
[2020-04-21 12:52:19,173] [3526/MainThread] [DEBUG] [dku.ml.preprocessing] PROCESS WITH Step:FastSparseDummifyProcessor (Permit SubType)
[2020-04-21 12:52:19,180] [3526/MainThread] [DEBUG] [dku.ml.preprocessing] Dummifier: Append a sparse block shape=(7267, 7) nnz=7159
[2020-04-21 12:52:19,180] [3526/MainThread] [DEBUG] [dku.ml.preprocessing] PROCESS WITH Step:FastSparseDummifyProcessor (Corporation)
[2020-04-21 12:52:19,187] [3526/MainThread] [DEBUG] [dku.ml.preprocessing] Dummifier: Append a sparse block shape=(7267, 2) nnz=4791
[2020-04-21 12:52:19,187] [3526/MainThread] [DEBUG] [dku.ml.preprocessing] PROCESS WITH Step:FastSparseDummifyProcessor (Work Desc)
[2020-04-21 12:52:19,196] [3526/MainThread] [DEBUG] [dku.ml.preprocessing] Dummifier: Append a sparse block shape=(7267, 5) nnz=7267
[2020-04-21 12:52:19,196] [3526/MainThread] [DEBUG] [dku.ml.preprocessing] PROCESS WITH Step:FastSparseDummifyProcessor (Permit Number)
[2020-04-21 12:52:19,206] [3526/MainThread] [DEBUG] [dku.ml.preprocessing] Dummifier: Append a sparse block shape=(7267, 102) nnz=0
[2020-04-21 12:52:19,206] [3526/MainThread] [DEBUG] [dku.ml.preprocessing] PROCESS WITH Step:FastSparseDummifyProcessor (Permit Status)
[2020-04-21 12:52:19,212] [3526/MainThread] [DEBUG] [dku.ml.preprocessing] Dummifier: Append a sparse block shape=(7267, 3) nnz=6021
[2020-04-21 12:52:19,212] [3526/MainThread] [DEBUG] [dku.ml.preprocessing] PROCESS WITH Step:MultipleImputeMissingFromInput
[2020-04-21 12:52:19,212] [3526/MainThread] [DEBUG] [dku.ml.preprocessing] MIMIFI: Imputing with map {}
[2020-04-21 12:52:19,212] [3526/MainThread] [DEBUG] [dku.ml.preprocessing] PROCESS WITH Step:FlushDFBuilder(cat_flagpresence)
[2020-04-21 12:52:19,212] [3526/MainThread] [DEBUG] [dku.ml.preprocessing] PROCESS WITH Step:MultipleImputeMissingFromInput
[2020-04-21 12:52:19,212] [3526/MainThread] [DEBUG] [dku.ml.preprocessing] MIMIFI: Imputing with map {}
[2020-04-21 12:52:19,213] [3526/MainThread] [DEBUG] [dku.ml.preprocessing] PROCESS WITH Step:FlushDFBuilder(interaction)
[2020-04-21 12:52:19,213] [3526/MainThread] [DEBUG] [dku.ml.preprocessing] PROCESS WITH Step:RealignTarget
[2020-04-21 12:52:19,213] [3526/MainThread] [DEBUG] [dku.ml.preprocessing] Realign target series = (7267,)
[2020-04-21 12:52:19,214] [3526/MainThread] [DEBUG] [dku.ml.preprocessing] After realign target: (7267,)
[2020-04-21 12:52:19,214] [3526/MainThread] [DEBUG] [dku.ml.preprocessing] PROCESS WITH Step:DropRowsWhereNoTarget
[2020-04-21 12:52:19,215] [3526/MainThread] [DEBUG] [dku.ml.preprocessing] Deleting 0 rows because no target
[2020-04-21 12:52:19,215] [3526/MainThread] [DEBUG] [dku.ml.preprocessing] MF before = (7267, 121) target before = (7267,)
[2020-04-21 12:52:19,217] [3526/MainThread] [INFO] [dataiku.doctor.multiframe] MultiFrame, dropping rows: []
[2020-04-21 12:52:19,242] [3526/MainThread] [DEBUG] [dku.ml.preprocessing] After DRWNT input_df=(7267, 11)
[2020-04-21 12:52:19,242] [3526/MainThread] [DEBUG] [dku.ml.preprocessing] MF after = (7267, 121) target after = (7267,)
[2020-04-21 12:52:19,242] [3526/MainThread] [DEBUG] [dku.ml.preprocessing] PROCESS WITH Step:DumpPipelineState
[2020-04-21 12:52:19,243] [3526/MainThread] [DEBUG] [dku.ml.preprocessing] ********* Pipeline state (Before feature selection)
[2020-04-21 12:52:19,243] [3526/MainThread] [DEBUG] [dku.ml.preprocessing]    input_df= (7267, 11) 
[2020-04-21 12:52:19,243] [3526/MainThread] [DEBUG] [dku.ml.preprocessing]    current_mf=(7267, 121) 
[2020-04-21 12:52:19,243] [3526/MainThread] [DEBUG] [dku.ml.preprocessing]    PPR: 
[2020-04-21 12:52:19,243] [3526/MainThread] [DEBUG] [dku.ml.preprocessing]       target = <class 'pandas.core.series.Series'> ((7267,))
[2020-04-21 12:52:19,243] [3526/MainThread] [DEBUG] [dku.ml.preprocessing] PROCESS WITH Step:EmitCurrentMFAsResult
[2020-04-21 12:52:19,243] [3526/MainThread] [INFO] [dataiku.doctor.multiframe] Set MF index len 7267
[2020-04-21 12:52:19,243] [3526/MainThread] [DEBUG] [dku.ml.preprocessing] PROCESS WITH Step:DumpPipelineState
[2020-04-21 12:52:19,243] [3526/MainThread] [DEBUG] [dku.ml.preprocessing] ********* Pipeline state (At end)
[2020-04-21 12:52:19,244] [3526/MainThread] [DEBUG] [dku.ml.preprocessing]    input_df= (7267, 11) 
[2020-04-21 12:52:19,244] [3526/MainThread] [DEBUG] [dku.ml.preprocessing]    current_mf=(0, 0) 
[2020-04-21 12:52:19,244] [3526/MainThread] [DEBUG] [dku.ml.preprocessing]    PPR: 
[2020-04-21 12:52:19,244] [3526/MainThread] [DEBUG] [dku.ml.preprocessing]       UNPROCESSED = <class 'pandas.core.frame.DataFrame'> ((7267, 11))
[2020-04-21 12:52:19,244] [3526/MainThread] [DEBUG] [dku.ml.preprocessing]       TRAIN = <class 'dataiku.doctor.multiframe.MultiFrame'> ((7267, 121))
[2020-04-21 12:52:19,244] [3526/MainThread] [DEBUG] [dku.ml.preprocessing]       target = <class 'pandas.core.series.Series'> ((7267,))
[2020-04-21 12:52:19,244] [3526/MainThread] [INFO] [dataiku.doctor.utils.listener] END -  Preprocessing test set
[2020-04-21 12:52:19,245] [3526/MainThread] [INFO] [dataiku.doctor.utils.listener] START -  Grid searching
[2020-04-21 12:52:19,259] [3526/MainThread] [DEBUG] [dku.ml.preprocessing] Deleting 0 rows
[2020-04-21 12:52:19,260] [3526/MainThread] [INFO] [dataiku.doctor.multiframe] MultiFrame, dropping rows: []
[2020-04-21 12:52:19,294] [3526/MainThread] [INFO] [dataiku.doctor.prediction.common] prepare multiframe shape=(29419,121) tn=3559699 nnz=161254 fill_ratio=0.05
[2020-04-21 12:52:19,295] [3526/MainThread] [INFO] [dataiku.doctor.prediction.common] too small, using array
[2020-04-21 12:52:19,660] [3526/MainThread] [INFO] [dataiku.doctor.prediction.common] Create CLF from params: {u'computeLearningCurves': False, u'ridge_grid': {u'alpha': {u'gridMode': u'EXPLICIT', u'values': [0.1, 1.0, 3.0], u'nValues': 0}, u'alphaMode': u'MANUAL', u'enabled': True}, u'algorithm': u'RIDGE_REGRESSION', u'grid_search_params': {u'nIter': 0, u'nJobs': 4, u'strategy': u'GRID', u'randomized': True, u'shuffleIterations': 1, u'mode': u'KFOLD', u'timeout': 0, u'splitRatio': 0.8, u'nFolds': 3, u'stratified': True}, u'autoOptimizeThreshold': True, u'gridLength': 3, u'metrics': {u'customEvaluationMetricNeedsProba': False, u'evaluationMetric': u'R2', u'liftPoint': 0.4, u'costMatrixWeights': {u'fnGain': 0.0, u'tpGain': 1.0, u'tnGain': 0.0, u'fpGain': -0.3}, u'customEvaluationMetricGIB': True}, u'forcedClassifierThreshold': 0.0, u'skipExpensiveReports': False, u'max_ensemble_nodes_serialized': 0, u'pluginAlgoCustomGridSearch': False} for algorithm RIDGE_REGRESSION
[2020-04-21 12:52:19,661] [3526/MainThread] [INFO] [dataiku.doctor.prediction.common] Using K-Fold CV with k=3
[2020-04-21 12:52:19,662] [3526/MainThread] [INFO] [dataiku.doctor.crossval.grid_search_cv] Building Gridsearcher for hyperparameters space: <dataiku.doctor.prediction.common.HyperparametersSpace object at 0x11d330ad0>
[2020-04-21 12:52:19,665] [3526/MainThread] [INFO] [dataiku.doctor.crossval.grid_search_cv] Fitting 3 folds for each of 3 candidates, totalling 9 fits
[Parallel(n_jobs=4)]: Using backend ThreadingBackend with 4 concurrent workers.
[2020-04-21 12:52:19,723] [3526/GS-123145509400576] [INFO] [dataiku.doctor.crossval.grid_search_cv] Fit  p=2 s=0: alpha=3.0 .......................................................
[2020-04-21 12:52:19,737] [3526/GS-123145513607168] [INFO] [dataiku.doctor.crossval.grid_search_cv] Fit  p=2 s=1: alpha=3.0 .......................................................
[2020-04-21 12:52:19,744] [3526/GS-123145517813760] [INFO] [dataiku.doctor.crossval.grid_search_cv] Fit  p=2 s=2: alpha=3.0 .......................................................
[2020-04-21 12:52:19,750] [3526/GS-123145522020352] [INFO] [dataiku.doctor.crossval.grid_search_cv] Fit  p=1 s=0: alpha=1.0 .......................................................
[2020-04-21 12:52:20,797] [3526/GS-123145509400576] [INFO] [dataiku.doctor.crossval.grid_search_cv] Done p=2 s=0: alpha=3.0 (ft=0.9s st=0.2s sc=0.442660953893)
[2020-04-21 12:52:20,819] [3526/GS-123145509400576] [INFO] [dataiku.doctor.crossval.grid_search_cv] Fit  p=1 s=1: alpha=1.0 .......................................................
[2020-04-21 12:52:20,848] [3526/GS-123145522020352] [INFO] [dataiku.doctor.crossval.grid_search_cv] Done p=1 s=0: alpha=1.0 (ft=1.0s st=0.1s sc=0.750757634837)
[2020-04-21 12:52:20,855] [3526/GS-123145513607168] [INFO] [dataiku.doctor.crossval.grid_search_cv] Done p=2 s=1: alpha=3.0 (ft=1.1s st=0.1s sc=0.445680853295)
[2020-04-21 12:52:20,859] [3526/GS-123145522020352] [INFO] [dataiku.doctor.crossval.grid_search_cv] Fit  p=1 s=2: alpha=1.0 .......................................................
[2020-04-21 12:52:20,882] [3526/GS-123145513607168] [INFO] [dataiku.doctor.crossval.grid_search_cv] Fit  p=0 s=0: alpha=0.1 .......................................................
[2020-04-21 12:52:20,886] [3526/GS-123145517813760] [INFO] [dataiku.doctor.crossval.grid_search_cv] Done p=2 s=2: alpha=3.0 (ft=1.0s st=0.1s sc=0.443911854268)
[2020-04-21 12:52:20,914] [3526/GS-123145517813760] [INFO] [dataiku.doctor.crossval.grid_search_cv] Fit  p=0 s=1: alpha=0.1 .......................................................
[2020-04-21 12:52:21,777] [3526/GS-123145509400576] [INFO] [dataiku.doctor.crossval.grid_search_cv] Done p=1 s=1: alpha=1.0 (ft=0.9s st=0.1s sc=0.753997850167)
[2020-04-21 12:52:21,803] [3526/GS-123145509400576] [INFO] [dataiku.doctor.crossval.grid_search_cv] Fit  p=0 s=2: alpha=0.1 .......................................................
[2020-04-21 12:52:21,804] [3526/GS-123145517813760] [INFO] [dataiku.doctor.crossval.grid_search_cv] Done p=0 s=1: alpha=0.1 (ft=0.7s st=0.1s sc=0.991505792718)
[2020-04-21 12:52:21,832] [3526/GS-123145513607168] [INFO] [dataiku.doctor.crossval.grid_search_cv] Done p=0 s=0: alpha=0.1 (ft=0.8s st=0.1s sc=0.991349524241)
[2020-04-21 12:52:21,852] [3526/GS-123145522020352] [INFO] [dataiku.doctor.crossval.grid_search_cv] Done p=1 s=2: alpha=1.0 (ft=0.9s st=0.1s sc=0.751265592171)
[2020-04-21 12:52:22,167] [3526/GS-123145509400576] [INFO] [dataiku.doctor.crossval.grid_search_cv] Done p=0 s=2: alpha=0.1 (ft=0.3s st=0.0s sc=0.991133609314)
[Parallel(n_jobs=4)]: Done   9 out of   9 | elapsed:    2.5s finished
[2020-04-21 12:52:22,703] [3526/MainThread] [INFO] [dataiku.doctor.crossval.grid_search_cv] Grid search ended, got 9 scores out of 9
[2020-04-21 12:52:22,704] [3526/MainThread] [INFO] [dataiku.doctor.crossval.grid_search_cv] Grid search done, best_parameters being : {'alpha': 0.1}
[2020-04-21 12:52:22,707] [3526/MainThread] [INFO] [dataiku.doctor.utils.listener] END -  Grid searching
[2020-04-21 12:52:22,708] [3526/MainThread] [INFO] [dataiku.doctor.utils.listener] START -  Fitting model
[2020-04-21 12:52:22,712] [3526/MainThread] [INFO] [dataiku.doctor.prediction.common] Fitting model:
[2020-04-21 12:52:22,713] [3526/MainThread] [INFO] [dataiku.doctor.prediction.common]   Model is: Ridge(alpha=0.1, copy_X=True, fit_intercept=True, max_iter=None,
   normalize=True, random_state=None, solver='auto', tol=0.001)
[2020-04-21 12:52:22,714] [3526/MainThread] [INFO] [dataiku.doctor.prediction.common]   train_X class: <type 'numpy.ndarray'>
[2020-04-21 12:52:22,714] [3526/MainThread] [INFO] [dataiku.doctor.prediction.common]   train_X shape: (29419, 121)
[2020-04-21 12:52:22,715] [3526/MainThread] [INFO] [dataiku.doctor.prediction.common]   train_y shape: (29419,)
[2020-04-21 12:52:22,715] [3526/MainThread] [INFO] [dataiku.doctor.prediction.common]   calibration enabled: a sub-sample of the train data has been saved for calibration
[2020-04-21 12:52:24,151] [3526/MainThread] [INFO] [dataiku.doctor.prediction.regression_fit] Output params are {'resolved': {'ridge': {'alpha': 0.1}, 'skipExpensiveReports': False, 'algorithm': u'RIDGE_REGRESSION'}, 'other': {}}
[2020-04-21 12:52:24,151] [3526/MainThread] [INFO] [dataiku.doctor.utils.listener] END -  Fitting model
[2020-04-21 12:52:24,151] [3526/MainThread] [INFO] [dataiku.doctor.utils.listener] START -  Saving model
[2020-04-21 12:52:24,157] [3526/MainThread] [INFO] [dataiku.doctor.utils.listener] END -  Saving model
[2020-04-21 12:52:24,157] [3526/MainThread] [INFO] [dataiku.doctor.utils.listener] START -  Scoring model
[2020-04-21 12:52:24,159] [3526/MainThread] [INFO] [dataiku.doctor.prediction.regression_scoring] Intrinsic scoring
[2020-04-21 12:52:24,160] [3526/MainThread] [INFO] [dataiku.doctor.prediction.regression_scoring] Extracting rescalers
[2020-04-21 12:52:24,160] [3526/MainThread] [INFO] [dataiku.doctor.prediction.regression_scoring] Computing regression coeffs
[2020-04-21 12:52:24,236] [3526/MainThread] [INFO] [dataiku.doctor.prediction.scoring_base] Coefs: [ 1.60706444e+05  9.50169758e+02  1.62181190e+06 -2.30441117e+04
  7.81067899e+03 -6.57331162e+04  1.37344282e+04 -1.87670658e+04
  7.99464571e+04  0.00000000e+00  5.21237211e+03  0.00000000e+00
 -1.54081005e+04 -1.37949673e+04  6.01552391e+04  3.41675886e+04
  0.00000000e+00  9.20394268e+03 -1.62192534e+04  6.11216489e+03
 -1.37001477e+03  3.32459392e+03 -2.38471517e+04  4.12283449e+03
  5.24639746e+03 -3.12834632e+04  4.43124446e+04 -4.10087630e+03
 -4.88638158e+04 -5.52855681e+04 -8.42791550e+04 -3.34158572e+04
 -1.49134941e+03 -2.55476914e+04 -2.49041559e+04  6.64641967e+03
  3.28924922e+03  8.09252060e+03 -2.25121592e+04  6.01210877e+03
 -3.04293830e+04  4.05526501e+03 -8.48046553e+03 -9.77588730e+03
 -1.35706068e+04  6.45060662e+03  2.05940395e+03 -3.03991496e+04
  3.96436462e+04  1.14279521e+04  3.11451303e+03 -1.45899846e+05
 -1.91706593e+04  1.32513226e+04  4.49782011e+04 -2.15858658e+04
  2.42899074e+02 -2.01554904e+04 -2.43032236e+04 -6.39873769e+03
  6.34512691e+03  2.96131487e+03  6.31905220e+03  2.84024958e+03
 -1.41251663e+03 -4.19271293e+04  5.92718895e+03 -5.55710834e+03
  7.35004829e+03 -1.93079745e+04 -6.43629695e+03  3.76353197e+03
 -2.10367937e+04  6.11262406e+03 -2.05250915e+04  7.92770566e+03
  1.21667611e+03  1.60352915e+03 -1.57576715e+04 -8.51832062e+04
 -2.84675759e+04 -1.97082178e+04  3.99755045e+03 -2.44375858e+04
 -3.74079595e+04  9.52038459e+03  5.03960901e+03  4.75734834e+03
  5.45095441e+03 -9.94439200e+03 -2.26303534e+04 -2.69097152e+03
 -3.53851151e+04 -2.53248889e+04 -3.84383285e+04 -8.69583266e+03
 -1.84316325e+04  5.36312184e+03  5.47524382e+03 -2.57020740e+04
  6.37022441e+03  7.85655014e+03 -2.92027847e+01 -2.88814035e+04
  6.94042732e+03 -2.82691823e+04  7.01181255e+03 -8.74427738e+04
 -2.81565890e+04 -3.51350967e+04  7.14897133e+04  4.05072709e+03
 -3.11625202e+04 -7.04627524e+04  6.42728195e+03 -4.89245595e+03
  7.36940933e+02  1.06322891e+04  0.00000000e+00  3.68249357e+03
  1.34613462e+04  0.00000000e+00]
[2020-04-21 12:52:24,237] [3526/MainThread] [INFO] [dataiku.doctor.prediction.scoring_base] Sample variance: 27750560000.924664
[2020-04-21 12:52:24,979] [3526/MainThread] [INFO] [dataiku.doctor.prediction.scoring_base] Singular variance matrix
[2020-04-21 12:52:24,989] [3526/MainThread] [INFO] [dataiku.doctor.prediction.common] prepare multiframe shape=(7267,121) tn=879307 nnz=39772 fill_ratio=0.05
[2020-04-21 12:52:24,990] [3526/MainThread] [INFO] [dataiku.doctor.prediction.common] too small, using array
[2020-04-21 12:52:25,011] [3526/MainThread] [INFO] [dataiku.doctor.prediction.regression_scoring] Creating predictions on test set
[2020-04-21 12:52:25,024] [3526/MainThread] [INFO] [dataiku.doctor.prediction.regression_scoring] Computing regression performance on [184029.78872284 482528.17968196 291043.6463031  ...  21453.12430016
  15452.24476501  14703.64191771]
[2020-04-21 12:52:25,130] [3526/MainThread] [INFO] [dataiku.doctor.utils.metrics] Negative values, not computing RMSLE
[2020-04-21 12:52:25,287] [3526/MainThread] [INFO] [dataiku.doctor.utils.listener] END -  Scoring model
[2020/04/21-12:52:25.312] [MRT-2721] [INFO] [dku.block.link.interaction]  - Check result for nullity exceptionIfNull=true result=not null
[2020/04/21-12:52:25.314] [MRT-2721] [INFO] [dku.analysis.prediction]  - Training returned ok
[2020/04/21-12:52:25.334] [MRT-2721] [INFO] [dku.ml.versioning]  - Dumping version info {"trainedWithDSSVersion":"7.0.1","trainedWithDSSConfVersion":"7000","trainedWithDSSBackend":"PY_MEMORY","backendCompatibilityVersion":18} in /Users/gerryleonugroho/Library/DataScienceStudio/dss_home/analysis-data/BUILDINGPERMIT/pWTmAVkj/QEkTjiI1/sessions/s1/pp2/m1
[2020/04/21-12:52:25.362] [KNL-python-single-command-kernel-out-2730] [DEBUG] [process]  - StreamToLine: EOF (stream closed)
[2020/04/21-12:52:25.364] [KNL-python-single-command-kernel-err-2731] [DEBUG] [process]  - StreamToLine: EOF (stream closed)
[2020/04/21-12:52:25.435] [KNL-python-single-command-kernel-monitor-2728] [INFO] [dku.kernels]  - Process done with code 143
[2020/04/21-12:52:25.442] [KNL-python-single-command-kernel-monitor-2728] [INFO] [dip.tickets]  - Destroying API ticket for analysis-ml-BUILDINGPERMIT-ZWozVb7 on behalf of admin
[2020/04/21-12:54:05.114] [FT-TrainWorkThread-oXVjuLKg-2719] [INFO] [dku.analysis.ml.python] T-QEkTjiI1 - Processing thread joined ...
[2020/04/21-12:54:05.115] [FT-TrainWorkThread-oXVjuLKg-2719] [INFO] [dku.analysis.ml.python] T-QEkTjiI1 - Joining processing thread ...
[2020/04/21-12:54:05.116] [FT-TrainWorkThread-oXVjuLKg-2719] [INFO] [dku.analysis.ml.python] T-QEkTjiI1 - Processing thread joined ...
[2020/04/21-12:54:05.120] [FT-TrainWorkThread-oXVjuLKg-2719] [INFO] [dku.analysis.prediction] T-QEkTjiI1 - Train done
[2020/04/21-12:54:05.121] [FT-TrainWorkThread-oXVjuLKg-2719] [INFO] [dku.analysis.prediction] T-QEkTjiI1 - Train done
[2020/04/21-12:54:05.309] [FT-TrainWorkThread-oXVjuLKg-2719] [INFO] [dku.analysis.prediction] T-QEkTjiI1 - Publishing mltask-train-done reflected event
