[2020/04/27-15:47:58.143] [FT-TrainWorkThread-LyWYbVa0-1801] [INFO] [dku.analysis.prediction]  - ******************************************
[2020/04/27-15:47:58.144] [FT-TrainWorkThread-LyWYbVa0-1801] [INFO] [dku.analysis.prediction]  - ** Start train session s2
[2020/04/27-15:47:58.147] [FT-TrainWorkThread-LyWYbVa0-1801] [INFO] [dku.analysis.prediction]  - ******************************************
[2020/04/27-15:47:58.150] [FT-TrainWorkThread-LyWYbVa0-1801] [INFO] [dku.analysis.splits] T-bN8FvxtW - [ct: 7] Search for split: p=type=SPLIT_SINGLE_DATASET,split=SORTED,splitBeforePrepare=true,ds=fortune500_train,sel=(method=full),r=0.8,c=Year,ascending=true i=fdfa03ea549540e896197b40639fc0b7-0
[2020/04/27-15:47:58.155] [FT-TrainWorkThread-LyWYbVa0-1801] [INFO] [dku.shaker.data] T-bN8FvxtW - [ct: 12] Need to compute sampleId before checking memory cache
[2020/04/27-15:47:58.156] [FT-TrainWorkThread-LyWYbVa0-1801] [DEBUG] [dip.shaker.runner] T-bN8FvxtW - [ct: 13] Script settings sampleMax=104857600 processedMax=-1
[2020/04/27-15:47:58.159] [FT-TrainWorkThread-LyWYbVa0-1801] [DEBUG] [dip.shaker.runner] T-bN8FvxtW - [ct: 16] Processing with sampleMax=104857600 processedMax=524288000
[2020/04/27-15:47:58.160] [FT-TrainWorkThread-LyWYbVa0-1801] [DEBUG] [dip.shaker.runner] T-bN8FvxtW - [ct: 17] Computed required sample id : 30fd6026d93dbe5dfdb7f28e23367b6d-NA-31c57f559ab672625afa057353f0de860--d751713988987e9331980363e24189ce
[2020/04/27-15:47:58.163] [FT-TrainWorkThread-LyWYbVa0-1801] [DEBUG] [dku.shaker.cache] T-bN8FvxtW - Shaker MemoryCache get on FORTUNE500.fortune500_train key=ds=4a1375742d50c272f372055414ea5c0d--scr=cce886f940c6d33ca0d03539a30d5e5a--samp=30fd6026d93dbe5dfdb7f28e23367b6d-NA-31c57f559ab672625afa057353f0de860--d751713988987e9331980363e24189ce: hit
[2020/04/27-15:47:58.167] [FT-TrainWorkThread-LyWYbVa0-1801] [INFO] [dku.shaker.schema] T-bN8FvxtW - [ct: 24] Column Year meaning=LongMeaning fail=0
[2020/04/27-15:47:58.169] [FT-TrainWorkThread-LyWYbVa0-1801] [INFO] [dku.shaker.schema] T-bN8FvxtW - [ct: 26] Column Rank meaning=LongMeaning fail=0
[2020/04/27-15:47:58.171] [FT-TrainWorkThread-LyWYbVa0-1801] [INFO] [dku.shaker.schema] T-bN8FvxtW - [ct: 28] Column Company meaning=Text fail=0
[2020/04/27-15:47:58.174] [FT-TrainWorkThread-LyWYbVa0-1801] [INFO] [dku.shaker.schema] T-bN8FvxtW - [ct: 31] Column Revenue (in millions) meaning=DoubleMeaning fail=0
[2020/04/27-15:47:58.175] [FT-TrainWorkThread-LyWYbVa0-1801] [INFO] [dku.shaker.schema] T-bN8FvxtW - [ct: 32] Column Profit (in millions) meaning=DoubleMeaning fail=0
[2020/04/27-15:47:58.181] [Thread-801] [INFO] [dku.datasets.pull]  - pull background thread starting for fortune500_train
[2020/04/27-15:47:58.182] [Thread-801] [INFO] [dku.datasets.file]  - Building Filesystem handler config: {"connection":"filesystem_managed","path":"FORTUNE500/fortune500_train","notReadyIfEmpty":false,"filesSelectionRules":{"mode":"ALL","excludeRules":[],"includeRules":[],"explicitFiles":[]}}
[2020/04/27-15:47:58.207] [Thread-801] [INFO] [dku.datasets.ftplike]  - Enumerating Filesystem dataset prefix=
[2020/04/27-15:47:58.209] [Thread-801] [DEBUG] [dku.fs.local]  - Enumerating local filesystem prefix=/
[2020/04/27-15:47:58.211] [Thread-801] [DEBUG] [dku.fs.local]  - Enumeration done nb_paths=1 size=270153
[2020/04/27-15:47:58.215] [Thread-801] [INFO] [dku.input.push]  - USTP: push selection.method=FULL records=100000 ratio=0.02 col=null
[2020/04/27-15:47:58.218] [Thread-801] [INFO] [dku.format]  - Extractor run: limit={"maxBytes":-1,"maxRecords":-1,"ordering":{"enabled":false,"rules":[]}} totalRecords=0
[2020/04/27-15:47:58.220] [Thread-801] [INFO] [dku]  - getCompression filename=**out-s0.csv.gz**
[2020/04/27-15:47:58.221] [Thread-801] [INFO] [dku]  - getCompression filename=**out-s0.csv.gz**
[2020/04/27-15:47:58.222] [Thread-801] [INFO] [dku.format]  - Start compressed [GZIP] stream: /Users/gerryleonugroho/Library/DataScienceStudio/dss_home/managed_datasets/FORTUNE500/fortune500_train/out-s0.csv.gz / totalRecsBefore=0
[2020/04/27-15:47:58.225] [Thread-801] [INFO] [dku]  - getCompression filename=**out-s0.csv.gz**
[2020/04/27-15:47:58.227] [Thread-801] [INFO] [dku]  - getCompression filename=**out-s0.csv.gz**
[2020/04/27-15:47:58.561] [Thread-801] [INFO] [dku.format]  - after stream totalComp=270153 totalUncomp=865764 totalRec=25131
[2020/04/27-15:47:58.569] [Thread-801] [INFO] [dku.format]  - Extractor run done, totalCompressed=270153 totalRecords=25131
[2020/04/27-15:47:58.571] [Thread-801] [DEBUG] [dku.datasets.pull]  - pull background thread: ending queue,  cursize=0
[2020/04/27-15:47:58.573] [Thread-801] [INFO] [dku.datasets.pull]  - pull background thread finished for fortune500_train
[2020/04/27-15:47:58.573] [FT-TrainWorkThread-LyWYbVa0-1801] [INFO] [dku.datasets.pull] T-bN8FvxtW - End of stream reached
[2020/04/27-15:47:58.580] [FT-TrainWorkThread-LyWYbVa0-1801] [INFO] [dip.sorter.chunk] T-bN8FvxtW - Spilling chunk. used=8617422
[2020/04/27-15:47:59.010] [FT-TrainWorkThread-LyWYbVa0-1801] [INFO] [dku.ml.prediction.split] T-bN8FvxtW - [ct: 867] Sorted train/test split: threshold = 1995
[2020/04/27-15:47:59.054] [FT-TrainWorkThread-LyWYbVa0-1801] [INFO] [dku.analysis.splits] T-bN8FvxtW - [ct: 911] Checking if splits are up to date. Policy: type=SPLIT_SINGLE_DATASET,split=SORTED,splitBeforePrepare=true,ds=fortune500_train,sel=(method=full),r=0.8,c=Year,ascending=true, instance id: fdfa03ea549540e896197b40639fc0b7-0
[2020/04/27-15:47:59.057] [FT-TrainWorkThread-LyWYbVa0-1801] [INFO] [dku.analysis.splits] T-bN8FvxtW - [ct: 914] Search for split: p=type=SPLIT_SINGLE_DATASET,split=SORTED,splitBeforePrepare=true,ds=fortune500_train,sel=(method=full),r=0.8,c=Year,ascending=true i=fdfa03ea549540e896197b40639fc0b7-0
[2020/04/27-15:47:59.060] [FT-TrainWorkThread-LyWYbVa0-1801] [INFO] [dku.analysis.splits] T-bN8FvxtW - [ct: 917] Search for split: p=type=SPLIT_SINGLE_DATASET,split=SORTED,splitBeforePrepare=true,ds=fortune500_train,sel=(method=full),r=0.8,c=Year,ascending=true i=fdfa03ea549540e896197b40639fc0b7-0
[2020/04/27-15:47:59.063] [FT-TrainWorkThread-LyWYbVa0-1801] [INFO] [dku.analysis.ml.python] T-bN8FvxtW - Joining processing thread ...
[2020/04/27-15:47:59.064] [MRT-1804] [INFO] [dku.analysis.ml.python]  - Running a preprocessing set: pp2 in /Users/gerryleonugroho/Library/DataScienceStudio/dss_home/analysis-data/FORTUNE500/yHY7DSLk/bN8FvxtW/sessions/s2/pp2
[2020/04/27-15:47:59.067] [MRT-1804] [INFO] [dku.block.link]  - Started a socket on port 54852
[2020/04/27-15:47:59.071] [MRT-1804] [INFO] [dku.ml.kernel]  - Writing output of python-single-command-kernel to /Users/gerryleonugroho/Library/DataScienceStudio/dss_home/analysis-data/FORTUNE500/yHY7DSLk/bN8FvxtW/sessions/s2/pp2/train.log
[2020/04/27-15:47:59.072] [MRT-1804] [INFO] [dku.code.envs.resolution]  - Executing Python activity in builtin env
[2020/04/27-15:47:59.075] [MRT-1804] [WARN] [dku.code.projectLibs]  - External libraries file not found: /Users/gerryleonugroho/Library/DataScienceStudio/dss_home/config/projects/FORTUNE500/lib/external-libraries.json
[2020/04/27-15:47:59.077] [MRT-1804] [INFO] [dku.code.projectLibs]  - EXTERNAL LIBS FROM FORTUNE500 is {"gitReferences":{},"pythonPath":["python"],"rsrcPath":["R"],"importLibrariesFromProjects":[]}
[2020/04/27-15:47:59.078] [MRT-1804] [INFO] [dku.code.projectLibs]  - chunkFolder is /Users/gerryleonugroho/Library/DataScienceStudio/dss_home/config/projects/FORTUNE500/lib/R
[2020/04/27-15:47:59.079] [MRT-1804] [INFO] [dku.python.single_command.kernel]  - Starting Python process for kernel  python-single-command-kernel
[2020/04/27-15:47:59.080] [MRT-1804] [INFO] [dip.tickets]  - Creating API ticket for analysis-ml-FORTUNE500-p8KqTn0 on behalf of admin id=analysis-ml-FORTUNE500-p8KqTn0_1EtP1FQQby1g
[2020/04/27-15:47:59.080] [MRT-1804] [INFO] [dku.security.process]  - Starting process (regular)
[2020/04/27-15:47:59.086] [MRT-1804] [INFO] [dku.security.process]  - Process started with pid=4460
[2020/04/27-15:47:59.087] [MRT-1804] [INFO] [dku.processes.cgroups]  - Will use cgroups []
[2020/04/27-15:47:59.090] [MRT-1804] [INFO] [dku.processes.cgroups]  - Applying rules to used cgroups: []
Installing debugging signal handler
[2020-04-27 15:48:03,131] [4460/MainThread] [INFO] [root] Connecting to parent at port 54852
[2020-04-27 15:48:03,135] [4460/MainThread] [INFO] [root] Connected to parent at port 54852
[2020/04/27-15:48:03.135] [MRT-1804] [INFO] [dku.link.secret_protected]  - Connected to kernel
[2020/04/27-15:48:03.139] [MRT-1804] [INFO] [dku.block.link.interaction]  - Execute link command respClazz=true respTypeToken=false respIsString=false is=false asyncInputStream=false os=false
[2020-04-27 15:48:06,676] [4460/MainThread] [INFO] [root] Running analysis command: train_prediction_models_nosave
[2020-04-27 15:48:06,679] [4460/MainThread] [INFO] [dataiku.doctor.commands] PPS is {u'preprocessingFitSampleSeed': 1337, u'feature_selection_params': {u'custom_params': {u'code': u'# type your code here'}, u'pca_params': {u'variance_proportion': 0.9, u'n_features': 25}, u'random_forest_params': {u'depth': 10, u'n_features': 25, u'n_trees': 30}, u'lasso_params': {u'alpha': [0.01, 0.1, 1.0, 10.0, 100.0], u'cross_validate': True}, u'method': u'NONE', u'correlation_params': {u'n_features': 25, u'min_abs_correlation': 0.0}}, u'preprocessingFitSampleRatio': 1.0, u'reduce': {u'enabled': False, u'kept_variance': 0.0}, u'skipPreprocessing': False, u'target_remapping': [], u'per_feature': {u'Revenue (in millions)': {u'generate_derivative': False, u'sendToInput': u'main', u'rescaling': u'AVGSTD', u'role': u'INPUT', u'customHandlingCode': u'', u'customProcessorWantsMatrix': False, u'numerical_handling': u'REGULAR', u'binarize_threshold_mode': u'MEDIAN', u'state': {u'userModified': False, u'recordedMeaning': u'DoubleMeaning', u'autoModifiedByDSS': False}, u'missing_handling': u'IMPUTE', u'binarize_constant_threshold': 0.0, u'quantile_bin_nb_bins': 4, u'missing_impute_with': u'MEAN', u'type': u'NUMERIC', u'impute_constant_value': 0.0}, u'Company': {u'missing_impute_with': u'MODE', u'customProcessorWantsMatrix': False, u'customHandlingCode': u'', u'category_handling': u'DUMMIFY', u'cumulative_proportion': 0.95, u'sendToInput': u'main', u'state': {u'userModified': False, u'recordedMeaning': u'Text', u'autoModifiedByDSS': False}, u'missing_handling': u'NONE', u'max_nb_categories': 100, u'dummy_clip': u'MAX_NB_CATEGORIES', u'role': u'INPUT', u'max_cat_safety': 200, u'min_samples': 10, u'type': u'CATEGORY', u'dummy_drop': u'DROP'}, u'Profit (in millions)': {u'generate_derivative': False, u'customHandlingCode': u'', u'customProcessorWantsMatrix': False, u'sendToInput': u'main', u'binarize_threshold_mode': u'MEDIAN', u'state': {u'userModified': False, u'recordedMeaning': u'DoubleMeaning', u'autoModifiedByDSS': False}, u'role': u'TARGET', u'binarize_constant_threshold': 0.0, u'quantile_bin_nb_bins': 4, u'type': u'NUMERIC', u'impute_constant_value': 0.0}, u'Rank': {u'generate_derivative': False, u'sendToInput': u'main', u'rescaling': u'AVGSTD', u'role': u'INPUT', u'customHandlingCode': u'', u'customProcessorWantsMatrix': False, u'numerical_handling': u'REGULAR', u'binarize_threshold_mode': u'MEDIAN', u'state': {u'userModified': False, u'recordedMeaning': u'LongMeaning', u'autoModifiedByDSS': False}, u'missing_handling': u'IMPUTE', u'binarize_constant_threshold': 0.0, u'quantile_bin_nb_bins': 4, u'missing_impute_with': u'MEAN', u'type': u'NUMERIC', u'impute_constant_value': 0.0}, u'Year': {u'generate_derivative': False, u'sendToInput': u'main', u'rescaling': u'AVGSTD', u'role': u'INPUT', u'customHandlingCode': u'', u'customProcessorWantsMatrix': False, u'numerical_handling': u'REGULAR', u'binarize_threshold_mode': u'MEDIAN', u'state': {u'userModified': False, u'recordedMeaning': u'LongMeaning', u'autoModifiedByDSS': False}, u'missing_handling': u'DROP_ROW', u'binarize_constant_threshold': 0.0, u'quantile_bin_nb_bins': 4, u'missing_impute_with': u'MEAN', u'type': u'NUMERIC', u'impute_constant_value': 0.0}}, u'feature_generation': {u'manual_interactions': {u'interactions': []}, u'pairwise_linear': {u'behavior': u'DISABLED'}, u'categoricals_count_transformer': {u'input_features': [], u'all_features': False, u'behavior': u'DISABLED'}, u'polynomial_combinations': {u'behavior': u'DISABLED'}, u'numericals_clustering': {u'k': 0, u'input_features': [], u'all_features': False, u'behavior': u'DISABLED'}}}
[2020-04-27 15:48:06,680] [4460/MainThread] [INFO] [dataiku.doctor.utils.listener] START -  Loading train set
[2020-04-27 15:48:06,681] [4460/MainThread] [INFO] [root] Reading with dtypes: None
[2020-04-27 15:48:06,681] [4460/MainThread] [INFO] [dataiku.doctor.utils] Computed dtype for Year: <type 'numpy.float64'> (schema_type=bigint feature_type=NUMERIC feature_role=INPUT)
[2020-04-27 15:48:06,681] [4460/MainThread] [INFO] [dataiku.doctor.utils] Computed dtype for Rank: <type 'numpy.float64'> (schema_type=bigint feature_type=NUMERIC feature_role=INPUT)
[2020-04-27 15:48:06,682] [4460/MainThread] [INFO] [dataiku.doctor.utils] Computed dtype for Company: str (schema_type=string feature_type=CATEGORY feature_role=INPUT)
[2020-04-27 15:48:06,682] [4460/MainThread] [INFO] [dataiku.doctor.utils] Computed dtype for Revenue (in millions): <type 'numpy.float64'> (schema_type=double feature_type=NUMERIC feature_role=INPUT)
[2020-04-27 15:48:06,682] [4460/MainThread] [INFO] [dataiku.doctor.utils] Computed dtype for Profit (in millions): <type 'numpy.float64'> (schema_type=double feature_type=NUMERIC feature_role=TARGET)
[2020-04-27 15:48:06,682] [4460/MainThread] [INFO] [root] Reading with FIXED dtypes: {u'Revenue (in millions)': <type 'numpy.float64'>, u'Company': 'str', u'Profit (in millions)': <type 'numpy.float64'>, u'Rank': <type 'numpy.float64'>, u'Year': <type 'numpy.float64'>}
[2020-04-27 15:48:06,727] [4460/MainThread] [INFO] [root] Loaded table
[2020-04-27 15:48:06,727] [4460/MainThread] [INFO] [dataiku.doctor.utils]  Coercion done
[2020-04-27 15:48:06,728] [4460/MainThread] [INFO] [dataiku.doctor.commands] Checking that the train set is sorted by 'Year'
[2020-04-27 15:48:06,735] [4460/MainThread] [INFO] [dataiku.doctor.commands] Loaded train df: shape=(20104,5)
[2020-04-27 15:48:06,735] [4460/MainThread] [INFO] [dataiku.doctor.commands] Train col : Year (float64)
[2020-04-27 15:48:06,735] [4460/MainThread] [INFO] [dataiku.doctor.commands] Train col : Rank (float64)
[2020-04-27 15:48:06,735] [4460/MainThread] [INFO] [dataiku.doctor.commands] Train col : Company (object)
[2020-04-27 15:48:06,735] [4460/MainThread] [INFO] [dataiku.doctor.commands] Train col : Revenue (in millions) (float64)
[2020-04-27 15:48:06,735] [4460/MainThread] [INFO] [dataiku.doctor.commands] Train col : Profit (in millions) (float64)
[2020-04-27 15:48:06,736] [4460/MainThread] [INFO] [dataiku.doctor.utils.listener] END -  Loading train set
[2020-04-27 15:48:06,736] [4460/MainThread] [INFO] [dataiku.doctor.utils.listener] START -  Loading test set
[2020-04-27 15:48:06,736] [4460/MainThread] [INFO] [root] Reading with dtypes: None
[2020-04-27 15:48:06,737] [4460/MainThread] [INFO] [dataiku.doctor.utils] Computed dtype for Year: <type 'numpy.float64'> (schema_type=bigint feature_type=NUMERIC feature_role=INPUT)
[2020-04-27 15:48:06,737] [4460/MainThread] [INFO] [dataiku.doctor.utils] Computed dtype for Rank: <type 'numpy.float64'> (schema_type=bigint feature_type=NUMERIC feature_role=INPUT)
[2020-04-27 15:48:06,737] [4460/MainThread] [INFO] [dataiku.doctor.utils] Computed dtype for Company: str (schema_type=string feature_type=CATEGORY feature_role=INPUT)
[2020-04-27 15:48:06,737] [4460/MainThread] [INFO] [dataiku.doctor.utils] Computed dtype for Revenue (in millions): <type 'numpy.float64'> (schema_type=double feature_type=NUMERIC feature_role=INPUT)
[2020-04-27 15:48:06,737] [4460/MainThread] [INFO] [dataiku.doctor.utils] Computed dtype for Profit (in millions): <type 'numpy.float64'> (schema_type=double feature_type=NUMERIC feature_role=TARGET)
[2020-04-27 15:48:06,738] [4460/MainThread] [INFO] [root] Reading with FIXED dtypes: {u'Revenue (in millions)': <type 'numpy.float64'>, u'Company': 'str', u'Profit (in millions)': <type 'numpy.float64'>, u'Rank': <type 'numpy.float64'>, u'Year': <type 'numpy.float64'>}
[2020-04-27 15:48:06,752] [4460/MainThread] [INFO] [root] Loaded table
[2020-04-27 15:48:06,753] [4460/MainThread] [INFO] [dataiku.doctor.utils]  Coercion done
[2020-04-27 15:48:06,753] [4460/MainThread] [INFO] [dataiku.doctor.commands] Loaded test df: shape=(5027,5)
[2020-04-27 15:48:06,753] [4460/MainThread] [INFO] [dataiku.doctor.utils.listener] END -  Loading test set
[2020-04-27 15:48:06,753] [4460/MainThread] [INFO] [dataiku.doctor.utils.listener] START -  Collecting statistics
[2020-04-27 15:48:06,754] [4460/MainThread] [INFO] [dataiku.doctor.preprocessing_collector] Looking at Revenue (in millions)... (type=NUMERIC)
[2020-04-27 15:48:06,754] [4460/MainThread] [INFO] [dataiku.doctor.preprocessing_collector] Checking series of type: float64 (isM8=False)
[2020-04-27 15:48:06,758] [4460/MainThread] [INFO] [dataiku.doctor.preprocessing_collector] Looking at Company... (type=CATEGORY)
[2020-04-27 15:48:06,769] [4460/MainThread] [INFO] [dataiku.doctor.preprocessing_collector] Looking at Profit (in millions)... (type=NUMERIC)
[2020-04-27 15:48:06,769] [4460/MainThread] [INFO] [dataiku.doctor.preprocessing_collector] Looking at Rank... (type=NUMERIC)
[2020-04-27 15:48:06,769] [4460/MainThread] [INFO] [dataiku.doctor.preprocessing_collector] Checking series of type: float64 (isM8=False)
[2020-04-27 15:48:06,772] [4460/MainThread] [INFO] [dataiku.doctor.preprocessing_collector] Looking at Year... (type=NUMERIC)
[2020-04-27 15:48:06,773] [4460/MainThread] [INFO] [dataiku.doctor.preprocessing_collector] Checking series of type: float64 (isM8=False)
[2020-04-27 15:48:06,775] [4460/MainThread] [INFO] [dataiku.doctor.utils.listener] END -  Collecting statistics
[2020-04-27 15:48:06,775] [4460/MainThread] [INFO] [dataiku.doctor.multiframe] generating interactions
[2020-04-27 15:48:06,776] [4460/MainThread] [INFO] [dataiku.doctor.multiframe] {u'preprocessingFitSampleSeed': 1337, u'feature_selection_params': {u'custom_params': {u'code': u'# type your code here'}, u'pca_params': {u'variance_proportion': 0.9, u'n_features': 25}, u'random_forest_params': {u'depth': 10, u'n_features': 25, u'n_trees': 30}, u'lasso_params': {u'alpha': [0.01, 0.1, 1.0, 10.0, 100.0], u'cross_validate': True}, u'method': u'NONE', u'correlation_params': {u'n_features': 25, u'min_abs_correlation': 0.0}}, u'preprocessingFitSampleRatio': 1.0, u'reduce': {u'enabled': False, u'kept_variance': 0.0}, u'skipPreprocessing': False, u'target_remapping': [], u'per_feature': {u'Revenue (in millions)': {u'generate_derivative': False, u'sendToInput': u'main', u'rescaling': u'AVGSTD', u'role': u'INPUT', u'customHandlingCode': u'', u'customProcessorWantsMatrix': False, u'numerical_handling': u'REGULAR', u'binarize_threshold_mode': u'MEDIAN', u'state': {u'userModified': False, u'recordedMeaning': u'DoubleMeaning', u'autoModifiedByDSS': False}, u'missing_handling': u'IMPUTE', u'binarize_constant_threshold': 0.0, u'quantile_bin_nb_bins': 4, u'missing_impute_with': u'MEAN', u'type': u'NUMERIC', u'impute_constant_value': 0.0}, u'Company': {u'missing_impute_with': u'MODE', u'customProcessorWantsMatrix': False, u'customHandlingCode': u'', u'category_handling': u'DUMMIFY', u'cumulative_proportion': 0.95, u'sendToInput': u'main', u'state': {u'userModified': False, u'recordedMeaning': u'Text', u'autoModifiedByDSS': False}, u'missing_handling': u'NONE', u'max_nb_categories': 100, u'dummy_clip': u'MAX_NB_CATEGORIES', u'role': u'INPUT', u'max_cat_safety': 200, u'min_samples': 10, u'type': u'CATEGORY', u'dummy_drop': u'DROP'}, u'Profit (in millions)': {u'generate_derivative': False, u'customHandlingCode': u'', u'customProcessorWantsMatrix': False, u'sendToInput': u'main', u'binarize_threshold_mode': u'MEDIAN', u'state': {u'userModified': False, u'recordedMeaning': u'DoubleMeaning', u'autoModifiedByDSS': False}, u'role': u'TARGET', u'binarize_constant_threshold': 0.0, u'quantile_bin_nb_bins': 4, u'type': u'NUMERIC', u'impute_constant_value': 0.0}, u'Rank': {u'generate_derivative': False, u'sendToInput': u'main', u'rescaling': u'AVGSTD', u'role': u'INPUT', u'customHandlingCode': u'', u'customProcessorWantsMatrix': False, u'numerical_handling': u'REGULAR', u'binarize_threshold_mode': u'MEDIAN', u'state': {u'userModified': False, u'recordedMeaning': u'LongMeaning', u'autoModifiedByDSS': False}, u'missing_handling': u'IMPUTE', u'binarize_constant_threshold': 0.0, u'quantile_bin_nb_bins': 4, u'missing_impute_with': u'MEAN', u'type': u'NUMERIC', u'impute_constant_value': 0.0}, u'Year': {u'generate_derivative': False, u'sendToInput': u'main', u'rescaling': u'AVGSTD', u'role': u'INPUT', u'customHandlingCode': u'', u'customProcessorWantsMatrix': False, u'numerical_handling': u'REGULAR', u'binarize_threshold_mode': u'MEDIAN', u'state': {u'userModified': False, u'recordedMeaning': u'LongMeaning', u'autoModifiedByDSS': False}, u'missing_handling': u'DROP_ROW', u'binarize_constant_threshold': 0.0, u'quantile_bin_nb_bins': 4, u'missing_impute_with': u'MEAN', u'type': u'NUMERIC', u'impute_constant_value': 0.0}}, u'feature_generation': {u'manual_interactions': {u'interactions': []}, u'pairwise_linear': {u'behavior': u'DISABLED'}, u'categoricals_count_transformer': {u'input_features': [], u'all_features': False, u'behavior': u'DISABLED'}, u'polynomial_combinations': {u'behavior': u'DISABLED'}, u'numericals_clustering': {u'k': 0, u'input_features': [], u'all_features': False, u'behavior': u'DISABLED'}}}
[2020-04-27 15:48:06,776] [4460/MainThread] [INFO] [dataiku.doctor.multiframe] No feature selection to perform
[2020-04-27 15:48:06,776] [4460/MainThread] [INFO] [dataiku.doctor.utils.listener] START -  Preprocessing train set
[2020-04-27 15:48:06,777] [4460/MainThread] [INFO] [dataiku.doctor.multiframe] Set MF index len 20104
[2020-04-27 15:48:06,777] [4460/MainThread] [DEBUG] [dku.ml.preprocessing] FIT/PROCESS WITH Step:RemapValueToOutput
[2020-04-27 15:48:06,777] [4460/MainThread] [DEBUG] [dku.ml.preprocessing] FIT/PROCESS WITH Step:SingleColumnDropNARows (Year)
[2020-04-27 15:48:06,778] [4460/MainThread] [DEBUG] [dku.ml.preprocessing] Deleting 0 rows
[2020-04-27 15:48:06,778] [4460/MainThread] [INFO] [dataiku.doctor.multiframe] MultiFrame, dropping rows: []
[2020-04-27 15:48:06,786] [4460/MainThread] [INFO] [dku.ml.preprocessing] After SCDNA input_df=(20104, 5)
[2020-04-27 15:48:06,786] [4460/MainThread] [DEBUG] [dku.ml.preprocessing] FIT/PROCESS WITH Step:MultipleImputeMissingFromInput
[2020-04-27 15:48:06,786] [4460/MainThread] [DEBUG] [dku.ml.preprocessing] MIMIFI: Imputing with map {u'Revenue (in millions)': 2176.4106943891798, u'Rank': 249.02521886191803, u'Year': None}
[2020-04-27 15:48:06,790] [4460/MainThread] [DEBUG] [dku.ml.preprocessing] FIT/PROCESS WITH Step:RescalingProcessor2 (Revenue (in millions))
[2020-04-27 15:48:06,790] [4460/MainThread] [DEBUG] [dku.ml.preprocessing]   Rescale Revenue (in millions) (avg=2176.41069439 std=6400.92738003 shift=2176.41069439 inv_scale=0.000156227362166)
[2020-04-27 15:48:06,837] [4460/MainThread] [DEBUG] [dku.ml.preprocessing]   Rescaled Revenue (in millions) (avg=-1.28607000364e-16 std=1.0) nulls=0
[2020-04-27 15:48:06,837] [4460/MainThread] [DEBUG] [dku.ml.preprocessing] FIT/PROCESS WITH Step:RescalingProcessor2 (Rank)
[2020-04-27 15:48:06,839] [4460/MainThread] [DEBUG] [dku.ml.preprocessing]   Rescale Rank (avg=249.025218862 std=144.219905691 shift=249.025218862 inv_scale=0.0069338555951)
[2020-04-27 15:48:06,841] [4460/MainThread] [DEBUG] [dku.ml.preprocessing]   Rescaled Rank (avg=-4.3439187782e-17 std=1.0) nulls=0
[2020-04-27 15:48:06,841] [4460/MainThread] [DEBUG] [dku.ml.preprocessing] FIT/PROCESS WITH Step:RescalingProcessor2 (Year)
[2020-04-27 15:48:06,842] [4460/MainThread] [DEBUG] [dku.ml.preprocessing]   Rescale Year (avg=1974.79735376 std=11.7832241956 shift=1974.79735376 inv_scale=0.0848664154567)
[2020-04-27 15:48:06,845] [4460/MainThread] [DEBUG] [dku.ml.preprocessing]   Rescaled Year (avg=-1.40401905073e-14 std=1.0) nulls=0
[2020-04-27 15:48:06,845] [4460/MainThread] [DEBUG] [dku.ml.preprocessing] FIT/PROCESS WITH Step:FlushDFBuilder(num_flagonly)
[2020-04-27 15:48:06,845] [4460/MainThread] [DEBUG] [dku.ml.preprocessing] FIT/PROCESS WITH Step:FastSparseDummifyProcessor (Company)
[2020-04-27 15:48:06,856] [4460/MainThread] [DEBUG] [dku.ml.preprocessing] Dummifier: Append a sparse block shape=(20104, 102) nnz=4159
[2020-04-27 15:48:06,856] [4460/MainThread] [DEBUG] [dku.ml.preprocessing] FIT/PROCESS WITH Step:MultipleImputeMissingFromInput
[2020-04-27 15:48:06,856] [4460/MainThread] [DEBUG] [dku.ml.preprocessing] MIMIFI: Imputing with map {}
[2020-04-27 15:48:06,856] [4460/MainThread] [DEBUG] [dku.ml.preprocessing] FIT/PROCESS WITH Step:FlushDFBuilder(cat_flagpresence)
[2020-04-27 15:48:06,856] [4460/MainThread] [DEBUG] [dku.ml.preprocessing] FIT/PROCESS WITH Step:MultipleImputeMissingFromInput
[2020-04-27 15:48:06,856] [4460/MainThread] [DEBUG] [dku.ml.preprocessing] MIMIFI: Imputing with map {}
[2020-04-27 15:48:06,856] [4460/MainThread] [DEBUG] [dku.ml.preprocessing] FIT/PROCESS WITH Step:FlushDFBuilder(interaction)
[2020-04-27 15:48:06,856] [4460/MainThread] [DEBUG] [dku.ml.preprocessing] FIT/PROCESS WITH Step:RealignTarget
[2020-04-27 15:48:06,856] [4460/MainThread] [DEBUG] [dku.ml.preprocessing] Realign target series = (20104,)
[2020-04-27 15:48:06,860] [4460/MainThread] [DEBUG] [dku.ml.preprocessing] After realign target: (20104,)
[2020-04-27 15:48:06,860] [4460/MainThread] [DEBUG] [dku.ml.preprocessing] FIT/PROCESS WITH Step:DropRowsWhereNoTarget
[2020-04-27 15:48:06,861] [4460/MainThread] [DEBUG] [dku.ml.preprocessing] Deleting 0 rows because no target
[2020-04-27 15:48:06,861] [4460/MainThread] [DEBUG] [dku.ml.preprocessing] MF before = (20104, 105) target before = (20104,)
[2020-04-27 15:48:06,865] [4460/MainThread] [INFO] [dataiku.doctor.multiframe] MultiFrame, dropping rows: []
[2020-04-27 15:48:06,886] [4460/MainThread] [DEBUG] [dku.ml.preprocessing] After DRWNT input_df=(20104, 5)
[2020-04-27 15:48:06,886] [4460/MainThread] [DEBUG] [dku.ml.preprocessing] MF after = (20104, 105) target after = (20104,)
[2020-04-27 15:48:06,886] [4460/MainThread] [DEBUG] [dku.ml.preprocessing] FIT/PROCESS WITH Step:DumpPipelineState
[2020-04-27 15:48:06,886] [4460/MainThread] [DEBUG] [dku.ml.preprocessing] ********* Pipeline state (Before feature selection)
[2020-04-27 15:48:06,886] [4460/MainThread] [DEBUG] [dku.ml.preprocessing]    input_df= (20104, 5) 
[2020-04-27 15:48:06,886] [4460/MainThread] [DEBUG] [dku.ml.preprocessing]    current_mf=(20104, 105) 
[2020-04-27 15:48:06,887] [4460/MainThread] [DEBUG] [dku.ml.preprocessing]    PPR: 
[2020-04-27 15:48:06,887] [4460/MainThread] [DEBUG] [dku.ml.preprocessing]       target = <class 'pandas.core.series.Series'> ((20104,))
[2020-04-27 15:48:06,887] [4460/MainThread] [DEBUG] [dku.ml.preprocessing] FIT/PROCESS WITH Step:EmitCurrentMFAsResult
[2020-04-27 15:48:06,887] [4460/MainThread] [INFO] [dataiku.doctor.multiframe] Set MF index len 20104
[2020-04-27 15:48:06,888] [4460/MainThread] [DEBUG] [dku.ml.preprocessing] FIT/PROCESS WITH Step:DumpPipelineState
[2020-04-27 15:48:06,888] [4460/MainThread] [DEBUG] [dku.ml.preprocessing] ********* Pipeline state (At end)
[2020-04-27 15:48:06,888] [4460/MainThread] [DEBUG] [dku.ml.preprocessing]    input_df= (20104, 5) 
[2020-04-27 15:48:06,888] [4460/MainThread] [DEBUG] [dku.ml.preprocessing]    current_mf=(0, 0) 
[2020-04-27 15:48:06,888] [4460/MainThread] [DEBUG] [dku.ml.preprocessing]    PPR: 
[2020-04-27 15:48:06,888] [4460/MainThread] [DEBUG] [dku.ml.preprocessing]       UNPROCESSED = <class 'pandas.core.frame.DataFrame'> ((20104, 5))
[2020-04-27 15:48:06,888] [4460/MainThread] [DEBUG] [dku.ml.preprocessing]       TRAIN = <class 'dataiku.doctor.multiframe.MultiFrame'> ((20104, 105))
[2020-04-27 15:48:06,888] [4460/MainThread] [DEBUG] [dku.ml.preprocessing]       target = <class 'pandas.core.series.Series'> ((20104,))
[2020-04-27 15:48:06,892] [4460/MainThread] [INFO] [dataiku.doctor.utils.listener] END -  Preprocessing train set
[2020-04-27 15:48:06,893] [4460/MainThread] [INFO] [dataiku.doctor.utils.listener] START -  Preprocessing test set
[2020-04-27 15:48:06,894] [4460/MainThread] [INFO] [dataiku.doctor.multiframe] Set MF index len 5027
[2020-04-27 15:48:06,894] [4460/MainThread] [DEBUG] [dku.ml.preprocessing] PROCESS WITH Step:RemapValueToOutput
[2020-04-27 15:48:06,894] [4460/MainThread] [DEBUG] [dku.ml.preprocessing] PROCESS WITH Step:SingleColumnDropNARows (Year)
[2020-04-27 15:48:06,895] [4460/MainThread] [DEBUG] [dku.ml.preprocessing] Deleting 0 rows
[2020-04-27 15:48:06,895] [4460/MainThread] [INFO] [dataiku.doctor.multiframe] MultiFrame, dropping rows: []
[2020-04-27 15:48:06,898] [4460/MainThread] [INFO] [dku.ml.preprocessing] After SCDNA input_df=(5027, 5)
[2020-04-27 15:48:06,898] [4460/MainThread] [DEBUG] [dku.ml.preprocessing] PROCESS WITH Step:MultipleImputeMissingFromInput
[2020-04-27 15:48:06,898] [4460/MainThread] [DEBUG] [dku.ml.preprocessing] MIMIFI: Imputing with map {u'Revenue (in millions)': 2176.4106943891798, u'Rank': 249.02521886191803, u'Year': None}
[2020-04-27 15:48:06,900] [4460/MainThread] [DEBUG] [dku.ml.preprocessing] PROCESS WITH Step:RescalingProcessor2 (Revenue (in millions))
[2020-04-27 15:48:06,901] [4460/MainThread] [DEBUG] [dku.ml.preprocessing]   Rescale Revenue (in millions) (avg=12817.4724289 std=19873.2746825 shift=2176.41069439 inv_scale=0.000156227362166)
[2020-04-27 15:48:06,902] [4460/MainThread] [DEBUG] [dku.ml.preprocessing]   Rescaled Revenue (in millions) (avg=1.66242500543 std=3.10474928125) nulls=0
[2020-04-27 15:48:06,902] [4460/MainThread] [DEBUG] [dku.ml.preprocessing] PROCESS WITH Step:RescalingProcessor2 (Rank)
[2020-04-27 15:48:06,902] [4460/MainThread] [DEBUG] [dku.ml.preprocessing]   Rescale Rank (avg=252.62243883 std=145.310568915 shift=249.025218862 inv_scale=0.0069338555951)
[2020-04-27 15:48:06,905] [4460/MainThread] [DEBUG] [dku.ml.preprocessing]   Rescaled Rank (avg=0.0249426038047 std=1.0075625013) nulls=0
[2020-04-27 15:48:06,905] [4460/MainThread] [DEBUG] [dku.ml.preprocessing] PROCESS WITH Step:RescalingProcessor2 (Year)
[2020-04-27 15:48:06,905] [4460/MainThread] [DEBUG] [dku.ml.preprocessing]   Rescale Year (avg=2000.44042172 std=2.91779214544 shift=1974.79735376 inv_scale=0.0848664154567)
[2020-04-27 15:48:06,906] [4460/MainThread] [DEBUG] [dku.ml.preprocessing]   Rescaled Year (avg=2.17623525927 std=0.247622560431) nulls=0
[2020-04-27 15:48:06,906] [4460/MainThread] [DEBUG] [dku.ml.preprocessing] PROCESS WITH Step:FlushDFBuilder(num_flagonly)
[2020-04-27 15:48:06,906] [4460/MainThread] [DEBUG] [dku.ml.preprocessing] PROCESS WITH Step:FastSparseDummifyProcessor (Company)
[2020-04-27 15:48:06,912] [4460/MainThread] [DEBUG] [dku.ml.preprocessing] Dummifier: Append a sparse block shape=(5027, 102) nnz=813
[2020-04-27 15:48:06,912] [4460/MainThread] [DEBUG] [dku.ml.preprocessing] PROCESS WITH Step:MultipleImputeMissingFromInput
[2020-04-27 15:48:06,912] [4460/MainThread] [DEBUG] [dku.ml.preprocessing] MIMIFI: Imputing with map {}
[2020-04-27 15:48:06,912] [4460/MainThread] [DEBUG] [dku.ml.preprocessing] PROCESS WITH Step:FlushDFBuilder(cat_flagpresence)
[2020-04-27 15:48:06,912] [4460/MainThread] [DEBUG] [dku.ml.preprocessing] PROCESS WITH Step:MultipleImputeMissingFromInput
[2020-04-27 15:48:06,912] [4460/MainThread] [DEBUG] [dku.ml.preprocessing] MIMIFI: Imputing with map {}
[2020-04-27 15:48:06,912] [4460/MainThread] [DEBUG] [dku.ml.preprocessing] PROCESS WITH Step:FlushDFBuilder(interaction)
[2020-04-27 15:48:06,912] [4460/MainThread] [DEBUG] [dku.ml.preprocessing] PROCESS WITH Step:RealignTarget
[2020-04-27 15:48:06,912] [4460/MainThread] [DEBUG] [dku.ml.preprocessing] Realign target series = (5027,)
[2020-04-27 15:48:06,914] [4460/MainThread] [DEBUG] [dku.ml.preprocessing] After realign target: (5027,)
[2020-04-27 15:48:06,914] [4460/MainThread] [DEBUG] [dku.ml.preprocessing] PROCESS WITH Step:DropRowsWhereNoTarget
[2020-04-27 15:48:06,914] [4460/MainThread] [DEBUG] [dku.ml.preprocessing] Deleting 0 rows because no target
[2020-04-27 15:48:06,914] [4460/MainThread] [DEBUG] [dku.ml.preprocessing] MF before = (5027, 105) target before = (5027,)
[2020-04-27 15:48:06,916] [4460/MainThread] [INFO] [dataiku.doctor.multiframe] MultiFrame, dropping rows: []
[2020-04-27 15:48:06,924] [4460/MainThread] [DEBUG] [dku.ml.preprocessing] After DRWNT input_df=(5027, 5)
[2020-04-27 15:48:06,924] [4460/MainThread] [DEBUG] [dku.ml.preprocessing] MF after = (5027, 105) target after = (5027,)
[2020-04-27 15:48:06,924] [4460/MainThread] [DEBUG] [dku.ml.preprocessing] PROCESS WITH Step:DumpPipelineState
[2020-04-27 15:48:06,924] [4460/MainThread] [DEBUG] [dku.ml.preprocessing] ********* Pipeline state (Before feature selection)
[2020-04-27 15:48:06,924] [4460/MainThread] [DEBUG] [dku.ml.preprocessing]    input_df= (5027, 5) 
[2020-04-27 15:48:06,925] [4460/MainThread] [DEBUG] [dku.ml.preprocessing]    current_mf=(5027, 105) 
[2020-04-27 15:48:06,925] [4460/MainThread] [DEBUG] [dku.ml.preprocessing]    PPR: 
[2020-04-27 15:48:06,925] [4460/MainThread] [DEBUG] [dku.ml.preprocessing]       target = <class 'pandas.core.series.Series'> ((5027,))
[2020-04-27 15:48:06,925] [4460/MainThread] [DEBUG] [dku.ml.preprocessing] PROCESS WITH Step:EmitCurrentMFAsResult
[2020-04-27 15:48:06,925] [4460/MainThread] [INFO] [dataiku.doctor.multiframe] Set MF index len 5027
[2020-04-27 15:48:06,925] [4460/MainThread] [DEBUG] [dku.ml.preprocessing] PROCESS WITH Step:DumpPipelineState
[2020-04-27 15:48:06,925] [4460/MainThread] [DEBUG] [dku.ml.preprocessing] ********* Pipeline state (At end)
[2020-04-27 15:48:06,925] [4460/MainThread] [DEBUG] [dku.ml.preprocessing]    input_df= (5027, 5) 
[2020-04-27 15:48:06,925] [4460/MainThread] [DEBUG] [dku.ml.preprocessing]    current_mf=(0, 0) 
[2020-04-27 15:48:06,925] [4460/MainThread] [DEBUG] [dku.ml.preprocessing]    PPR: 
[2020-04-27 15:48:06,925] [4460/MainThread] [DEBUG] [dku.ml.preprocessing]       UNPROCESSED = <class 'pandas.core.frame.DataFrame'> ((5027, 5))
[2020-04-27 15:48:06,926] [4460/MainThread] [DEBUG] [dku.ml.preprocessing]       TRAIN = <class 'dataiku.doctor.multiframe.MultiFrame'> ((5027, 105))
[2020-04-27 15:48:06,926] [4460/MainThread] [DEBUG] [dku.ml.preprocessing]       target = <class 'pandas.core.series.Series'> ((5027,))
[2020-04-27 15:48:06,926] [4460/MainThread] [INFO] [dataiku.doctor.utils.listener] END -  Preprocessing test set
[2020-04-27 15:48:06,926] [4460/MainThread] [INFO] [dataiku.doctor.utils.listener] START -  Grid searching
[2020-04-27 15:48:06,938] [4460/MainThread] [DEBUG] [dku.ml.preprocessing] Deleting 0 rows
[2020-04-27 15:48:06,941] [4460/MainThread] [INFO] [dataiku.doctor.multiframe] MultiFrame, dropping rows: []
[2020-04-27 15:48:06,949] [4460/MainThread] [INFO] [dataiku.doctor.prediction.common] prepare multiframe shape=(20104,105) tn=2110920 nnz=64471 fill_ratio=0.03
[2020-04-27 15:48:06,949] [4460/MainThread] [INFO] [dataiku.doctor.prediction.common] too small, using array
[2020-04-27 15:48:06,977] [4460/MainThread] [INFO] [dataiku.doctor.prediction.common] Create CLF from params: {u'computeLearningCurves': False, u'ridge_grid': {u'alpha': {u'gridMode': u'EXPLICIT', u'values': [0.1, 1.0, 3.0], u'nValues': 0}, u'alphaMode': u'MANUAL', u'enabled': True}, u'algorithm': u'RIDGE_REGRESSION', u'grid_search_params': {u'nIter': 0, u'nJobs': 4, u'strategy': u'GRID', u'randomized': True, u'shuffleIterations': 1, u'mode': u'TIME_SERIES_KFOLD', u'timeout': 0, u'splitRatio': 0.8, u'nFolds': 3, u'stratified': True}, u'autoOptimizeThreshold': True, u'gridLength': 3, u'metrics': {u'customEvaluationMetricNeedsProba': False, u'evaluationMetric': u'R2', u'liftPoint': 0.4, u'costMatrixWeights': {u'fnGain': 0.0, u'tpGain': 1.0, u'tnGain': 0.0, u'fpGain': -0.3}, u'customEvaluationMetricGIB': True}, u'forcedClassifierThreshold': 0.0, u'skipExpensiveReports': False, u'max_ensemble_nodes_serialized': 0, u'pluginAlgoCustomGridSearch': False} for algorithm RIDGE_REGRESSION
[2020-04-27 15:48:06,977] [4460/MainThread] [INFO] [root] Using Time Series CV with k=3
[2020-04-27 15:48:06,977] [4460/MainThread] [INFO] [dataiku.doctor.crossval.grid_search_cv] Building Gridsearcher for hyperparameters space: <dataiku.doctor.prediction.common.HyperparametersSpace object at 0x11a40b4d0>
[2020-04-27 15:48:06,979] [4460/MainThread] [INFO] [dataiku.doctor.crossval.grid_search_cv] Fitting 3 folds for each of 3 candidates, totalling 9 fits
[Parallel(n_jobs=4)]: Using backend ThreadingBackend with 4 concurrent workers.
[2020-04-27 15:48:06,990] [4460/GS-123145369784320] [INFO] [dataiku.doctor.crossval.grid_search_cv] Fit  p=0 s=0: alpha=0.1 .......................................................
[2020-04-27 15:48:06,992] [4460/GS-123145373990912] [INFO] [dataiku.doctor.crossval.grid_search_cv] Fit  p=0 s=1: alpha=0.1 .......................................................
[2020-04-27 15:48:06,998] [4460/GS-123145378197504] [INFO] [dataiku.doctor.crossval.grid_search_cv] Fit  p=0 s=2: alpha=0.1 .......................................................
[2020-04-27 15:48:07,046] [4460/GS-123145382404096] [INFO] [dataiku.doctor.crossval.grid_search_cv] Fit  p=2 s=0: alpha=3.0 .......................................................
[2020-04-27 15:48:07,085] [4460/GS-123145369784320] [INFO] [dataiku.doctor.crossval.grid_search_cv] Done p=0 s=0: alpha=0.1 (ft=0.1s st=0.0s sc=0.849441621986)
[2020-04-27 15:48:07,092] [4460/GS-123145369784320] [INFO] [dataiku.doctor.crossval.grid_search_cv] Fit  p=2 s=1: alpha=3.0 .......................................................
[2020-04-27 15:48:07,336] [4460/GS-123145382404096] [INFO] [dataiku.doctor.crossval.grid_search_cv] Done p=2 s=0: alpha=3.0 (ft=0.2s st=0.0s sc=0.466442508521)
[2020-04-27 15:48:07,341] [4460/GS-123145382404096] [INFO] [dataiku.doctor.crossval.grid_search_cv] Fit  p=2 s=2: alpha=3.0 .......................................................
[2020-04-27 15:48:07,439] [4460/GS-123145378197504] [INFO] [dataiku.doctor.crossval.grid_search_cv] Done p=0 s=2: alpha=0.1 (ft=0.4s st=0.1s sc=0.129152424879)
[2020-04-27 15:48:07,464] [4460/GS-123145378197504] [INFO] [dataiku.doctor.crossval.grid_search_cv] Fit  p=1 s=0: alpha=1.0 .......................................................
[2020-04-27 15:48:07,877] [4460/GS-123145373990912] [INFO] [dataiku.doctor.crossval.grid_search_cv] Done p=0 s=1: alpha=0.1 (ft=0.4s st=0.5s sc=0.698454637762)
[2020-04-27 15:48:07,893] [4460/GS-123145373990912] [INFO] [dataiku.doctor.crossval.grid_search_cv] Fit  p=1 s=1: alpha=1.0 .......................................................
[2020-04-27 15:48:07,894] [4460/GS-123145369784320] [INFO] [dataiku.doctor.crossval.grid_search_cv] Done p=2 s=1: alpha=3.0 (ft=0.8s st=0.0s sc=0.381156766835)
[2020-04-27 15:48:07,896] [4460/GS-123145378197504] [INFO] [dataiku.doctor.crossval.grid_search_cv] Done p=1 s=0: alpha=1.0 (ft=0.4s st=0.0s sc=0.693827079524)
[2020-04-27 15:48:07,903] [4460/GS-123145369784320] [INFO] [dataiku.doctor.crossval.grid_search_cv] Fit  p=1 s=2: alpha=1.0 .......................................................
[2020-04-27 15:48:07,930] [4460/GS-123145382404096] [INFO] [dataiku.doctor.crossval.grid_search_cv] Done p=2 s=2: alpha=3.0 (ft=0.5s st=0.1s sc=0.12716534705)
[2020-04-27 15:48:07,988] [4460/GS-123145373990912] [INFO] [dataiku.doctor.crossval.grid_search_cv] Done p=1 s=1: alpha=1.0 (ft=0.1s st=0.0s sc=0.588804832774)
[2020-04-27 15:48:07,998] [4460/GS-123145369784320] [INFO] [dataiku.doctor.crossval.grid_search_cv] Done p=1 s=2: alpha=1.0 (ft=0.1s st=0.0s sc=0.174153737275)
[Parallel(n_jobs=4)]: Done   9 out of   9 | elapsed:    1.0s finished
[2020-04-27 15:48:09,014] [4460/MainThread] [INFO] [dataiku.doctor.crossval.grid_search_cv] Grid search ended, got 9 scores out of 9
[2020-04-27 15:48:09,015] [4460/MainThread] [INFO] [dataiku.doctor.crossval.grid_search_cv] Grid search done, best_parameters being : {'alpha': 0.1}
[2020-04-27 15:48:09,017] [4460/MainThread] [INFO] [dataiku.doctor.utils.listener] END -  Grid searching
[2020-04-27 15:48:09,017] [4460/MainThread] [INFO] [dataiku.doctor.utils.listener] START -  Fitting model
[2020-04-27 15:48:09,018] [4460/MainThread] [INFO] [dataiku.doctor.prediction.common] Fitting model:
[2020-04-27 15:48:09,019] [4460/MainThread] [INFO] [dataiku.doctor.prediction.common]   Model is: Ridge(alpha=0.1, copy_X=True, fit_intercept=True, max_iter=None,
   normalize=True, random_state=None, solver='auto', tol=0.001)
[2020-04-27 15:48:09,020] [4460/MainThread] [INFO] [dataiku.doctor.prediction.common]   train_X class: <type 'numpy.ndarray'>
[2020-04-27 15:48:09,020] [4460/MainThread] [INFO] [dataiku.doctor.prediction.common]   train_X shape: (20104, 105)
[2020-04-27 15:48:09,020] [4460/MainThread] [INFO] [dataiku.doctor.prediction.common]   train_y shape: (20104,)
[2020-04-27 15:48:09,020] [4460/MainThread] [INFO] [dataiku.doctor.prediction.common]   calibration enabled: a sub-sample of the train data has been saved for calibration
[2020-04-27 15:48:09,626] [4460/MainThread] [INFO] [dataiku.doctor.prediction.regression_fit] Output params are {'resolved': {'ridge': {'alpha': 0.1}, 'skipExpensiveReports': False, 'algorithm': u'RIDGE_REGRESSION'}, 'other': {}}
[2020-04-27 15:48:09,626] [4460/MainThread] [INFO] [dataiku.doctor.utils.listener] END -  Fitting model
[2020-04-27 15:48:09,626] [4460/MainThread] [INFO] [dataiku.doctor.utils.listener] START -  Saving model
[2020-04-27 15:48:09,630] [4460/MainThread] [INFO] [dataiku.doctor.utils.listener] END -  Saving model
[2020-04-27 15:48:09,630] [4460/MainThread] [INFO] [dataiku.doctor.utils.listener] START -  Scoring model
[2020-04-27 15:48:09,634] [4460/MainThread] [INFO] [dataiku.doctor.prediction.regression_scoring] Intrinsic scoring
[2020-04-27 15:48:09,634] [4460/MainThread] [INFO] [dataiku.doctor.prediction.regression_scoring] Extracting rescalers
[2020-04-27 15:48:09,635] [4460/MainThread] [INFO] [dataiku.doctor.prediction.regression_scoring] Computing regression coeffs
[2020-04-27 15:48:09,688] [4460/MainThread] [INFO] [dataiku.doctor.prediction.scoring_base] Coefs: [ 8.02137795e+01 -2.59203883e+01  1.44978446e+02  2.16217819e+01
 -3.28203775e+01  3.14897224e+00 -3.45853331e+01  2.17973833e+02
  1.47607864e+03 -1.55362948e+02  4.02024029e+02 -1.04992504e+02
 -4.21025047e+01  1.61287821e+01  3.64291091e+01 -6.21855163e+00
  2.83382405e+02  9.95630042e+01  6.39419640e+01 -1.50625710e+01
 -5.52575223e+00  2.52898352e+02 -2.37429301e+01 -1.24034976e+02
  2.33778372e+02 -3.11834172e+01  4.56881567e+02  3.12100457e+01
  4.03400660e+01 -2.59220817e+01  1.14826756e+02 -1.36739286e+01
  1.11329246e+02  2.18855931e+01 -1.64937066e+02  2.10337740e+02
 -5.37066367e+01  4.43245678e+01  1.55260329e+01 -1.49138622e+02
 -5.36515397e+00  2.58599828e+02  6.49142365e-01  1.68195102e+01
 -9.82308507e+00  6.59625555e+00 -6.09902683e+01  4.31284899e+01
 -5.08189100e+01  2.51890220e+01  1.00365775e+02  1.32783553e+01
  1.89092190e+02  3.14586578e+02  4.41809747e+01 -3.62085510e+01
  1.30806530e+01 -1.10412617e+01 -1.61490950e+02 -1.61349091e+01
 -6.66510666e+01  9.56344166e+02 -2.56152699e+01  7.65116275e+00
 -8.71607965e+00 -1.69518315e+01 -7.62511615e+01  4.37962118e+01
 -3.43545871e+01  1.90602901e+02 -2.36560910e+01 -1.86661999e+01
 -4.13607490e+01  8.29758524e+01 -5.02973117e+01 -4.19022786e+01
 -8.71669142e+00  5.07754718e+01  9.62388941e+01  2.03270602e+02
  6.40785855e+01  3.64650126e+02 -3.45365060e+01  7.59908876e+02
  6.25724476e+01  1.23888817e+01  7.61321068e+00 -7.79776375e+01
  3.93554120e+00  1.08197224e+01 -6.33690965e+01  4.38038893e+01
  5.14456355e+02 -1.87704022e+01 -8.11047606e+00  2.71447522e+02
  4.13049988e-01  2.16973676e+02  9.37909564e+00  2.38803802e+02
 -3.69807919e+01  2.78757179e+02 -4.14753505e+01 -1.28490982e+01
  5.81627547e+01  0.00000000e+00]
[2020-04-27 15:48:09,689] [4460/MainThread] [INFO] [dataiku.doctor.prediction.scoring_base] Sample variance: 104531.2378821473
[2020-04-27 15:48:10,180] [4460/MainThread] [INFO] [dataiku.doctor.prediction.scoring_base] Singular variance matrix
[2020-04-27 15:48:10,188] [4460/MainThread] [INFO] [dataiku.doctor.prediction.common] prepare multiframe shape=(5027,105) tn=527835 nnz=15894 fill_ratio=0.03
[2020-04-27 15:48:10,188] [4460/MainThread] [INFO] [dataiku.doctor.prediction.common] too small, using array
[2020-04-27 15:48:10,195] [4460/MainThread] [INFO] [dataiku.doctor.prediction.regression_scoring] Creating predictions on test set
[2020-04-27 15:48:10,207] [4460/MainThread] [INFO] [dataiku.doctor.prediction.regression_scoring] Computing regression performance on [ 91.89488756  91.65627037  91.46295238 ... 123.81900146 123.32670875
 123.08809156]
[2020-04-27 15:48:10,275] [4460/MainThread] [INFO] [dataiku.doctor.utils.metrics] Negative values, not computing RMSLE
[2020-04-27 15:48:10,407] [4460/MainThread] [INFO] [dataiku.doctor.utils.listener] END -  Scoring model
[2020/04/27-15:48:10.417] [MRT-1804] [INFO] [dku.block.link.interaction]  - Check result for nullity exceptionIfNull=true result=not null
[2020/04/27-15:48:10.419] [MRT-1804] [INFO] [dku.analysis.prediction]  - Training returned ok
[2020/04/27-15:48:10.421] [MRT-1804] [INFO] [dku.ml.versioning]  - Dumping version info {"trainedWithDSSVersion":"7.0.1","trainedWithDSSConfVersion":"7000","trainedWithDSSBackend":"PY_MEMORY","backendCompatibilityVersion":18} in /Users/gerryleonugroho/Library/DataScienceStudio/dss_home/analysis-data/FORTUNE500/yHY7DSLk/bN8FvxtW/sessions/s2/pp2/m1
[2020/04/27-15:48:10.430] [KNL-python-single-command-kernel-out-1815] [DEBUG] [process]  - StreamToLine: EOF (stream closed)
[2020/04/27-15:48:10.431] [KNL-python-single-command-kernel-err-1816] [DEBUG] [process]  - StreamToLine: EOF (stream closed)
[2020/04/27-15:48:10.459] [KNL-python-single-command-kernel-monitor-1814] [INFO] [dku.kernels]  - Process done with code 143
[2020/04/27-15:48:41.067] [FT-TrainWorkThread-LyWYbVa0-1801] [INFO] [dku.analysis.ml.python] T-bN8FvxtW - Processing thread joined ...
[2020/04/27-15:48:41.070] [FT-TrainWorkThread-LyWYbVa0-1801] [INFO] [dku.analysis.ml.python] T-bN8FvxtW - Joining processing thread ...
[2020/04/27-15:48:41.071] [FT-TrainWorkThread-LyWYbVa0-1801] [INFO] [dku.analysis.ml.python] T-bN8FvxtW - Processing thread joined ...
[2020/04/27-15:48:41.072] [FT-TrainWorkThread-LyWYbVa0-1801] [INFO] [dku.analysis.prediction] T-bN8FvxtW - Train done
[2020/04/27-15:48:41.072] [FT-TrainWorkThread-LyWYbVa0-1801] [INFO] [dku.analysis.prediction] T-bN8FvxtW - Train done
[2020/04/27-15:48:41.159] [FT-TrainWorkThread-LyWYbVa0-1801] [INFO] [dku.analysis.prediction] T-bN8FvxtW - Publishing mltask-train-done reflected event
